2024-05-10 11:34:59.209 [info] Уровень ведения журнала: Info
2024-05-10 11:34:59.210 [info] Проверка найденного Git в: "git"
2024-05-10 11:34:59.217 [info] Используется Git "2.42.0" из "git"
2024-05-10 11:34:59.217 [info] > git rev-parse --show-toplevel [337ms]
2024-05-10 11:34:59.217 [info] > git rev-parse --git-dir --git-common-dir [57ms]
2024-05-10 11:34:59.217 [info] Open repository: /home/onetap/Documents/MyPythonProjects
2024-05-10 11:34:59.400 [info] > git rev-parse --show-toplevel [83ms]
2024-05-10 11:34:59.406 [info] > git config --get commit.template [134ms]
2024-05-10 11:34:59.560 [info] > git rev-parse --show-toplevel [104ms]
2024-05-10 11:34:59.606 [info] > git for-each-ref --format=%(refname)%00%(upstream:short)%00%(objectname)%00%(upstream:track)%00%(upstream:remotename)%00%(upstream:remoteref) refs/heads/main refs/remotes/main [97ms]
2024-05-10 11:34:59.676 [info] > git rev-parse --show-toplevel [73ms]
2024-05-10 11:34:59.695 [info] > git status -z -uall [25ms]
2024-05-10 11:34:59.895 [info] > git config --get commit.template [76ms]
2024-05-10 11:34:59.913 [info] > git for-each-ref --format=%(refname)%00%(upstream:short)%00%(objectname)%00%(upstream:track)%00%(upstream:remotename)%00%(upstream:remoteref) refs/heads/main refs/remotes/main [25ms]
2024-05-10 11:35:00.014 [info] > git status -z -uall [41ms]
2024-05-10 11:35:00.041 [info] > git check-ignore -v -z --stdin [29ms]
2024-05-10 11:35:03.925 [info] > git show --textconv :Что-то моё/Heaven.py [101ms]
2024-05-10 11:35:03.943 [info] > git ls-files --stage -- /home/onetap/Documents/MyPythonProjects/Что-то моё/Heaven.py [68ms]
2024-05-10 11:35:04.068 [info] > git cat-file -s 5703f09cd468f64a425fe2b698ff8979f0981833 [50ms]
2024-05-10 11:36:39.245 [info] > git config --get commit.template [32ms]
2024-05-10 11:36:39.253 [info] > git for-each-ref --format=%(refname)%00%(upstream:short)%00%(objectname)%00%(upstream:track)%00%(upstream:remotename)%00%(upstream:remoteref) refs/heads/main refs/remotes/main [11ms]
2024-05-10 11:36:39.325 [info] > git status -z -uall [18ms]
2024-05-10 11:40:24.311 [info] > git config --get commit.template [31ms]
2024-05-10 11:40:24.320 [info] > git for-each-ref --format=%(refname)%00%(upstream:short)%00%(objectname)%00%(upstream:track)%00%(upstream:remotename)%00%(upstream:remoteref) refs/heads/main refs/remotes/main [13ms]
2024-05-10 11:40:24.359 [info] > git status -z -uall [13ms]
2024-05-10 11:47:25.163 [info] > git config --get commit.template [44ms]
2024-05-10 11:47:25.175 [info] > git for-each-ref --format=%(refname)%00%(upstream:short)%00%(objectname)%00%(upstream:track)%00%(upstream:remotename)%00%(upstream:remoteref) refs/heads/main refs/remotes/main [14ms]
2024-05-10 11:47:25.229 [info] > git status -z -uall [17ms]
2024-05-10 11:48:18.928 [info] > git config --get commit.template [29ms]
2024-05-10 11:48:18.938 [info] > git for-each-ref --format=%(refname)%00%(upstream:short)%00%(objectname)%00%(upstream:track)%00%(upstream:remotename)%00%(upstream:remoteref) refs/heads/main refs/remotes/main [14ms]
2024-05-10 11:48:18.971 [info] > git status -z -uall [9ms]
2024-05-10 11:53:44.354 [info] > git show --textconv :Что-то моё/russian_roullete.py [45ms]
2024-05-10 11:53:44.371 [info] > git ls-files --stage -- /home/onetap/Documents/MyPythonProjects/Что-то моё/russian_roullete.py [18ms]
2024-05-10 11:53:44.406 [info] > git cat-file -s 459954a9272b0eaaa6ba554178a7704473766316 [5ms]
2024-05-10 11:53:48.389 [info] > git show --textconv :Что-то моё/monetka.py [24ms]
2024-05-10 11:53:48.407 [info] > git ls-files --stage -- /home/onetap/Documents/MyPythonProjects/Что-то моё/monetka.py [20ms]
2024-05-10 11:53:48.445 [info] > git cat-file -s 14ba9d8722922eb825358daeb98b5d3b182873d5 [11ms]
2024-05-10 11:53:50.591 [info] > git show --textconv :Что-то моё/Egor's russian roulllete.py [52ms]
2024-05-10 11:53:50.611 [info] > git ls-files --stage -- /home/onetap/Documents/MyPythonProjects/Что-то моё/Egor's russian roulllete.py [24ms]
2024-05-10 11:53:50.713 [info] > git cat-file -s b545349a459d8afd7cd098d2b57ccff10dcb8b56 [21ms]
2024-05-10 11:53:55.667 [info] > git show --textconv :Что-то моё/saad.py [55ms]
2024-05-10 11:53:55.701 [info] > git ls-files --stage -- /home/onetap/Documents/MyPythonProjects/Что-то моё/saad.py [39ms]
2024-05-10 11:53:55.808 [info] > git cat-file -s 84963708d861a4b1abdf4ebd4559130e55febf82 [31ms]
2024-05-10 11:53:59.727 [info] > git show --textconv :Что-то моё/putin.py [49ms]
2024-05-10 11:53:59.739 [info] > git ls-files --stage -- /home/onetap/Documents/MyPythonProjects/Что-то моё/putin.py [15ms]
2024-05-10 11:53:59.766 [info] > git cat-file -s 0e396a1b75648d8d1991ccdc0bc5f6bffd73f8c3 [9ms]
2024-05-10 11:54:00.509 [info] > git show --textconv :Что-то моё/monetka.py [31ms]
2024-05-10 11:54:00.518 [info] > git ls-files --stage -- /home/onetap/Documents/MyPythonProjects/Что-то моё/monetka.py [12ms]
2024-05-10 11:54:00.583 [info] > git cat-file -s 14ba9d8722922eb825358daeb98b5d3b182873d5 [37ms]
2024-05-10 11:54:07.158 [info] > git check-ignore -v -z --stdin [3ms]
2024-05-10 11:54:08.474 [info] > git check-ignore -v -z --stdin [4ms]
2024-05-10 11:54:09.709 [info] > git show --textconv :Техникум/24_april/circle.py [75ms]
2024-05-10 11:54:09.719 [info] > git ls-files --stage -- /home/onetap/Documents/MyPythonProjects/Техникум/24_april/circle.py [26ms]
2024-05-10 11:54:09.837 [info] > git cat-file -s 6181623d059742ce99613852fdede1d2796653bd [40ms]
2024-05-10 11:54:15.153 [info] > git show --textconv :Техникум/24_april/derevo.py [70ms]
2024-05-10 11:54:15.167 [info] > git ls-files --stage -- /home/onetap/Documents/MyPythonProjects/Техникум/24_april/derevo.py [17ms]
2024-05-10 11:54:15.196 [info] > git cat-file -s 178fe99cb20232ba0c415edf6c12a10a1f9517e0 [8ms]
2024-05-10 11:54:19.217 [info] > git show --textconv :Техникум/24_april/test.py [29ms]
2024-05-10 11:54:19.231 [info] > git ls-files --stage -- /home/onetap/Documents/MyPythonProjects/Техникум/24_april/test.py [16ms]
2024-05-10 11:54:19.272 [info] > git cat-file -s 65b0bf46c4d5714c679e4d697cfcbddb5f6b8418 [13ms]
2024-05-10 11:55:03.193 [info] > git show --textconv :Техникум/4.py [61ms]
2024-05-10 11:55:03.229 [info] > git ls-files --stage -- /home/onetap/Documents/MyPythonProjects/Техникум/4.py [39ms]
2024-05-10 11:55:03.262 [info] > git cat-file -s 6375fb597ebdddce684d8491bb04c5003eb665ef [12ms]
2024-05-10 11:55:06.960 [info] > git show --textconv :Техникум/14_nov_2023_2.py [29ms]
2024-05-10 11:55:06.974 [info] > git ls-files --stage -- /home/onetap/Documents/MyPythonProjects/Техникум/14_nov_2023_2.py [17ms]
2024-05-10 11:55:07.003 [info] > git cat-file -s 6e90f6594d27f728c95accf38387dd339b342dc2 [10ms]
2024-05-10 11:55:08.297 [info] > git show --textconv :Техникум/5.py [110ms]
2024-05-10 11:55:08.352 [info] > git ls-files --stage -- /home/onetap/Documents/MyPythonProjects/Техникум/5.py [60ms]
2024-05-10 11:55:08.512 [info] > git cat-file -s 075a19be94947bf405bcbeed2dec2b224c6890ab [40ms]
2024-05-10 11:55:12.572 [info] > git show --textconv :Техникум/14_nov_2023_2.py [40ms]
2024-05-10 11:55:12.589 [info] > git ls-files --stage -- /home/onetap/Documents/MyPythonProjects/Техникум/14_nov_2023_2.py [23ms]
2024-05-10 11:55:12.652 [info] > git cat-file -s 6e90f6594d27f728c95accf38387dd339b342dc2 [30ms]
2024-05-10 11:55:15.605 [info] > git show --textconv :Техникум/28_feb_2024_2.py [77ms]
2024-05-10 11:55:15.650 [info] > git ls-files --stage -- /home/onetap/Documents/MyPythonProjects/Техникум/28_feb_2024_2.py [46ms]
2024-05-10 11:55:15.708 [info] > git cat-file -s 05e36e2b2296a1d96d854f53ed68f2ff426510d5 [16ms]
2024-05-10 11:55:49.321 [info] > git show --textconv :Техникум/trol.py [31ms]
2024-05-10 11:55:49.334 [info] > git ls-files --stage -- /home/onetap/Documents/MyPythonProjects/Техникум/trol.py [18ms]
2024-05-10 11:55:49.418 [info] > git cat-file -s 7a31eb24a2c2448b0332ed1e0be5aca6f507233f [22ms]
2024-05-10 11:55:53.832 [info] > git show --textconv :Что-то моё/Egor's russian roulllete.py [42ms]
2024-05-10 11:55:53.840 [info] > git ls-files --stage -- /home/onetap/Documents/MyPythonProjects/Что-то моё/Egor's russian roulllete.py [9ms]
2024-05-10 11:55:53.873 [info] > git cat-file -s b545349a459d8afd7cd098d2b57ccff10dcb8b56 [14ms]
2024-05-10 11:55:54.729 [info] > git show --textconv :Что-то моё/Heaven.py [43ms]
2024-05-10 11:55:54.740 [info] > git ls-files --stage -- /home/onetap/Documents/MyPythonProjects/Что-то моё/Heaven.py [13ms]
2024-05-10 11:55:54.771 [info] > git cat-file -s 5703f09cd468f64a425fe2b698ff8979f0981833 [9ms]
2024-05-10 11:55:57.056 [info] > git config --get commit.template [29ms]
2024-05-10 11:55:57.058 [info] > git for-each-ref --format=%(refname)%00%(upstream:short)%00%(objectname)%00%(upstream:track)%00%(upstream:remotename)%00%(upstream:remoteref) refs/heads/main refs/remotes/main [5ms]
2024-05-10 11:55:57.093 [info] > git status -z -uall [7ms]
2024-05-10 11:55:58.532 [info] > git merge-base refs/heads/main refs/remotes/origin/main [67ms]
2024-05-10 11:55:58.662 [info] > git rev-list --count --left-right refs/heads/main...refs/remotes/origin/main [61ms]
2024-05-10 11:56:05.770 [info] > git add -A -- . [66ms]
2024-05-10 11:56:06.032 [info] > git -c user.useConfigOnly=true commit --quiet --allow-empty-message --file - [199ms]
2024-05-10 11:56:06.094 [info] > git config --get commit.template [19ms]
2024-05-10 11:56:06.232 [info] > git config --get commit.template [59ms]
2024-05-10 11:56:06.265 [info] > git for-each-ref --format=%(refname)%00%(upstream:short)%00%(objectname)%00%(upstream:track)%00%(upstream:remotename)%00%(upstream:remoteref) refs/heads/main refs/remotes/main [41ms]
2024-05-10 11:56:06.340 [info] > git status -z -uall [9ms]
2024-05-10 11:56:06.867 [info] > git config --get commit.template [8ms]
2024-05-10 11:56:07.008 [info] > git merge-base refs/heads/main refs/remotes/origin/main [61ms]
2024-05-10 11:56:07.082 [info] > git for-each-ref --format=%(refname)%00%(upstream:short)%00%(objectname)%00%(upstream:track)%00%(upstream:remotename)%00%(upstream:remoteref) refs/heads/main refs/remotes/main [76ms]
2024-05-10 11:56:07.162 [info] > git rev-list --count --left-right refs/heads/main...refs/remotes/origin/main [85ms]
2024-05-10 11:56:07.189 [info] > git status -z -uall [30ms]
2024-05-10 11:56:07.437 [info] > git ls-files --stage -- /home/onetap/Documents/MyPythonProjects/Что-то моё/Heaven.py [14ms]
2024-05-10 11:56:07.490 [info] > git cat-file -s 3e3bc2ba7d0b746fa0ab492116006f2e9b92fe61 [15ms]
2024-05-10 11:56:07.588 [info] > git show --textconv :Что-то моё/Heaven.py [13ms]
2024-05-10 11:56:08.002 [info] > git log --oneline --cherry main...main@{upstream} -- [13ms]
2024-05-10 11:56:09.394 [info] > git ls-files --stage -- /home/onetap/Documents/MyPythonProjects/Что-то моё/Heaven.py [10ms]
2024-05-10 11:56:09.434 [info] > git cat-file -s 3e3bc2ba7d0b746fa0ab492116006f2e9b92fe61 [8ms]
2024-05-10 11:56:09.478 [info] > git show --textconv :Что-то моё/Heaven.py [10ms]
2024-05-10 11:56:11.117 [info] > git pull --tags origin main [3078ms]
2024-05-10 11:56:11.117 [info] From https://github.com/OneTapFN/MyPythonProjects
 * branch            main       -> FETCH_HEAD
2024-05-10 11:56:12.421 [info] > git ls-files --stage -- /home/onetap/Documents/MyPythonProjects/Что-то моё/Heaven.py [14ms]
2024-05-10 11:56:12.468 [info] > git cat-file -s 3e3bc2ba7d0b746fa0ab492116006f2e9b92fe61 [13ms]
2024-05-10 11:56:12.546 [info] > git show --textconv :Что-то моё/Heaven.py [15ms]
2024-05-10 11:56:13.522 [info] > git push origin main:main [2383ms]
2024-05-10 11:56:13.522 [info] To https://github.com/OneTapFN/MyPythonProjects.git
   e973024..f098108  main -> main
2024-05-10 11:56:13.581 [info] > git for-each-ref --format=%(refname)%00%(upstream:short)%00%(objectname)%00%(upstream:track)%00%(upstream:remotename)%00%(upstream:remoteref) refs/heads/main refs/remotes/main [9ms]
2024-05-10 11:56:13.583 [info] > git config --get commit.template [35ms]
2024-05-10 11:56:13.614 [info] > git status -z -uall [7ms]
2024-05-10 11:56:13.883 [info] > git merge-base refs/heads/main refs/remotes/origin/main [31ms]
2024-05-10 11:56:14.045 [info] > git rev-list --count --left-right refs/heads/main...refs/remotes/origin/main [100ms]
2024-05-10 11:56:14.734 [info] > git config --get commit.template [25ms]
2024-05-10 11:56:14.737 [info] > git for-each-ref --format=%(refname)%00%(upstream:short)%00%(objectname)%00%(upstream:track)%00%(upstream:remotename)%00%(upstream:remoteref) refs/heads/main refs/remotes/main [5ms]
2024-05-10 11:56:14.769 [info] > git status -z -uall [5ms]
2024-05-10 11:56:14.835 [info] > git ls-files --stage -- /home/onetap/Documents/MyPythonProjects/Что-то моё/Heaven.py [4ms]
2024-05-10 11:56:14.863 [info] > git cat-file -s 3e3bc2ba7d0b746fa0ab492116006f2e9b92fe61 [4ms]
2024-05-10 11:56:14.898 [info] > git show --textconv :Что-то моё/Heaven.py [5ms]
