2024-05-10 11:34:32.423 [warning] Via 'product.json#extensionEnabledApiProposals' extension 'ms-python.python' wants API proposal 'registerIssueDataProvider' but that proposal DOES NOT EXIST. Likely, the proposal has been finalized (check 'vscode.d.ts') or was abandoned.
2024-05-10 11:34:36.058 [info] Started local extension host with pid 1430.
2024-05-10 11:35:03.905 [info] [perf] Render performance baseline is -1ms
2024-05-10 11:39:45.417 [error] Invalid debug adapter: Error: Invalid debug adapter
    at v.m (vscode-file://vscode-app/nix/store/rlrxnml43nz39yvdx6ddqy2p4i8z9mpn-vscode-1.85.2/lib/vscode/resources/app/out/vs/workbench/workbench.desktop.main.js:1553:95)
    at v.$acceptDAError (vscode-file://vscode-app/nix/store/rlrxnml43nz39yvdx6ddqy2p4i8z9mpn-vscode-1.85.2/lib/vscode/resources/app/out/vs/workbench/workbench.desktop.main.js:1552:7629)
    at m.S (vscode-file://vscode-app/nix/store/rlrxnml43nz39yvdx6ddqy2p4i8z9mpn-vscode-1.85.2/lib/vscode/resources/app/out/vs/workbench/workbench.desktop.main.js:1561:18889)
    at m.Q (vscode-file://vscode-app/nix/store/rlrxnml43nz39yvdx6ddqy2p4i8z9mpn-vscode-1.85.2/lib/vscode/resources/app/out/vs/workbench/workbench.desktop.main.js:1561:18655)
    at m.M (vscode-file://vscode-app/nix/store/rlrxnml43nz39yvdx6ddqy2p4i8z9mpn-vscode-1.85.2/lib/vscode/resources/app/out/vs/workbench/workbench.desktop.main.js:1561:17748)
    at m.L (vscode-file://vscode-app/nix/store/rlrxnml43nz39yvdx6ddqy2p4i8z9mpn-vscode-1.85.2/lib/vscode/resources/app/out/vs/workbench/workbench.desktop.main.js:1561:16827)
    at o.value (vscode-file://vscode-app/nix/store/rlrxnml43nz39yvdx6ddqy2p4i8z9mpn-vscode-1.85.2/lib/vscode/resources/app/out/vs/workbench/workbench.desktop.main.js:1561:15630)
    at u.y (vscode-file://vscode-app/nix/store/rlrxnml43nz39yvdx6ddqy2p4i8z9mpn-vscode-1.85.2/lib/vscode/resources/app/out/vs/workbench/workbench.desktop.main.js:87:1902)
    at u.fire (vscode-file://vscode-app/nix/store/rlrxnml43nz39yvdx6ddqy2p4i8z9mpn-vscode-1.85.2/lib/vscode/resources/app/out/vs/workbench/workbench.desktop.main.js:87:2119)
    at s.fire (vscode-file://vscode-app/nix/store/rlrxnml43nz39yvdx6ddqy2p4i8z9mpn-vscode-1.85.2/lib/vscode/resources/app/out/vs/workbench/workbench.desktop.main.js:616:14449)
    at x.onmessage (vscode-file://vscode-app/nix/store/rlrxnml43nz39yvdx6ddqy2p4i8z9mpn-vscode-1.85.2/lib/vscode/resources/app/out/vs/workbench/workbench.desktop.main.js:1657:7802)
2024-05-10 11:39:45.421 [error] Invalid debug adapter: Error: Invalid debug adapter
    at v.m (vscode-file://vscode-app/nix/store/rlrxnml43nz39yvdx6ddqy2p4i8z9mpn-vscode-1.85.2/lib/vscode/resources/app/out/vs/workbench/workbench.desktop.main.js:1553:95)
    at v.$acceptDAExit (vscode-file://vscode-app/nix/store/rlrxnml43nz39yvdx6ddqy2p4i8z9mpn-vscode-1.85.2/lib/vscode/resources/app/out/vs/workbench/workbench.desktop.main.js:1553:35)
    at m.S (vscode-file://vscode-app/nix/store/rlrxnml43nz39yvdx6ddqy2p4i8z9mpn-vscode-1.85.2/lib/vscode/resources/app/out/vs/workbench/workbench.desktop.main.js:1561:18889)
    at m.Q (vscode-file://vscode-app/nix/store/rlrxnml43nz39yvdx6ddqy2p4i8z9mpn-vscode-1.85.2/lib/vscode/resources/app/out/vs/workbench/workbench.desktop.main.js:1561:18655)
    at m.M (vscode-file://vscode-app/nix/store/rlrxnml43nz39yvdx6ddqy2p4i8z9mpn-vscode-1.85.2/lib/vscode/resources/app/out/vs/workbench/workbench.desktop.main.js:1561:17748)
    at m.L (vscode-file://vscode-app/nix/store/rlrxnml43nz39yvdx6ddqy2p4i8z9mpn-vscode-1.85.2/lib/vscode/resources/app/out/vs/workbench/workbench.desktop.main.js:1561:16966)
    at o.value (vscode-file://vscode-app/nix/store/rlrxnml43nz39yvdx6ddqy2p4i8z9mpn-vscode-1.85.2/lib/vscode/resources/app/out/vs/workbench/workbench.desktop.main.js:1561:15630)
    at u.y (vscode-file://vscode-app/nix/store/rlrxnml43nz39yvdx6ddqy2p4i8z9mpn-vscode-1.85.2/lib/vscode/resources/app/out/vs/workbench/workbench.desktop.main.js:87:1902)
    at u.fire (vscode-file://vscode-app/nix/store/rlrxnml43nz39yvdx6ddqy2p4i8z9mpn-vscode-1.85.2/lib/vscode/resources/app/out/vs/workbench/workbench.desktop.main.js:87:2119)
    at s.fire (vscode-file://vscode-app/nix/store/rlrxnml43nz39yvdx6ddqy2p4i8z9mpn-vscode-1.85.2/lib/vscode/resources/app/out/vs/workbench/workbench.desktop.main.js:616:14449)
    at x.onmessage (vscode-file://vscode-app/nix/store/rlrxnml43nz39yvdx6ddqy2p4i8z9mpn-vscode-1.85.2/lib/vscode/resources/app/out/vs/workbench/workbench.desktop.main.js:1657:7802)
2024-05-10 11:41:13.631 [error] Invalid debug adapter: Error: Invalid debug adapter
    at v.m (vscode-file://vscode-app/nix/store/rlrxnml43nz39yvdx6ddqy2p4i8z9mpn-vscode-1.85.2/lib/vscode/resources/app/out/vs/workbench/workbench.desktop.main.js:1553:95)
    at v.$acceptDAExit (vscode-file://vscode-app/nix/store/rlrxnml43nz39yvdx6ddqy2p4i8z9mpn-vscode-1.85.2/lib/vscode/resources/app/out/vs/workbench/workbench.desktop.main.js:1553:35)
    at m.S (vscode-file://vscode-app/nix/store/rlrxnml43nz39yvdx6ddqy2p4i8z9mpn-vscode-1.85.2/lib/vscode/resources/app/out/vs/workbench/workbench.desktop.main.js:1561:18889)
    at m.Q (vscode-file://vscode-app/nix/store/rlrxnml43nz39yvdx6ddqy2p4i8z9mpn-vscode-1.85.2/lib/vscode/resources/app/out/vs/workbench/workbench.desktop.main.js:1561:18655)
    at m.M (vscode-file://vscode-app/nix/store/rlrxnml43nz39yvdx6ddqy2p4i8z9mpn-vscode-1.85.2/lib/vscode/resources/app/out/vs/workbench/workbench.desktop.main.js:1561:17748)
    at m.L (vscode-file://vscode-app/nix/store/rlrxnml43nz39yvdx6ddqy2p4i8z9mpn-vscode-1.85.2/lib/vscode/resources/app/out/vs/workbench/workbench.desktop.main.js:1561:16966)
    at o.value (vscode-file://vscode-app/nix/store/rlrxnml43nz39yvdx6ddqy2p4i8z9mpn-vscode-1.85.2/lib/vscode/resources/app/out/vs/workbench/workbench.desktop.main.js:1561:15630)
    at u.y (vscode-file://vscode-app/nix/store/rlrxnml43nz39yvdx6ddqy2p4i8z9mpn-vscode-1.85.2/lib/vscode/resources/app/out/vs/workbench/workbench.desktop.main.js:87:1902)
    at u.fire (vscode-file://vscode-app/nix/store/rlrxnml43nz39yvdx6ddqy2p4i8z9mpn-vscode-1.85.2/lib/vscode/resources/app/out/vs/workbench/workbench.desktop.main.js:87:2119)
    at s.fire (vscode-file://vscode-app/nix/store/rlrxnml43nz39yvdx6ddqy2p4i8z9mpn-vscode-1.85.2/lib/vscode/resources/app/out/vs/workbench/workbench.desktop.main.js:616:14449)
    at x.onmessage (vscode-file://vscode-app/nix/store/rlrxnml43nz39yvdx6ddqy2p4i8z9mpn-vscode-1.85.2/lib/vscode/resources/app/out/vs/workbench/workbench.desktop.main.js:1657:7802)
2024-05-10 11:41:13.636 [error] Invalid debug adapter: Error: Invalid debug adapter
    at v.m (vscode-file://vscode-app/nix/store/rlrxnml43nz39yvdx6ddqy2p4i8z9mpn-vscode-1.85.2/lib/vscode/resources/app/out/vs/workbench/workbench.desktop.main.js:1553:95)
    at v.$acceptDAError (vscode-file://vscode-app/nix/store/rlrxnml43nz39yvdx6ddqy2p4i8z9mpn-vscode-1.85.2/lib/vscode/resources/app/out/vs/workbench/workbench.desktop.main.js:1552:7629)
    at m.S (vscode-file://vscode-app/nix/store/rlrxnml43nz39yvdx6ddqy2p4i8z9mpn-vscode-1.85.2/lib/vscode/resources/app/out/vs/workbench/workbench.desktop.main.js:1561:18889)
    at m.Q (vscode-file://vscode-app/nix/store/rlrxnml43nz39yvdx6ddqy2p4i8z9mpn-vscode-1.85.2/lib/vscode/resources/app/out/vs/workbench/workbench.desktop.main.js:1561:18655)
    at m.M (vscode-file://vscode-app/nix/store/rlrxnml43nz39yvdx6ddqy2p4i8z9mpn-vscode-1.85.2/lib/vscode/resources/app/out/vs/workbench/workbench.desktop.main.js:1561:17748)
    at m.L (vscode-file://vscode-app/nix/store/rlrxnml43nz39yvdx6ddqy2p4i8z9mpn-vscode-1.85.2/lib/vscode/resources/app/out/vs/workbench/workbench.desktop.main.js:1561:16827)
    at o.value (vscode-file://vscode-app/nix/store/rlrxnml43nz39yvdx6ddqy2p4i8z9mpn-vscode-1.85.2/lib/vscode/resources/app/out/vs/workbench/workbench.desktop.main.js:1561:15630)
    at u.y (vscode-file://vscode-app/nix/store/rlrxnml43nz39yvdx6ddqy2p4i8z9mpn-vscode-1.85.2/lib/vscode/resources/app/out/vs/workbench/workbench.desktop.main.js:87:1902)
    at u.fire (vscode-file://vscode-app/nix/store/rlrxnml43nz39yvdx6ddqy2p4i8z9mpn-vscode-1.85.2/lib/vscode/resources/app/out/vs/workbench/workbench.desktop.main.js:87:2119)
    at s.fire (vscode-file://vscode-app/nix/store/rlrxnml43nz39yvdx6ddqy2p4i8z9mpn-vscode-1.85.2/lib/vscode/resources/app/out/vs/workbench/workbench.desktop.main.js:616:14449)
    at x.onmessage (vscode-file://vscode-app/nix/store/rlrxnml43nz39yvdx6ddqy2p4i8z9mpn-vscode-1.85.2/lib/vscode/resources/app/out/vs/workbench/workbench.desktop.main.js:1657:7802)
2024-05-10 11:42:37.642 [error] Invalid debug adapter: Error: Invalid debug adapter
    at v.m (vscode-file://vscode-app/nix/store/rlrxnml43nz39yvdx6ddqy2p4i8z9mpn-vscode-1.85.2/lib/vscode/resources/app/out/vs/workbench/workbench.desktop.main.js:1553:95)
    at v.$acceptDAExit (vscode-file://vscode-app/nix/store/rlrxnml43nz39yvdx6ddqy2p4i8z9mpn-vscode-1.85.2/lib/vscode/resources/app/out/vs/workbench/workbench.desktop.main.js:1553:35)
    at m.S (vscode-file://vscode-app/nix/store/rlrxnml43nz39yvdx6ddqy2p4i8z9mpn-vscode-1.85.2/lib/vscode/resources/app/out/vs/workbench/workbench.desktop.main.js:1561:18889)
    at m.Q (vscode-file://vscode-app/nix/store/rlrxnml43nz39yvdx6ddqy2p4i8z9mpn-vscode-1.85.2/lib/vscode/resources/app/out/vs/workbench/workbench.desktop.main.js:1561:18655)
    at m.M (vscode-file://vscode-app/nix/store/rlrxnml43nz39yvdx6ddqy2p4i8z9mpn-vscode-1.85.2/lib/vscode/resources/app/out/vs/workbench/workbench.desktop.main.js:1561:17748)
    at m.L (vscode-file://vscode-app/nix/store/rlrxnml43nz39yvdx6ddqy2p4i8z9mpn-vscode-1.85.2/lib/vscode/resources/app/out/vs/workbench/workbench.desktop.main.js:1561:16966)
    at o.value (vscode-file://vscode-app/nix/store/rlrxnml43nz39yvdx6ddqy2p4i8z9mpn-vscode-1.85.2/lib/vscode/resources/app/out/vs/workbench/workbench.desktop.main.js:1561:15630)
    at u.y (vscode-file://vscode-app/nix/store/rlrxnml43nz39yvdx6ddqy2p4i8z9mpn-vscode-1.85.2/lib/vscode/resources/app/out/vs/workbench/workbench.desktop.main.js:87:1902)
    at u.fire (vscode-file://vscode-app/nix/store/rlrxnml43nz39yvdx6ddqy2p4i8z9mpn-vscode-1.85.2/lib/vscode/resources/app/out/vs/workbench/workbench.desktop.main.js:87:2119)
    at s.fire (vscode-file://vscode-app/nix/store/rlrxnml43nz39yvdx6ddqy2p4i8z9mpn-vscode-1.85.2/lib/vscode/resources/app/out/vs/workbench/workbench.desktop.main.js:616:14449)
    at x.onmessage (vscode-file://vscode-app/nix/store/rlrxnml43nz39yvdx6ddqy2p4i8z9mpn-vscode-1.85.2/lib/vscode/resources/app/out/vs/workbench/workbench.desktop.main.js:1657:7802)
2024-05-10 11:42:37.645 [error] Invalid debug adapter: Error: Invalid debug adapter
    at v.m (vscode-file://vscode-app/nix/store/rlrxnml43nz39yvdx6ddqy2p4i8z9mpn-vscode-1.85.2/lib/vscode/resources/app/out/vs/workbench/workbench.desktop.main.js:1553:95)
    at v.$acceptDAError (vscode-file://vscode-app/nix/store/rlrxnml43nz39yvdx6ddqy2p4i8z9mpn-vscode-1.85.2/lib/vscode/resources/app/out/vs/workbench/workbench.desktop.main.js:1552:7629)
    at m.S (vscode-file://vscode-app/nix/store/rlrxnml43nz39yvdx6ddqy2p4i8z9mpn-vscode-1.85.2/lib/vscode/resources/app/out/vs/workbench/workbench.desktop.main.js:1561:18889)
    at m.Q (vscode-file://vscode-app/nix/store/rlrxnml43nz39yvdx6ddqy2p4i8z9mpn-vscode-1.85.2/lib/vscode/resources/app/out/vs/workbench/workbench.desktop.main.js:1561:18655)
    at m.M (vscode-file://vscode-app/nix/store/rlrxnml43nz39yvdx6ddqy2p4i8z9mpn-vscode-1.85.2/lib/vscode/resources/app/out/vs/workbench/workbench.desktop.main.js:1561:17748)
    at m.L (vscode-file://vscode-app/nix/store/rlrxnml43nz39yvdx6ddqy2p4i8z9mpn-vscode-1.85.2/lib/vscode/resources/app/out/vs/workbench/workbench.desktop.main.js:1561:16827)
    at o.value (vscode-file://vscode-app/nix/store/rlrxnml43nz39yvdx6ddqy2p4i8z9mpn-vscode-1.85.2/lib/vscode/resources/app/out/vs/workbench/workbench.desktop.main.js:1561:15630)
    at u.y (vscode-file://vscode-app/nix/store/rlrxnml43nz39yvdx6ddqy2p4i8z9mpn-vscode-1.85.2/lib/vscode/resources/app/out/vs/workbench/workbench.desktop.main.js:87:1902)
    at u.fire (vscode-file://vscode-app/nix/store/rlrxnml43nz39yvdx6ddqy2p4i8z9mpn-vscode-1.85.2/lib/vscode/resources/app/out/vs/workbench/workbench.desktop.main.js:87:2119)
    at s.fire (vscode-file://vscode-app/nix/store/rlrxnml43nz39yvdx6ddqy2p4i8z9mpn-vscode-1.85.2/lib/vscode/resources/app/out/vs/workbench/workbench.desktop.main.js:616:14449)
    at x.onmessage (vscode-file://vscode-app/nix/store/rlrxnml43nz39yvdx6ddqy2p4i8z9mpn-vscode-1.85.2/lib/vscode/resources/app/out/vs/workbench/workbench.desktop.main.js:1657:7802)
2024-05-10 11:44:10.211 [error] Invalid debug adapter: Error: Invalid debug adapter
    at v.m (vscode-file://vscode-app/nix/store/rlrxnml43nz39yvdx6ddqy2p4i8z9mpn-vscode-1.85.2/lib/vscode/resources/app/out/vs/workbench/workbench.desktop.main.js:1553:95)
    at v.$acceptDAError (vscode-file://vscode-app/nix/store/rlrxnml43nz39yvdx6ddqy2p4i8z9mpn-vscode-1.85.2/lib/vscode/resources/app/out/vs/workbench/workbench.desktop.main.js:1552:7629)
    at m.S (vscode-file://vscode-app/nix/store/rlrxnml43nz39yvdx6ddqy2p4i8z9mpn-vscode-1.85.2/lib/vscode/resources/app/out/vs/workbench/workbench.desktop.main.js:1561:18889)
    at m.Q (vscode-file://vscode-app/nix/store/rlrxnml43nz39yvdx6ddqy2p4i8z9mpn-vscode-1.85.2/lib/vscode/resources/app/out/vs/workbench/workbench.desktop.main.js:1561:18655)
    at m.M (vscode-file://vscode-app/nix/store/rlrxnml43nz39yvdx6ddqy2p4i8z9mpn-vscode-1.85.2/lib/vscode/resources/app/out/vs/workbench/workbench.desktop.main.js:1561:17748)
    at m.L (vscode-file://vscode-app/nix/store/rlrxnml43nz39yvdx6ddqy2p4i8z9mpn-vscode-1.85.2/lib/vscode/resources/app/out/vs/workbench/workbench.desktop.main.js:1561:16827)
    at o.value (vscode-file://vscode-app/nix/store/rlrxnml43nz39yvdx6ddqy2p4i8z9mpn-vscode-1.85.2/lib/vscode/resources/app/out/vs/workbench/workbench.desktop.main.js:1561:15630)
    at u.y (vscode-file://vscode-app/nix/store/rlrxnml43nz39yvdx6ddqy2p4i8z9mpn-vscode-1.85.2/lib/vscode/resources/app/out/vs/workbench/workbench.desktop.main.js:87:1902)
    at u.fire (vscode-file://vscode-app/nix/store/rlrxnml43nz39yvdx6ddqy2p4i8z9mpn-vscode-1.85.2/lib/vscode/resources/app/out/vs/workbench/workbench.desktop.main.js:87:2119)
    at s.fire (vscode-file://vscode-app/nix/store/rlrxnml43nz39yvdx6ddqy2p4i8z9mpn-vscode-1.85.2/lib/vscode/resources/app/out/vs/workbench/workbench.desktop.main.js:616:14449)
    at x.onmessage (vscode-file://vscode-app/nix/store/rlrxnml43nz39yvdx6ddqy2p4i8z9mpn-vscode-1.85.2/lib/vscode/resources/app/out/vs/workbench/workbench.desktop.main.js:1657:7802)
2024-05-10 11:44:10.212 [error] Invalid debug adapter: Error: Invalid debug adapter
    at v.m (vscode-file://vscode-app/nix/store/rlrxnml43nz39yvdx6ddqy2p4i8z9mpn-vscode-1.85.2/lib/vscode/resources/app/out/vs/workbench/workbench.desktop.main.js:1553:95)
    at v.$acceptDAExit (vscode-file://vscode-app/nix/store/rlrxnml43nz39yvdx6ddqy2p4i8z9mpn-vscode-1.85.2/lib/vscode/resources/app/out/vs/workbench/workbench.desktop.main.js:1553:35)
    at m.S (vscode-file://vscode-app/nix/store/rlrxnml43nz39yvdx6ddqy2p4i8z9mpn-vscode-1.85.2/lib/vscode/resources/app/out/vs/workbench/workbench.desktop.main.js:1561:18889)
    at m.Q (vscode-file://vscode-app/nix/store/rlrxnml43nz39yvdx6ddqy2p4i8z9mpn-vscode-1.85.2/lib/vscode/resources/app/out/vs/workbench/workbench.desktop.main.js:1561:18655)
    at m.M (vscode-file://vscode-app/nix/store/rlrxnml43nz39yvdx6ddqy2p4i8z9mpn-vscode-1.85.2/lib/vscode/resources/app/out/vs/workbench/workbench.desktop.main.js:1561:17748)
    at m.L (vscode-file://vscode-app/nix/store/rlrxnml43nz39yvdx6ddqy2p4i8z9mpn-vscode-1.85.2/lib/vscode/resources/app/out/vs/workbench/workbench.desktop.main.js:1561:16966)
    at o.value (vscode-file://vscode-app/nix/store/rlrxnml43nz39yvdx6ddqy2p4i8z9mpn-vscode-1.85.2/lib/vscode/resources/app/out/vs/workbench/workbench.desktop.main.js:1561:15630)
    at u.y (vscode-file://vscode-app/nix/store/rlrxnml43nz39yvdx6ddqy2p4i8z9mpn-vscode-1.85.2/lib/vscode/resources/app/out/vs/workbench/workbench.desktop.main.js:87:1902)
    at u.fire (vscode-file://vscode-app/nix/store/rlrxnml43nz39yvdx6ddqy2p4i8z9mpn-vscode-1.85.2/lib/vscode/resources/app/out/vs/workbench/workbench.desktop.main.js:87:2119)
    at s.fire (vscode-file://vscode-app/nix/store/rlrxnml43nz39yvdx6ddqy2p4i8z9mpn-vscode-1.85.2/lib/vscode/resources/app/out/vs/workbench/workbench.desktop.main.js:616:14449)
    at x.onmessage (vscode-file://vscode-app/nix/store/rlrxnml43nz39yvdx6ddqy2p4i8z9mpn-vscode-1.85.2/lib/vscode/resources/app/out/vs/workbench/workbench.desktop.main.js:1657:7802)
2024-05-10 11:47:12.187 [error] Invalid debug adapter: Error: Invalid debug adapter
    at v.m (vscode-file://vscode-app/nix/store/rlrxnml43nz39yvdx6ddqy2p4i8z9mpn-vscode-1.85.2/lib/vscode/resources/app/out/vs/workbench/workbench.desktop.main.js:1553:95)
    at v.$acceptDAExit (vscode-file://vscode-app/nix/store/rlrxnml43nz39yvdx6ddqy2p4i8z9mpn-vscode-1.85.2/lib/vscode/resources/app/out/vs/workbench/workbench.desktop.main.js:1553:35)
    at m.S (vscode-file://vscode-app/nix/store/rlrxnml43nz39yvdx6ddqy2p4i8z9mpn-vscode-1.85.2/lib/vscode/resources/app/out/vs/workbench/workbench.desktop.main.js:1561:18889)
    at m.Q (vscode-file://vscode-app/nix/store/rlrxnml43nz39yvdx6ddqy2p4i8z9mpn-vscode-1.85.2/lib/vscode/resources/app/out/vs/workbench/workbench.desktop.main.js:1561:18655)
    at m.M (vscode-file://vscode-app/nix/store/rlrxnml43nz39yvdx6ddqy2p4i8z9mpn-vscode-1.85.2/lib/vscode/resources/app/out/vs/workbench/workbench.desktop.main.js:1561:17748)
    at m.L (vscode-file://vscode-app/nix/store/rlrxnml43nz39yvdx6ddqy2p4i8z9mpn-vscode-1.85.2/lib/vscode/resources/app/out/vs/workbench/workbench.desktop.main.js:1561:16966)
    at o.value (vscode-file://vscode-app/nix/store/rlrxnml43nz39yvdx6ddqy2p4i8z9mpn-vscode-1.85.2/lib/vscode/resources/app/out/vs/workbench/workbench.desktop.main.js:1561:15630)
    at u.y (vscode-file://vscode-app/nix/store/rlrxnml43nz39yvdx6ddqy2p4i8z9mpn-vscode-1.85.2/lib/vscode/resources/app/out/vs/workbench/workbench.desktop.main.js:87:1902)
    at u.fire (vscode-file://vscode-app/nix/store/rlrxnml43nz39yvdx6ddqy2p4i8z9mpn-vscode-1.85.2/lib/vscode/resources/app/out/vs/workbench/workbench.desktop.main.js:87:2119)
    at s.fire (vscode-file://vscode-app/nix/store/rlrxnml43nz39yvdx6ddqy2p4i8z9mpn-vscode-1.85.2/lib/vscode/resources/app/out/vs/workbench/workbench.desktop.main.js:616:14449)
    at x.onmessage (vscode-file://vscode-app/nix/store/rlrxnml43nz39yvdx6ddqy2p4i8z9mpn-vscode-1.85.2/lib/vscode/resources/app/out/vs/workbench/workbench.desktop.main.js:1657:7802)
2024-05-10 11:47:12.194 [error] Invalid debug adapter: Error: Invalid debug adapter
    at v.m (vscode-file://vscode-app/nix/store/rlrxnml43nz39yvdx6ddqy2p4i8z9mpn-vscode-1.85.2/lib/vscode/resources/app/out/vs/workbench/workbench.desktop.main.js:1553:95)
    at v.$acceptDAError (vscode-file://vscode-app/nix/store/rlrxnml43nz39yvdx6ddqy2p4i8z9mpn-vscode-1.85.2/lib/vscode/resources/app/out/vs/workbench/workbench.desktop.main.js:1552:7629)
    at m.S (vscode-file://vscode-app/nix/store/rlrxnml43nz39yvdx6ddqy2p4i8z9mpn-vscode-1.85.2/lib/vscode/resources/app/out/vs/workbench/workbench.desktop.main.js:1561:18889)
    at m.Q (vscode-file://vscode-app/nix/store/rlrxnml43nz39yvdx6ddqy2p4i8z9mpn-vscode-1.85.2/lib/vscode/resources/app/out/vs/workbench/workbench.desktop.main.js:1561:18655)
    at m.M (vscode-file://vscode-app/nix/store/rlrxnml43nz39yvdx6ddqy2p4i8z9mpn-vscode-1.85.2/lib/vscode/resources/app/out/vs/workbench/workbench.desktop.main.js:1561:17748)
    at m.L (vscode-file://vscode-app/nix/store/rlrxnml43nz39yvdx6ddqy2p4i8z9mpn-vscode-1.85.2/lib/vscode/resources/app/out/vs/workbench/workbench.desktop.main.js:1561:16827)
    at o.value (vscode-file://vscode-app/nix/store/rlrxnml43nz39yvdx6ddqy2p4i8z9mpn-vscode-1.85.2/lib/vscode/resources/app/out/vs/workbench/workbench.desktop.main.js:1561:15630)
    at u.y (vscode-file://vscode-app/nix/store/rlrxnml43nz39yvdx6ddqy2p4i8z9mpn-vscode-1.85.2/lib/vscode/resources/app/out/vs/workbench/workbench.desktop.main.js:87:1902)
    at u.fire (vscode-file://vscode-app/nix/store/rlrxnml43nz39yvdx6ddqy2p4i8z9mpn-vscode-1.85.2/lib/vscode/resources/app/out/vs/workbench/workbench.desktop.main.js:87:2119)
    at s.fire (vscode-file://vscode-app/nix/store/rlrxnml43nz39yvdx6ddqy2p4i8z9mpn-vscode-1.85.2/lib/vscode/resources/app/out/vs/workbench/workbench.desktop.main.js:616:14449)
    at x.onmessage (vscode-file://vscode-app/nix/store/rlrxnml43nz39yvdx6ddqy2p4i8z9mpn-vscode-1.85.2/lib/vscode/resources/app/out/vs/workbench/workbench.desktop.main.js:1657:7802)
2024-05-10 11:47:27.489 [error] Server[pid=5933] disconnected unexpectedly: CodeExpectedError: Server[pid=5933] disconnected unexpectedly
    at o.Q (vscode-file://vscode-app/nix/store/rlrxnml43nz39yvdx6ddqy2p4i8z9mpn-vscode-1.85.2/lib/vscode/resources/app/out/vs/workbench/workbench.desktop.main.js:920:39221)
    at vscode-file://vscode-app/nix/store/rlrxnml43nz39yvdx6ddqy2p4i8z9mpn-vscode-1.85.2/lib/vscode/resources/app/out/vs/workbench/workbench.desktop.main.js:920:38760
    at async O.U (vscode-file://vscode-app/nix/store/rlrxnml43nz39yvdx6ddqy2p4i8z9mpn-vscode-1.85.2/lib/vscode/resources/app/out/vs/workbench/workbench.desktop.main.js:1910:18518)
2024-05-10 11:47:28.166 [error] Invalid debug adapter: Error: Invalid debug adapter
    at v.m (vscode-file://vscode-app/nix/store/rlrxnml43nz39yvdx6ddqy2p4i8z9mpn-vscode-1.85.2/lib/vscode/resources/app/out/vs/workbench/workbench.desktop.main.js:1553:95)
    at v.$acceptDAExit (vscode-file://vscode-app/nix/store/rlrxnml43nz39yvdx6ddqy2p4i8z9mpn-vscode-1.85.2/lib/vscode/resources/app/out/vs/workbench/workbench.desktop.main.js:1553:35)
    at m.S (vscode-file://vscode-app/nix/store/rlrxnml43nz39yvdx6ddqy2p4i8z9mpn-vscode-1.85.2/lib/vscode/resources/app/out/vs/workbench/workbench.desktop.main.js:1561:18889)
    at m.Q (vscode-file://vscode-app/nix/store/rlrxnml43nz39yvdx6ddqy2p4i8z9mpn-vscode-1.85.2/lib/vscode/resources/app/out/vs/workbench/workbench.desktop.main.js:1561:18655)
    at m.M (vscode-file://vscode-app/nix/store/rlrxnml43nz39yvdx6ddqy2p4i8z9mpn-vscode-1.85.2/lib/vscode/resources/app/out/vs/workbench/workbench.desktop.main.js:1561:17748)
    at m.L (vscode-file://vscode-app/nix/store/rlrxnml43nz39yvdx6ddqy2p4i8z9mpn-vscode-1.85.2/lib/vscode/resources/app/out/vs/workbench/workbench.desktop.main.js:1561:16966)
    at o.value (vscode-file://vscode-app/nix/store/rlrxnml43nz39yvdx6ddqy2p4i8z9mpn-vscode-1.85.2/lib/vscode/resources/app/out/vs/workbench/workbench.desktop.main.js:1561:15630)
    at u.y (vscode-file://vscode-app/nix/store/rlrxnml43nz39yvdx6ddqy2p4i8z9mpn-vscode-1.85.2/lib/vscode/resources/app/out/vs/workbench/workbench.desktop.main.js:87:1902)
    at u.fire (vscode-file://vscode-app/nix/store/rlrxnml43nz39yvdx6ddqy2p4i8z9mpn-vscode-1.85.2/lib/vscode/resources/app/out/vs/workbench/workbench.desktop.main.js:87:2119)
    at s.fire (vscode-file://vscode-app/nix/store/rlrxnml43nz39yvdx6ddqy2p4i8z9mpn-vscode-1.85.2/lib/vscode/resources/app/out/vs/workbench/workbench.desktop.main.js:616:14449)
    at x.onmessage (vscode-file://vscode-app/nix/store/rlrxnml43nz39yvdx6ddqy2p4i8z9mpn-vscode-1.85.2/lib/vscode/resources/app/out/vs/workbench/workbench.desktop.main.js:1657:7802)
2024-05-10 11:47:28.185 [error] Invalid debug adapter: Error: Invalid debug adapter
    at v.m (vscode-file://vscode-app/nix/store/rlrxnml43nz39yvdx6ddqy2p4i8z9mpn-vscode-1.85.2/lib/vscode/resources/app/out/vs/workbench/workbench.desktop.main.js:1553:95)
    at v.$acceptDAError (vscode-file://vscode-app/nix/store/rlrxnml43nz39yvdx6ddqy2p4i8z9mpn-vscode-1.85.2/lib/vscode/resources/app/out/vs/workbench/workbench.desktop.main.js:1552:7629)
    at m.S (vscode-file://vscode-app/nix/store/rlrxnml43nz39yvdx6ddqy2p4i8z9mpn-vscode-1.85.2/lib/vscode/resources/app/out/vs/workbench/workbench.desktop.main.js:1561:18889)
    at m.Q (vscode-file://vscode-app/nix/store/rlrxnml43nz39yvdx6ddqy2p4i8z9mpn-vscode-1.85.2/lib/vscode/resources/app/out/vs/workbench/workbench.desktop.main.js:1561:18655)
    at m.M (vscode-file://vscode-app/nix/store/rlrxnml43nz39yvdx6ddqy2p4i8z9mpn-vscode-1.85.2/lib/vscode/resources/app/out/vs/workbench/workbench.desktop.main.js:1561:17748)
    at m.L (vscode-file://vscode-app/nix/store/rlrxnml43nz39yvdx6ddqy2p4i8z9mpn-vscode-1.85.2/lib/vscode/resources/app/out/vs/workbench/workbench.desktop.main.js:1561:16827)
    at o.value (vscode-file://vscode-app/nix/store/rlrxnml43nz39yvdx6ddqy2p4i8z9mpn-vscode-1.85.2/lib/vscode/resources/app/out/vs/workbench/workbench.desktop.main.js:1561:15630)
    at u.y (vscode-file://vscode-app/nix/store/rlrxnml43nz39yvdx6ddqy2p4i8z9mpn-vscode-1.85.2/lib/vscode/resources/app/out/vs/workbench/workbench.desktop.main.js:87:1902)
    at u.fire (vscode-file://vscode-app/nix/store/rlrxnml43nz39yvdx6ddqy2p4i8z9mpn-vscode-1.85.2/lib/vscode/resources/app/out/vs/workbench/workbench.desktop.main.js:87:2119)
    at s.fire (vscode-file://vscode-app/nix/store/rlrxnml43nz39yvdx6ddqy2p4i8z9mpn-vscode-1.85.2/lib/vscode/resources/app/out/vs/workbench/workbench.desktop.main.js:616:14449)
    at x.onmessage (vscode-file://vscode-app/nix/store/rlrxnml43nz39yvdx6ddqy2p4i8z9mpn-vscode-1.85.2/lib/vscode/resources/app/out/vs/workbench/workbench.desktop.main.js:1657:7802)
2024-05-10 11:48:05.462 [error] Server[pid=6188] disconnected unexpectedly: CodeExpectedError: Server[pid=6188] disconnected unexpectedly
    at o.Q (vscode-file://vscode-app/nix/store/rlrxnml43nz39yvdx6ddqy2p4i8z9mpn-vscode-1.85.2/lib/vscode/resources/app/out/vs/workbench/workbench.desktop.main.js:920:39221)
    at vscode-file://vscode-app/nix/store/rlrxnml43nz39yvdx6ddqy2p4i8z9mpn-vscode-1.85.2/lib/vscode/resources/app/out/vs/workbench/workbench.desktop.main.js:920:38760
    at async O.U (vscode-file://vscode-app/nix/store/rlrxnml43nz39yvdx6ddqy2p4i8z9mpn-vscode-1.85.2/lib/vscode/resources/app/out/vs/workbench/workbench.desktop.main.js:1910:18518)
2024-05-10 11:48:05.832 [error] Invalid debug adapter: Error: Invalid debug adapter
    at v.m (vscode-file://vscode-app/nix/store/rlrxnml43nz39yvdx6ddqy2p4i8z9mpn-vscode-1.85.2/lib/vscode/resources/app/out/vs/workbench/workbench.desktop.main.js:1553:95)
    at v.$acceptDAExit (vscode-file://vscode-app/nix/store/rlrxnml43nz39yvdx6ddqy2p4i8z9mpn-vscode-1.85.2/lib/vscode/resources/app/out/vs/workbench/workbench.desktop.main.js:1553:35)
    at m.S (vscode-file://vscode-app/nix/store/rlrxnml43nz39yvdx6ddqy2p4i8z9mpn-vscode-1.85.2/lib/vscode/resources/app/out/vs/workbench/workbench.desktop.main.js:1561:18889)
    at m.Q (vscode-file://vscode-app/nix/store/rlrxnml43nz39yvdx6ddqy2p4i8z9mpn-vscode-1.85.2/lib/vscode/resources/app/out/vs/workbench/workbench.desktop.main.js:1561:18655)
    at m.M (vscode-file://vscode-app/nix/store/rlrxnml43nz39yvdx6ddqy2p4i8z9mpn-vscode-1.85.2/lib/vscode/resources/app/out/vs/workbench/workbench.desktop.main.js:1561:17748)
    at m.L (vscode-file://vscode-app/nix/store/rlrxnml43nz39yvdx6ddqy2p4i8z9mpn-vscode-1.85.2/lib/vscode/resources/app/out/vs/workbench/workbench.desktop.main.js:1561:16966)
    at o.value (vscode-file://vscode-app/nix/store/rlrxnml43nz39yvdx6ddqy2p4i8z9mpn-vscode-1.85.2/lib/vscode/resources/app/out/vs/workbench/workbench.desktop.main.js:1561:15630)
    at u.y (vscode-file://vscode-app/nix/store/rlrxnml43nz39yvdx6ddqy2p4i8z9mpn-vscode-1.85.2/lib/vscode/resources/app/out/vs/workbench/workbench.desktop.main.js:87:1902)
    at u.fire (vscode-file://vscode-app/nix/store/rlrxnml43nz39yvdx6ddqy2p4i8z9mpn-vscode-1.85.2/lib/vscode/resources/app/out/vs/workbench/workbench.desktop.main.js:87:2119)
    at s.fire (vscode-file://vscode-app/nix/store/rlrxnml43nz39yvdx6ddqy2p4i8z9mpn-vscode-1.85.2/lib/vscode/resources/app/out/vs/workbench/workbench.desktop.main.js:616:14449)
    at x.onmessage (vscode-file://vscode-app/nix/store/rlrxnml43nz39yvdx6ddqy2p4i8z9mpn-vscode-1.85.2/lib/vscode/resources/app/out/vs/workbench/workbench.desktop.main.js:1657:7802)
2024-05-10 11:48:05.835 [error] Invalid debug adapter: Error: Invalid debug adapter
    at v.m (vscode-file://vscode-app/nix/store/rlrxnml43nz39yvdx6ddqy2p4i8z9mpn-vscode-1.85.2/lib/vscode/resources/app/out/vs/workbench/workbench.desktop.main.js:1553:95)
    at v.$acceptDAError (vscode-file://vscode-app/nix/store/rlrxnml43nz39yvdx6ddqy2p4i8z9mpn-vscode-1.85.2/lib/vscode/resources/app/out/vs/workbench/workbench.desktop.main.js:1552:7629)
    at m.S (vscode-file://vscode-app/nix/store/rlrxnml43nz39yvdx6ddqy2p4i8z9mpn-vscode-1.85.2/lib/vscode/resources/app/out/vs/workbench/workbench.desktop.main.js:1561:18889)
    at m.Q (vscode-file://vscode-app/nix/store/rlrxnml43nz39yvdx6ddqy2p4i8z9mpn-vscode-1.85.2/lib/vscode/resources/app/out/vs/workbench/workbench.desktop.main.js:1561:18655)
    at m.M (vscode-file://vscode-app/nix/store/rlrxnml43nz39yvdx6ddqy2p4i8z9mpn-vscode-1.85.2/lib/vscode/resources/app/out/vs/workbench/workbench.desktop.main.js:1561:17748)
    at m.L (vscode-file://vscode-app/nix/store/rlrxnml43nz39yvdx6ddqy2p4i8z9mpn-vscode-1.85.2/lib/vscode/resources/app/out/vs/workbench/workbench.desktop.main.js:1561:16827)
    at o.value (vscode-file://vscode-app/nix/store/rlrxnml43nz39yvdx6ddqy2p4i8z9mpn-vscode-1.85.2/lib/vscode/resources/app/out/vs/workbench/workbench.desktop.main.js:1561:15630)
    at u.y (vscode-file://vscode-app/nix/store/rlrxnml43nz39yvdx6ddqy2p4i8z9mpn-vscode-1.85.2/lib/vscode/resources/app/out/vs/workbench/workbench.desktop.main.js:87:1902)
    at u.fire (vscode-file://vscode-app/nix/store/rlrxnml43nz39yvdx6ddqy2p4i8z9mpn-vscode-1.85.2/lib/vscode/resources/app/out/vs/workbench/workbench.desktop.main.js:87:2119)
    at s.fire (vscode-file://vscode-app/nix/store/rlrxnml43nz39yvdx6ddqy2p4i8z9mpn-vscode-1.85.2/lib/vscode/resources/app/out/vs/workbench/workbench.desktop.main.js:616:14449)
    at x.onmessage (vscode-file://vscode-app/nix/store/rlrxnml43nz39yvdx6ddqy2p4i8z9mpn-vscode-1.85.2/lib/vscode/resources/app/out/vs/workbench/workbench.desktop.main.js:1657:7802)
2024-05-10 11:50:25.878 [error] Invalid debug adapter: Error: Invalid debug adapter
    at v.m (vscode-file://vscode-app/nix/store/rlrxnml43nz39yvdx6ddqy2p4i8z9mpn-vscode-1.85.2/lib/vscode/resources/app/out/vs/workbench/workbench.desktop.main.js:1553:95)
    at v.$acceptDAExit (vscode-file://vscode-app/nix/store/rlrxnml43nz39yvdx6ddqy2p4i8z9mpn-vscode-1.85.2/lib/vscode/resources/app/out/vs/workbench/workbench.desktop.main.js:1553:35)
    at m.S (vscode-file://vscode-app/nix/store/rlrxnml43nz39yvdx6ddqy2p4i8z9mpn-vscode-1.85.2/lib/vscode/resources/app/out/vs/workbench/workbench.desktop.main.js:1561:18889)
    at m.Q (vscode-file://vscode-app/nix/store/rlrxnml43nz39yvdx6ddqy2p4i8z9mpn-vscode-1.85.2/lib/vscode/resources/app/out/vs/workbench/workbench.desktop.main.js:1561:18655)
    at m.M (vscode-file://vscode-app/nix/store/rlrxnml43nz39yvdx6ddqy2p4i8z9mpn-vscode-1.85.2/lib/vscode/resources/app/out/vs/workbench/workbench.desktop.main.js:1561:17748)
    at m.L (vscode-file://vscode-app/nix/store/rlrxnml43nz39yvdx6ddqy2p4i8z9mpn-vscode-1.85.2/lib/vscode/resources/app/out/vs/workbench/workbench.desktop.main.js:1561:16966)
    at o.value (vscode-file://vscode-app/nix/store/rlrxnml43nz39yvdx6ddqy2p4i8z9mpn-vscode-1.85.2/lib/vscode/resources/app/out/vs/workbench/workbench.desktop.main.js:1561:15630)
    at u.y (vscode-file://vscode-app/nix/store/rlrxnml43nz39yvdx6ddqy2p4i8z9mpn-vscode-1.85.2/lib/vscode/resources/app/out/vs/workbench/workbench.desktop.main.js:87:1902)
    at u.fire (vscode-file://vscode-app/nix/store/rlrxnml43nz39yvdx6ddqy2p4i8z9mpn-vscode-1.85.2/lib/vscode/resources/app/out/vs/workbench/workbench.desktop.main.js:87:2119)
    at s.fire (vscode-file://vscode-app/nix/store/rlrxnml43nz39yvdx6ddqy2p4i8z9mpn-vscode-1.85.2/lib/vscode/resources/app/out/vs/workbench/workbench.desktop.main.js:616:14449)
    at x.onmessage (vscode-file://vscode-app/nix/store/rlrxnml43nz39yvdx6ddqy2p4i8z9mpn-vscode-1.85.2/lib/vscode/resources/app/out/vs/workbench/workbench.desktop.main.js:1657:7802)
2024-05-10 11:50:25.958 [error] Invalid debug adapter: Error: Invalid debug adapter
    at v.m (vscode-file://vscode-app/nix/store/rlrxnml43nz39yvdx6ddqy2p4i8z9mpn-vscode-1.85.2/lib/vscode/resources/app/out/vs/workbench/workbench.desktop.main.js:1553:95)
    at v.$acceptDAError (vscode-file://vscode-app/nix/store/rlrxnml43nz39yvdx6ddqy2p4i8z9mpn-vscode-1.85.2/lib/vscode/resources/app/out/vs/workbench/workbench.desktop.main.js:1552:7629)
    at m.S (vscode-file://vscode-app/nix/store/rlrxnml43nz39yvdx6ddqy2p4i8z9mpn-vscode-1.85.2/lib/vscode/resources/app/out/vs/workbench/workbench.desktop.main.js:1561:18889)
    at m.Q (vscode-file://vscode-app/nix/store/rlrxnml43nz39yvdx6ddqy2p4i8z9mpn-vscode-1.85.2/lib/vscode/resources/app/out/vs/workbench/workbench.desktop.main.js:1561:18655)
    at m.M (vscode-file://vscode-app/nix/store/rlrxnml43nz39yvdx6ddqy2p4i8z9mpn-vscode-1.85.2/lib/vscode/resources/app/out/vs/workbench/workbench.desktop.main.js:1561:17748)
    at m.L (vscode-file://vscode-app/nix/store/rlrxnml43nz39yvdx6ddqy2p4i8z9mpn-vscode-1.85.2/lib/vscode/resources/app/out/vs/workbench/workbench.desktop.main.js:1561:16827)
    at o.value (vscode-file://vscode-app/nix/store/rlrxnml43nz39yvdx6ddqy2p4i8z9mpn-vscode-1.85.2/lib/vscode/resources/app/out/vs/workbench/workbench.desktop.main.js:1561:15630)
    at u.y (vscode-file://vscode-app/nix/store/rlrxnml43nz39yvdx6ddqy2p4i8z9mpn-vscode-1.85.2/lib/vscode/resources/app/out/vs/workbench/workbench.desktop.main.js:87:1902)
    at u.fire (vscode-file://vscode-app/nix/store/rlrxnml43nz39yvdx6ddqy2p4i8z9mpn-vscode-1.85.2/lib/vscode/resources/app/out/vs/workbench/workbench.desktop.main.js:87:2119)
    at s.fire (vscode-file://vscode-app/nix/store/rlrxnml43nz39yvdx6ddqy2p4i8z9mpn-vscode-1.85.2/lib/vscode/resources/app/out/vs/workbench/workbench.desktop.main.js:616:14449)
    at x.onmessage (vscode-file://vscode-app/nix/store/rlrxnml43nz39yvdx6ddqy2p4i8z9mpn-vscode-1.85.2/lib/vscode/resources/app/out/vs/workbench/workbench.desktop.main.js:1657:7802)
2024-05-10 11:53:15.473 [error] Invalid debug adapter: Error: Invalid debug adapter
    at v.m (vscode-file://vscode-app/nix/store/rlrxnml43nz39yvdx6ddqy2p4i8z9mpn-vscode-1.85.2/lib/vscode/resources/app/out/vs/workbench/workbench.desktop.main.js:1553:95)
    at v.$acceptDAExit (vscode-file://vscode-app/nix/store/rlrxnml43nz39yvdx6ddqy2p4i8z9mpn-vscode-1.85.2/lib/vscode/resources/app/out/vs/workbench/workbench.desktop.main.js:1553:35)
    at m.S (vscode-file://vscode-app/nix/store/rlrxnml43nz39yvdx6ddqy2p4i8z9mpn-vscode-1.85.2/lib/vscode/resources/app/out/vs/workbench/workbench.desktop.main.js:1561:18889)
    at m.Q (vscode-file://vscode-app/nix/store/rlrxnml43nz39yvdx6ddqy2p4i8z9mpn-vscode-1.85.2/lib/vscode/resources/app/out/vs/workbench/workbench.desktop.main.js:1561:18655)
    at m.M (vscode-file://vscode-app/nix/store/rlrxnml43nz39yvdx6ddqy2p4i8z9mpn-vscode-1.85.2/lib/vscode/resources/app/out/vs/workbench/workbench.desktop.main.js:1561:17748)
    at m.L (vscode-file://vscode-app/nix/store/rlrxnml43nz39yvdx6ddqy2p4i8z9mpn-vscode-1.85.2/lib/vscode/resources/app/out/vs/workbench/workbench.desktop.main.js:1561:16966)
    at o.value (vscode-file://vscode-app/nix/store/rlrxnml43nz39yvdx6ddqy2p4i8z9mpn-vscode-1.85.2/lib/vscode/resources/app/out/vs/workbench/workbench.desktop.main.js:1561:15630)
    at u.y (vscode-file://vscode-app/nix/store/rlrxnml43nz39yvdx6ddqy2p4i8z9mpn-vscode-1.85.2/lib/vscode/resources/app/out/vs/workbench/workbench.desktop.main.js:87:1902)
    at u.fire (vscode-file://vscode-app/nix/store/rlrxnml43nz39yvdx6ddqy2p4i8z9mpn-vscode-1.85.2/lib/vscode/resources/app/out/vs/workbench/workbench.desktop.main.js:87:2119)
    at s.fire (vscode-file://vscode-app/nix/store/rlrxnml43nz39yvdx6ddqy2p4i8z9mpn-vscode-1.85.2/lib/vscode/resources/app/out/vs/workbench/workbench.desktop.main.js:616:14449)
    at x.onmessage (vscode-file://vscode-app/nix/store/rlrxnml43nz39yvdx6ddqy2p4i8z9mpn-vscode-1.85.2/lib/vscode/resources/app/out/vs/workbench/workbench.desktop.main.js:1657:7802)
2024-05-10 11:53:15.497 [error] Invalid debug adapter: Error: Invalid debug adapter
    at v.m (vscode-file://vscode-app/nix/store/rlrxnml43nz39yvdx6ddqy2p4i8z9mpn-vscode-1.85.2/lib/vscode/resources/app/out/vs/workbench/workbench.desktop.main.js:1553:95)
    at v.$acceptDAError (vscode-file://vscode-app/nix/store/rlrxnml43nz39yvdx6ddqy2p4i8z9mpn-vscode-1.85.2/lib/vscode/resources/app/out/vs/workbench/workbench.desktop.main.js:1552:7629)
    at m.S (vscode-file://vscode-app/nix/store/rlrxnml43nz39yvdx6ddqy2p4i8z9mpn-vscode-1.85.2/lib/vscode/resources/app/out/vs/workbench/workbench.desktop.main.js:1561:18889)
    at m.Q (vscode-file://vscode-app/nix/store/rlrxnml43nz39yvdx6ddqy2p4i8z9mpn-vscode-1.85.2/lib/vscode/resources/app/out/vs/workbench/workbench.desktop.main.js:1561:18655)
    at m.M (vscode-file://vscode-app/nix/store/rlrxnml43nz39yvdx6ddqy2p4i8z9mpn-vscode-1.85.2/lib/vscode/resources/app/out/vs/workbench/workbench.desktop.main.js:1561:17748)
    at m.L (vscode-file://vscode-app/nix/store/rlrxnml43nz39yvdx6ddqy2p4i8z9mpn-vscode-1.85.2/lib/vscode/resources/app/out/vs/workbench/workbench.desktop.main.js:1561:16827)
    at o.value (vscode-file://vscode-app/nix/store/rlrxnml43nz39yvdx6ddqy2p4i8z9mpn-vscode-1.85.2/lib/vscode/resources/app/out/vs/workbench/workbench.desktop.main.js:1561:15630)
    at u.y (vscode-file://vscode-app/nix/store/rlrxnml43nz39yvdx6ddqy2p4i8z9mpn-vscode-1.85.2/lib/vscode/resources/app/out/vs/workbench/workbench.desktop.main.js:87:1902)
    at u.fire (vscode-file://vscode-app/nix/store/rlrxnml43nz39yvdx6ddqy2p4i8z9mpn-vscode-1.85.2/lib/vscode/resources/app/out/vs/workbench/workbench.desktop.main.js:87:2119)
    at s.fire (vscode-file://vscode-app/nix/store/rlrxnml43nz39yvdx6ddqy2p4i8z9mpn-vscode-1.85.2/lib/vscode/resources/app/out/vs/workbench/workbench.desktop.main.js:616:14449)
    at x.onmessage (vscode-file://vscode-app/nix/store/rlrxnml43nz39yvdx6ddqy2p4i8z9mpn-vscode-1.85.2/lib/vscode/resources/app/out/vs/workbench/workbench.desktop.main.js:1657:7802)
2024-05-10 11:53:41.952 [error] Invalid debug adapter: Error: Invalid debug adapter
    at v.m (vscode-file://vscode-app/nix/store/rlrxnml43nz39yvdx6ddqy2p4i8z9mpn-vscode-1.85.2/lib/vscode/resources/app/out/vs/workbench/workbench.desktop.main.js:1553:95)
    at v.$acceptDAExit (vscode-file://vscode-app/nix/store/rlrxnml43nz39yvdx6ddqy2p4i8z9mpn-vscode-1.85.2/lib/vscode/resources/app/out/vs/workbench/workbench.desktop.main.js:1553:35)
    at m.S (vscode-file://vscode-app/nix/store/rlrxnml43nz39yvdx6ddqy2p4i8z9mpn-vscode-1.85.2/lib/vscode/resources/app/out/vs/workbench/workbench.desktop.main.js:1561:18889)
    at m.Q (vscode-file://vscode-app/nix/store/rlrxnml43nz39yvdx6ddqy2p4i8z9mpn-vscode-1.85.2/lib/vscode/resources/app/out/vs/workbench/workbench.desktop.main.js:1561:18655)
    at m.M (vscode-file://vscode-app/nix/store/rlrxnml43nz39yvdx6ddqy2p4i8z9mpn-vscode-1.85.2/lib/vscode/resources/app/out/vs/workbench/workbench.desktop.main.js:1561:17748)
    at m.L (vscode-file://vscode-app/nix/store/rlrxnml43nz39yvdx6ddqy2p4i8z9mpn-vscode-1.85.2/lib/vscode/resources/app/out/vs/workbench/workbench.desktop.main.js:1561:16966)
    at o.value (vscode-file://vscode-app/nix/store/rlrxnml43nz39yvdx6ddqy2p4i8z9mpn-vscode-1.85.2/lib/vscode/resources/app/out/vs/workbench/workbench.desktop.main.js:1561:15630)
    at u.y (vscode-file://vscode-app/nix/store/rlrxnml43nz39yvdx6ddqy2p4i8z9mpn-vscode-1.85.2/lib/vscode/resources/app/out/vs/workbench/workbench.desktop.main.js:87:1902)
    at u.fire (vscode-file://vscode-app/nix/store/rlrxnml43nz39yvdx6ddqy2p4i8z9mpn-vscode-1.85.2/lib/vscode/resources/app/out/vs/workbench/workbench.desktop.main.js:87:2119)
    at s.fire (vscode-file://vscode-app/nix/store/rlrxnml43nz39yvdx6ddqy2p4i8z9mpn-vscode-1.85.2/lib/vscode/resources/app/out/vs/workbench/workbench.desktop.main.js:616:14449)
    at x.onmessage (vscode-file://vscode-app/nix/store/rlrxnml43nz39yvdx6ddqy2p4i8z9mpn-vscode-1.85.2/lib/vscode/resources/app/out/vs/workbench/workbench.desktop.main.js:1657:7802)
2024-05-10 11:53:41.982 [error] Invalid debug adapter: Error: Invalid debug adapter
    at v.m (vscode-file://vscode-app/nix/store/rlrxnml43nz39yvdx6ddqy2p4i8z9mpn-vscode-1.85.2/lib/vscode/resources/app/out/vs/workbench/workbench.desktop.main.js:1553:95)
    at v.$acceptDAError (vscode-file://vscode-app/nix/store/rlrxnml43nz39yvdx6ddqy2p4i8z9mpn-vscode-1.85.2/lib/vscode/resources/app/out/vs/workbench/workbench.desktop.main.js:1552:7629)
    at m.S (vscode-file://vscode-app/nix/store/rlrxnml43nz39yvdx6ddqy2p4i8z9mpn-vscode-1.85.2/lib/vscode/resources/app/out/vs/workbench/workbench.desktop.main.js:1561:18889)
    at m.Q (vscode-file://vscode-app/nix/store/rlrxnml43nz39yvdx6ddqy2p4i8z9mpn-vscode-1.85.2/lib/vscode/resources/app/out/vs/workbench/workbench.desktop.main.js:1561:18655)
    at m.M (vscode-file://vscode-app/nix/store/rlrxnml43nz39yvdx6ddqy2p4i8z9mpn-vscode-1.85.2/lib/vscode/resources/app/out/vs/workbench/workbench.desktop.main.js:1561:17748)
    at m.L (vscode-file://vscode-app/nix/store/rlrxnml43nz39yvdx6ddqy2p4i8z9mpn-vscode-1.85.2/lib/vscode/resources/app/out/vs/workbench/workbench.desktop.main.js:1561:16827)
    at o.value (vscode-file://vscode-app/nix/store/rlrxnml43nz39yvdx6ddqy2p4i8z9mpn-vscode-1.85.2/lib/vscode/resources/app/out/vs/workbench/workbench.desktop.main.js:1561:15630)
    at u.y (vscode-file://vscode-app/nix/store/rlrxnml43nz39yvdx6ddqy2p4i8z9mpn-vscode-1.85.2/lib/vscode/resources/app/out/vs/workbench/workbench.desktop.main.js:87:1902)
    at u.fire (vscode-file://vscode-app/nix/store/rlrxnml43nz39yvdx6ddqy2p4i8z9mpn-vscode-1.85.2/lib/vscode/resources/app/out/vs/workbench/workbench.desktop.main.js:87:2119)
    at s.fire (vscode-file://vscode-app/nix/store/rlrxnml43nz39yvdx6ddqy2p4i8z9mpn-vscode-1.85.2/lib/vscode/resources/app/out/vs/workbench/workbench.desktop.main.js:616:14449)
    at x.onmessage (vscode-file://vscode-app/nix/store/rlrxnml43nz39yvdx6ddqy2p4i8z9mpn-vscode-1.85.2/lib/vscode/resources/app/out/vs/workbench/workbench.desktop.main.js:1657:7802)
