2024-05-10 09:50:14.556 [info] Extension host with pid 6388 started
2024-05-10 09:50:15.458 [info] ExtensionService#_doActivateExtension vscode.git-base, startup: true, activationEvent: '*', root cause: vscode.git
2024-05-10 09:50:15.889 [info] ExtensionService#_doActivateExtension vscode.git, startup: true, activationEvent: '*'
2024-05-10 09:50:16.275 [info] ExtensionService#_doActivateExtension vscode.github, startup: true, activationEvent: '*'
2024-05-10 09:50:17.015 [info] Eager extensions activated
2024-05-10 09:50:17.441 [info] ExtensionService#_doActivateExtension vscode.debug-auto-launch, startup: false, activationEvent: 'onStartupFinished'
2024-05-10 09:50:17.548 [info] ExtensionService#_doActivateExtension vscode.merge-conflict, startup: false, activationEvent: 'onStartupFinished'
2024-05-10 09:50:26.070 [info] ExtensionService#_doActivateExtension vscode.emmet, startup: false, activationEvent: 'onLanguage'
2024-05-10 09:53:06.050 [info] ExtensionService#_doActivateExtension vscode.github-authentication, startup: false, activationEvent: 'onAuthenticationRequest:github'
2024-05-10 09:53:27.679 [info] ExtensionService#_doActivateExtension vscode.json-language-features, startup: false, activationEvent: 'onLanguage:jsonc'
2024-05-10 09:53:28.392 [info] ExtensionService#_doActivateExtension vscode.typescript-language-features, startup: false, activationEvent: 'onLanguage:jsonc'
2024-05-10 09:54:03.199 [info] Extension host terminating: renderer closed the MessagePort
2024-05-10 09:54:03.431 [info] Extension host with pid 6388 exiting with code 0
2024-05-10 09:54:11.519 [info] Extension host with pid 7633 started
2024-05-10 09:54:11.519 [info] Skipping acquiring lock for /home/onetap/.config/Code/User/workspaceStorage/63990f94be5c11c1895fb33af21ff1a2.
2024-05-10 09:54:13.317 [info] ExtensionService#_doActivateExtension vscode.emmet, startup: false, activationEvent: 'onLanguage'
2024-05-10 09:54:13.815 [info] ExtensionService#_doActivateExtension vscode.git-base, startup: true, activationEvent: '*'
2024-05-10 09:54:14.805 [info] ExtensionService#_doActivateExtension vscode.github, startup: true, activationEvent: '*'
2024-05-10 09:54:15.055 [info] Eager extensions activated
2024-05-10 09:54:15.488 [info] ExtensionService#_doActivateExtension vscode.debug-auto-launch, startup: false, activationEvent: 'onStartupFinished'
2024-05-10 09:54:15.517 [info] ExtensionService#_doActivateExtension vscode.merge-conflict, startup: false, activationEvent: 'onStartupFinished'
2024-05-10 09:54:26.512 [info] ExtensionService#_doActivateExtension vscode.git, startup: false, activationEvent: 'api', root cause: vscode.github
2024-05-10 09:54:27.722 [info] ExtensionService#_doActivateExtension vscode.github-authentication, startup: false, activationEvent: 'onAuthenticationRequest:github'
2024-05-10 09:57:05.805 [info] ExtensionService#_doActivateExtension vscode.extension-editing, startup: false, activationEvent: 'onLanguage:markdown'
2024-05-10 09:57:06.017 [info] ExtensionService#_doActivateExtension vscode.markdown-language-features, startup: false, activationEvent: 'onLanguage:markdown'
2024-05-10 09:57:30.412 [info] ExtensionService#_doActivateExtension vscode.markdown-math, startup: false, activationEvent: 'api', root cause: vscode.markdown-language-features
2024-05-10 09:57:51.076 [info] ExtensionService#_doActivateExtension vscode.json-language-features, startup: false, activationEvent: 'onLanguage:jsonc'
2024-05-10 09:57:51.288 [info] ExtensionService#_doActivateExtension vscode.typescript-language-features, startup: false, activationEvent: 'onLanguage:jsonc'
2024-05-10 09:58:34.237 [info] Extension host terminating: renderer closed the MessagePort
2024-05-10 09:58:34.472 [error] Canceled: Canceled
	at new g (/nix/store/rlrxnml43nz39yvdx6ddqy2p4i8z9mpn-vscode-1.85.2/lib/vscode/resources/app/out/vs/workbench/api/node/extensionHostProcess.js:141:110274)
	at l.U (/nix/store/rlrxnml43nz39yvdx6ddqy2p4i8z9mpn-vscode-1.85.2/lib/vscode/resources/app/out/vs/workbench/api/node/extensionHostProcess.js:150:10866)
	at P.<computed>.j.charCodeAt.P.<computed> (/nix/store/rlrxnml43nz39yvdx6ddqy2p4i8z9mpn-vscode-1.85.2/lib/vscode/resources/app/out/vs/workbench/api/node/extensionHostProcess.js:150:8317)
	at d.g (/nix/store/rlrxnml43nz39yvdx6ddqy2p4i8z9mpn-vscode-1.85.2/lib/vscode/resources/app/out/vs/workbench/api/node/extensionHostProcess.js:141:139555)
	at d.executeCommand (/nix/store/rlrxnml43nz39yvdx6ddqy2p4i8z9mpn-vscode-1.85.2/lib/vscode/resources/app/out/vs/workbench/api/node/extensionHostProcess.js:141:138993)
	at p.registerCommand.description (/nix/store/rlrxnml43nz39yvdx6ddqy2p4i8z9mpn-vscode-1.85.2/lib/vscode/resources/app/out/vs/workbench/api/node/extensionHostProcess.js:141:138317)
	at d.h (/nix/store/rlrxnml43nz39yvdx6ddqy2p4i8z9mpn-vscode-1.85.2/lib/vscode/resources/app/out/vs/workbench/api/node/extensionHostProcess.js:141:140094)
	at d.g (/nix/store/rlrxnml43nz39yvdx6ddqy2p4i8z9mpn-vscode-1.85.2/lib/vscode/resources/app/out/vs/workbench/api/node/extensionHostProcess.js:141:139086)
	at d.executeCommand (/nix/store/rlrxnml43nz39yvdx6ddqy2p4i8z9mpn-vscode-1.85.2/lib/vscode/resources/app/out/vs/workbench/api/node/extensionHostProcess.js:141:138993)
	at Object.executeCommand (/nix/store/rlrxnml43nz39yvdx6ddqy2p4i8z9mpn-vscode-1.85.2/lib/vscode/resources/app/out/vs/workbench/api/node/extensionHostProcess.js:158:21333)
	at f.I [as value] (/nix/store/rlrxnml43nz39yvdx6ddqy2p4i8z9mpn-vscode-1.85.2/lib/vscode/resources/app/extensions/git/dist/main.js:2:924696)
	at n.y (/nix/store/rlrxnml43nz39yvdx6ddqy2p4i8z9mpn-vscode-1.85.2/lib/vscode/resources/app/out/vs/workbench/api/node/extensionHostProcess.js:80:1902)
	at n.z (/nix/store/rlrxnml43nz39yvdx6ddqy2p4i8z9mpn-vscode-1.85.2/lib/vscode/resources/app/out/vs/workbench/api/node/extensionHostProcess.js:80:1972)
	at n.fire (/nix/store/rlrxnml43nz39yvdx6ddqy2p4i8z9mpn-vscode-1.85.2/lib/vscode/resources/app/out/vs/workbench/api/node/extensionHostProcess.js:80:2188)
	at Object.m [as dispose] (/nix/store/rlrxnml43nz39yvdx6ddqy2p4i8z9mpn-vscode-1.85.2/lib/vscode/resources/app/extensions/git/dist/main.js:2:940613)
	at /nix/store/rlrxnml43nz39yvdx6ddqy2p4i8z9mpn-vscode-1.85.2/lib/vscode/resources/app/extensions/git/dist/main.js:2:945566
	at Array.forEach (<anonymous>)
	at p.dispose (/nix/store/rlrxnml43nz39yvdx6ddqy2p4i8z9mpn-vscode-1.85.2/lib/vscode/resources/app/extensions/git/dist/main.js:2:945552)
	at u.<anonymous> (/nix/store/rlrxnml43nz39yvdx6ddqy2p4i8z9mpn-vscode-1.85.2/lib/vscode/resources/app/out/vs/workbench/api/node/extensionHostProcess.js:137:3620)
	at u.dispose (/nix/store/rlrxnml43nz39yvdx6ddqy2p4i8z9mpn-vscode-1.85.2/lib/vscode/resources/app/out/vs/workbench/api/node/extensionHostProcess.js:137:3717)
	at u.<anonymous> (/nix/store/rlrxnml43nz39yvdx6ddqy2p4i8z9mpn-vscode-1.85.2/lib/vscode/resources/app/extensions/git/dist/main.js:2:926708)
	at u.dispose (/nix/store/rlrxnml43nz39yvdx6ddqy2p4i8z9mpn-vscode-1.85.2/lib/vscode/resources/app/out/vs/workbench/api/node/extensionHostProcess.js:137:3717)
	at s (/nix/store/rlrxnml43nz39yvdx6ddqy2p4i8z9mpn-vscode-1.85.2/lib/vscode/resources/app/out/vs/workbench/api/node/extensionHostProcess.js:30:754)
	at f.cb (/nix/store/rlrxnml43nz39yvdx6ddqy2p4i8z9mpn-vscode-1.85.2/lib/vscode/resources/app/out/vs/workbench/api/node/extensionHostProcess.js:154:9873)
	at /nix/store/rlrxnml43nz39yvdx6ddqy2p4i8z9mpn-vscode-1.85.2/lib/vscode/resources/app/out/vs/workbench/api/node/extensionHostProcess.js:154:7808
	at Array.map (<anonymous>)
	at f.Y (/nix/store/rlrxnml43nz39yvdx6ddqy2p4i8z9mpn-vscode-1.85.2/lib/vscode/resources/app/out/vs/workbench/api/node/extensionHostProcess.js:154:7795)
	at f.terminate (/nix/store/rlrxnml43nz39yvdx6ddqy2p4i8z9mpn-vscode-1.85.2/lib/vscode/resources/app/out/vs/workbench/api/node/extensionHostProcess.js:154:8068)
	at s.terminate (/nix/store/rlrxnml43nz39yvdx6ddqy2p4i8z9mpn-vscode-1.85.2/lib/vscode/resources/app/out/vs/workbench/api/node/extensionHostProcess.js:158:1513)
	at a (/nix/store/rlrxnml43nz39yvdx6ddqy2p4i8z9mpn-vscode-1.85.2/lib/vscode/resources/app/out/vs/workbench/api/node/extensionHostProcess.js:171:9802)
	at MessagePortMain.<anonymous> (/nix/store/rlrxnml43nz39yvdx6ddqy2p4i8z9mpn-vscode-1.85.2/lib/vscode/resources/app/out/vs/workbench/api/node/extensionHostProcess.js:171:6227)
	at MessagePortMain.emit (node:events:513:28)
	at MessagePortMain._internalPort.emit (node:electron/js2c/utility_init:2:367) setContext undefined
2024-05-10 09:58:34.473 [error] Canceled: Canceled
	at new g (/nix/store/rlrxnml43nz39yvdx6ddqy2p4i8z9mpn-vscode-1.85.2/lib/vscode/resources/app/out/vs/workbench/api/node/extensionHostProcess.js:141:110274)
	at l.U (/nix/store/rlrxnml43nz39yvdx6ddqy2p4i8z9mpn-vscode-1.85.2/lib/vscode/resources/app/out/vs/workbench/api/node/extensionHostProcess.js:150:10866)
	at P.<computed>.j.charCodeAt.P.<computed> (/nix/store/rlrxnml43nz39yvdx6ddqy2p4i8z9mpn-vscode-1.85.2/lib/vscode/resources/app/out/vs/workbench/api/node/extensionHostProcess.js:150:8317)
	at d.g (/nix/store/rlrxnml43nz39yvdx6ddqy2p4i8z9mpn-vscode-1.85.2/lib/vscode/resources/app/out/vs/workbench/api/node/extensionHostProcess.js:141:139555)
	at d.executeCommand (/nix/store/rlrxnml43nz39yvdx6ddqy2p4i8z9mpn-vscode-1.85.2/lib/vscode/resources/app/out/vs/workbench/api/node/extensionHostProcess.js:141:138993)
	at p.registerCommand.description (/nix/store/rlrxnml43nz39yvdx6ddqy2p4i8z9mpn-vscode-1.85.2/lib/vscode/resources/app/out/vs/workbench/api/node/extensionHostProcess.js:141:138317)
	at d.h (/nix/store/rlrxnml43nz39yvdx6ddqy2p4i8z9mpn-vscode-1.85.2/lib/vscode/resources/app/out/vs/workbench/api/node/extensionHostProcess.js:141:140094)
	at d.g (/nix/store/rlrxnml43nz39yvdx6ddqy2p4i8z9mpn-vscode-1.85.2/lib/vscode/resources/app/out/vs/workbench/api/node/extensionHostProcess.js:141:139086)
	at d.executeCommand (/nix/store/rlrxnml43nz39yvdx6ddqy2p4i8z9mpn-vscode-1.85.2/lib/vscode/resources/app/out/vs/workbench/api/node/extensionHostProcess.js:141:138993)
	at Object.executeCommand (/nix/store/rlrxnml43nz39yvdx6ddqy2p4i8z9mpn-vscode-1.85.2/lib/vscode/resources/app/out/vs/workbench/api/node/extensionHostProcess.js:158:21333)
	at set b [as b] (/nix/store/rlrxnml43nz39yvdx6ddqy2p4i8z9mpn-vscode-1.85.2/lib/vscode/resources/app/extensions/github/dist/extension.js:2:322364)
	at /nix/store/rlrxnml43nz39yvdx6ddqy2p4i8z9mpn-vscode-1.85.2/lib/vscode/resources/app/extensions/github/dist/extension.js:2:323005
	at f.value (/nix/store/rlrxnml43nz39yvdx6ddqy2p4i8z9mpn-vscode-1.85.2/lib/vscode/resources/app/extensions/git/dist/main.js:2:1016450)
	at n.y (/nix/store/rlrxnml43nz39yvdx6ddqy2p4i8z9mpn-vscode-1.85.2/lib/vscode/resources/app/out/vs/workbench/api/node/extensionHostProcess.js:80:1902)
	at n.z (/nix/store/rlrxnml43nz39yvdx6ddqy2p4i8z9mpn-vscode-1.85.2/lib/vscode/resources/app/out/vs/workbench/api/node/extensionHostProcess.js:80:1972)
	at n.fire (/nix/store/rlrxnml43nz39yvdx6ddqy2p4i8z9mpn-vscode-1.85.2/lib/vscode/resources/app/out/vs/workbench/api/node/extensionHostProcess.js:80:2188)
	at Object.m [as dispose] (/nix/store/rlrxnml43nz39yvdx6ddqy2p4i8z9mpn-vscode-1.85.2/lib/vscode/resources/app/extensions/git/dist/main.js:2:940613)
	at /nix/store/rlrxnml43nz39yvdx6ddqy2p4i8z9mpn-vscode-1.85.2/lib/vscode/resources/app/extensions/git/dist/main.js:2:945566
	at Array.forEach (<anonymous>)
	at p.dispose (/nix/store/rlrxnml43nz39yvdx6ddqy2p4i8z9mpn-vscode-1.85.2/lib/vscode/resources/app/extensions/git/dist/main.js:2:945552)
	at u.<anonymous> (/nix/store/rlrxnml43nz39yvdx6ddqy2p4i8z9mpn-vscode-1.85.2/lib/vscode/resources/app/out/vs/workbench/api/node/extensionHostProcess.js:137:3620)
	at u.dispose (/nix/store/rlrxnml43nz39yvdx6ddqy2p4i8z9mpn-vscode-1.85.2/lib/vscode/resources/app/out/vs/workbench/api/node/extensionHostProcess.js:137:3717)
	at u.<anonymous> (/nix/store/rlrxnml43nz39yvdx6ddqy2p4i8z9mpn-vscode-1.85.2/lib/vscode/resources/app/extensions/git/dist/main.js:2:926708)
	at u.dispose (/nix/store/rlrxnml43nz39yvdx6ddqy2p4i8z9mpn-vscode-1.85.2/lib/vscode/resources/app/out/vs/workbench/api/node/extensionHostProcess.js:137:3717)
	at s (/nix/store/rlrxnml43nz39yvdx6ddqy2p4i8z9mpn-vscode-1.85.2/lib/vscode/resources/app/out/vs/workbench/api/node/extensionHostProcess.js:30:754)
	at f.cb (/nix/store/rlrxnml43nz39yvdx6ddqy2p4i8z9mpn-vscode-1.85.2/lib/vscode/resources/app/out/vs/workbench/api/node/extensionHostProcess.js:154:9873)
	at /nix/store/rlrxnml43nz39yvdx6ddqy2p4i8z9mpn-vscode-1.85.2/lib/vscode/resources/app/out/vs/workbench/api/node/extensionHostProcess.js:154:7808
	at Array.map (<anonymous>)
	at f.Y (/nix/store/rlrxnml43nz39yvdx6ddqy2p4i8z9mpn-vscode-1.85.2/lib/vscode/resources/app/out/vs/workbench/api/node/extensionHostProcess.js:154:7795)
	at f.terminate (/nix/store/rlrxnml43nz39yvdx6ddqy2p4i8z9mpn-vscode-1.85.2/lib/vscode/resources/app/out/vs/workbench/api/node/extensionHostProcess.js:154:8068)
	at s.terminate (/nix/store/rlrxnml43nz39yvdx6ddqy2p4i8z9mpn-vscode-1.85.2/lib/vscode/resources/app/out/vs/workbench/api/node/extensionHostProcess.js:158:1513)
	at a (/nix/store/rlrxnml43nz39yvdx6ddqy2p4i8z9mpn-vscode-1.85.2/lib/vscode/resources/app/out/vs/workbench/api/node/extensionHostProcess.js:171:9802)
	at MessagePortMain.<anonymous> (/nix/store/rlrxnml43nz39yvdx6ddqy2p4i8z9mpn-vscode-1.85.2/lib/vscode/resources/app/out/vs/workbench/api/node/extensionHostProcess.js:171:6227)
	at MessagePortMain.emit (node:events:513:28)
	at MessagePortMain._internalPort.emit (node:electron/js2c/utility_init:2:367) setContext undefined
2024-05-10 09:58:34.519 [info] Extension host with pid 7633 exiting with code 0
