2024-05-10 10:15:44.986 [info] Уровень ведения журнала: Info
2024-05-10 10:15:44.986 [info] Проверка найденного Git в: "git"
2024-05-10 10:15:44.987 [info] Используется Git "2.42.0" из "git"
2024-05-10 10:15:44.987 [info] > git rev-parse --show-toplevel [266ms]
2024-05-10 10:15:44.987 [info] > git rev-parse --git-dir --git-common-dir [430ms]
2024-05-10 10:15:44.987 [info] Open repository: /home/onetap/Documents/MyPythonProjects
2024-05-10 10:15:45.149 [info] > git config --get commit.template [86ms]
2024-05-10 10:15:45.169 [info] > git rev-parse --show-toplevel [66ms]
2024-05-10 10:15:45.301 [info] > git for-each-ref --format=%(refname)%00%(upstream:short)%00%(objectname)%00%(upstream:track)%00%(upstream:remotename)%00%(upstream:remoteref) refs/heads/main refs/remotes/main [75ms]
2024-05-10 10:15:45.421 [warning] ENOENT: no such file or directory, open '/home/onetap/Documents/MyPythonProjects/.git/refs/remotes/origin/main'
2024-05-10 10:15:45.424 [info] > git rev-parse --show-toplevel [133ms]
2024-05-10 10:15:45.605 [info] > git rev-parse --show-toplevel [64ms]
2024-05-10 10:15:45.626 [info] > git rev-parse refs/remotes/origin/main [206ms]
2024-05-10 10:15:45.834 [info] > git status -z -uall [54ms]
2024-05-10 10:15:46.308 [info] > git config --get commit.template [167ms]
2024-05-10 10:15:46.423 [info] > git check-ignore -v -z --stdin [121ms]
2024-05-10 10:15:46.439 [info] > git for-each-ref --format=%(refname)%00%(upstream:short)%00%(objectname)%00%(upstream:track)%00%(upstream:remotename)%00%(upstream:remoteref) refs/heads/main refs/remotes/main [22ms]
2024-05-10 10:15:46.518 [warning] ENOENT: no such file or directory, open '/home/onetap/Documents/MyPythonProjects/.git/refs/remotes/origin/main'
2024-05-10 10:15:46.530 [info] > git rev-parse refs/remotes/origin/main [12ms]
2024-05-10 10:15:46.619 [info] > git status -z -uall [56ms]
2024-05-10 10:15:49.318 [info] > git show --textconv :Что-то моё/Heaven.py [108ms]
2024-05-10 10:15:49.353 [info] > git ls-files --stage -- /home/onetap/Documents/MyPythonProjects/Что-то моё/Heaven.py [70ms]
2024-05-10 10:17:06.049 [info] > git config --get commit.template [20ms]
2024-05-10 10:17:06.050 [info] > git for-each-ref --format=%(refname)%00%(upstream:short)%00%(objectname)%00%(upstream:track)%00%(upstream:remotename)%00%(upstream:remoteref) refs/heads/main refs/remotes/main [5ms]
2024-05-10 10:17:06.066 [warning] ENOENT: no such file or directory, open '/home/onetap/Documents/MyPythonProjects/.git/refs/remotes/origin/main'
2024-05-10 10:17:06.069 [info] > git rev-parse refs/remotes/origin/main [3ms]
2024-05-10 10:17:06.089 [info] > git status -z -uall [4ms]
2024-05-10 10:17:33.926 [info] > git config --get commit.template [33ms]
2024-05-10 10:17:33.930 [info] > git for-each-ref --format=%(refname)%00%(upstream:short)%00%(objectname)%00%(upstream:track)%00%(upstream:remotename)%00%(upstream:remoteref) refs/heads/main refs/remotes/main [10ms]
2024-05-10 10:17:33.958 [warning] ENOENT: no such file or directory, open '/home/onetap/Documents/MyPythonProjects/.git/refs/remotes/origin/main'
2024-05-10 10:17:33.968 [info] > git rev-parse refs/remotes/origin/main [10ms]
2024-05-10 10:17:33.997 [info] > git status -z -uall [10ms]
2024-05-10 10:17:58.911 [info] > git config --get commit.template [38ms]
2024-05-10 10:17:58.923 [info] > git for-each-ref --format=%(refname)%00%(upstream:short)%00%(objectname)%00%(upstream:track)%00%(upstream:remotename)%00%(upstream:remoteref) refs/heads/main refs/remotes/main [15ms]
2024-05-10 10:17:58.954 [warning] ENOENT: no such file or directory, open '/home/onetap/Documents/MyPythonProjects/.git/refs/remotes/origin/main'
2024-05-10 10:17:58.964 [info] > git rev-parse refs/remotes/origin/main [8ms]
2024-05-10 10:17:59.003 [info] > git status -z -uall [14ms]
2024-05-10 10:18:21.793 [info] > git config --get commit.template [59ms]
2024-05-10 10:18:21.808 [info] > git for-each-ref --format=%(refname)%00%(upstream:short)%00%(objectname)%00%(upstream:track)%00%(upstream:remotename)%00%(upstream:remoteref) refs/heads/main refs/remotes/main [24ms]
2024-05-10 10:18:21.870 [warning] ENOENT: no such file or directory, open '/home/onetap/Documents/MyPythonProjects/.git/refs/remotes/origin/main'
2024-05-10 10:18:21.879 [info] > git rev-parse refs/remotes/origin/main [8ms]
2024-05-10 10:18:21.952 [info] > git status -z -uall [17ms]
2024-05-10 10:20:48.101 [info] > git config --get commit.template [54ms]
2024-05-10 10:20:48.104 [info] > git for-each-ref --format=%(refname)%00%(upstream:short)%00%(objectname)%00%(upstream:track)%00%(upstream:remotename)%00%(upstream:remoteref) refs/heads/main refs/remotes/main [27ms]
2024-05-10 10:20:48.131 [warning] ENOENT: no such file or directory, open '/home/onetap/Documents/MyPythonProjects/.git/refs/remotes/origin/main'
2024-05-10 10:20:48.141 [info] > git rev-parse refs/remotes/origin/main [11ms]
2024-05-10 10:20:48.203 [info] > git status -z -uall [23ms]
2024-05-10 10:21:34.205 [info] > git config --get commit.template [29ms]
2024-05-10 10:21:34.213 [info] > git for-each-ref --format=%(refname)%00%(upstream:short)%00%(objectname)%00%(upstream:track)%00%(upstream:remotename)%00%(upstream:remoteref) refs/heads/main refs/remotes/main [12ms]
2024-05-10 10:21:34.236 [warning] ENOENT: no such file or directory, open '/home/onetap/Documents/MyPythonProjects/.git/refs/remotes/origin/main'
2024-05-10 10:21:34.244 [info] > git rev-parse refs/remotes/origin/main [7ms]
2024-05-10 10:21:34.278 [info] > git status -z -uall [13ms]
2024-05-10 10:22:35.943 [info] > git config --get commit.template [82ms]
2024-05-10 10:22:35.960 [info] > git for-each-ref --format=%(refname)%00%(upstream:short)%00%(objectname)%00%(upstream:track)%00%(upstream:remotename)%00%(upstream:remoteref) refs/heads/main refs/remotes/main [22ms]
2024-05-10 10:22:36.004 [warning] ENOENT: no such file or directory, open '/home/onetap/Documents/MyPythonProjects/.git/refs/remotes/origin/main'
2024-05-10 10:22:36.130 [info] > git rev-parse refs/remotes/origin/main [126ms]
2024-05-10 10:22:36.201 [info] > git status -z -uall [15ms]
2024-05-10 10:23:48.476 [info] > git config --get commit.template [81ms]
2024-05-10 10:23:48.493 [info] > git for-each-ref --format=%(refname)%00%(upstream:short)%00%(objectname)%00%(upstream:track)%00%(upstream:remotename)%00%(upstream:remoteref) refs/heads/main refs/remotes/main [19ms]
2024-05-10 10:23:48.580 [warning] ENOENT: no such file or directory, open '/home/onetap/Documents/MyPythonProjects/.git/refs/remotes/origin/main'
2024-05-10 10:23:48.618 [info] > git rev-parse refs/remotes/origin/main [39ms]
2024-05-10 10:23:48.731 [info] > git status -z -uall [37ms]
2024-05-10 10:28:34.101 [info] > git config --get commit.template [58ms]
2024-05-10 10:28:34.109 [info] > git for-each-ref --format=%(refname)%00%(upstream:short)%00%(objectname)%00%(upstream:track)%00%(upstream:remotename)%00%(upstream:remoteref) refs/heads/main refs/remotes/main [20ms]
2024-05-10 10:28:34.178 [warning] ENOENT: no such file or directory, open '/home/onetap/Documents/MyPythonProjects/.git/refs/remotes/origin/main'
2024-05-10 10:28:34.188 [info] > git rev-parse refs/remotes/origin/main [9ms]
2024-05-10 10:28:34.257 [info] > git status -z -uall [11ms]
2024-05-10 10:29:05.203 [info] > git config --get commit.template [38ms]
2024-05-10 10:29:05.211 [info] > git for-each-ref --format=%(refname)%00%(upstream:short)%00%(objectname)%00%(upstream:track)%00%(upstream:remotename)%00%(upstream:remoteref) refs/heads/main refs/remotes/main [15ms]
2024-05-10 10:29:05.253 [warning] ENOENT: no such file or directory, open '/home/onetap/Documents/MyPythonProjects/.git/refs/remotes/origin/main'
2024-05-10 10:29:05.275 [info] > git rev-parse refs/remotes/origin/main [22ms]
2024-05-10 10:29:05.337 [info] > git status -z -uall [15ms]
2024-05-10 10:30:11.272 [info] > git config --get commit.template [51ms]
2024-05-10 10:30:11.282 [info] > git for-each-ref --format=%(refname)%00%(upstream:short)%00%(objectname)%00%(upstream:track)%00%(upstream:remotename)%00%(upstream:remoteref) refs/heads/main refs/remotes/main [19ms]
2024-05-10 10:30:11.306 [warning] ENOENT: no such file or directory, open '/home/onetap/Documents/MyPythonProjects/.git/refs/remotes/origin/main'
2024-05-10 10:30:11.325 [info] > git rev-parse refs/remotes/origin/main [20ms]
2024-05-10 10:30:11.377 [info] > git status -z -uall [6ms]
2024-05-10 10:30:40.118 [info] > git config --get commit.template [70ms]
2024-05-10 10:30:40.126 [info] > git for-each-ref --format=%(refname)%00%(upstream:short)%00%(objectname)%00%(upstream:track)%00%(upstream:remotename)%00%(upstream:remoteref) refs/heads/main refs/remotes/main [10ms]
2024-05-10 10:30:40.150 [warning] ENOENT: no such file or directory, open '/home/onetap/Documents/MyPythonProjects/.git/refs/remotes/origin/main'
2024-05-10 10:30:40.157 [info] > git rev-parse refs/remotes/origin/main [8ms]
2024-05-10 10:30:40.195 [info] > git status -z -uall [12ms]
2024-05-10 10:31:15.043 [info] > git config --get commit.template [60ms]
2024-05-10 10:31:15.052 [info] > git for-each-ref --format=%(refname)%00%(upstream:short)%00%(objectname)%00%(upstream:track)%00%(upstream:remotename)%00%(upstream:remoteref) refs/heads/main refs/remotes/main [12ms]
2024-05-10 10:31:15.089 [warning] ENOENT: no such file or directory, open '/home/onetap/Documents/MyPythonProjects/.git/refs/remotes/origin/main'
2024-05-10 10:31:15.097 [info] > git rev-parse refs/remotes/origin/main [7ms]
2024-05-10 10:31:15.129 [info] > git status -z -uall [10ms]
2024-05-10 10:35:49.300 [info] > git config --get commit.template [33ms]
2024-05-10 10:35:49.309 [info] > git for-each-ref --format=%(refname)%00%(upstream:short)%00%(objectname)%00%(upstream:track)%00%(upstream:remotename)%00%(upstream:remoteref) refs/heads/main refs/remotes/main [11ms]
2024-05-10 10:35:49.341 [warning] ENOENT: no such file or directory, open '/home/onetap/Documents/MyPythonProjects/.git/refs/remotes/origin/main'
2024-05-10 10:35:49.351 [info] > git rev-parse refs/remotes/origin/main [10ms]
2024-05-10 10:35:49.389 [info] > git status -z -uall [9ms]
2024-05-10 10:36:29.303 [info] > git config --get commit.template [75ms]
2024-05-10 10:36:29.318 [info] > git for-each-ref --format=%(refname)%00%(upstream:short)%00%(objectname)%00%(upstream:track)%00%(upstream:remotename)%00%(upstream:remoteref) refs/heads/main refs/remotes/main [18ms]
2024-05-10 10:36:29.375 [warning] ENOENT: no such file or directory, open '/home/onetap/Documents/MyPythonProjects/.git/refs/remotes/origin/main'
2024-05-10 10:36:29.387 [info] > git rev-parse refs/remotes/origin/main [12ms]
2024-05-10 10:36:29.468 [info] > git status -z -uall [26ms]
2024-05-10 10:36:51.417 [info] > git config --get commit.template [36ms]
2024-05-10 10:36:51.425 [info] > git for-each-ref --format=%(refname)%00%(upstream:short)%00%(objectname)%00%(upstream:track)%00%(upstream:remotename)%00%(upstream:remoteref) refs/heads/main refs/remotes/main [10ms]
2024-05-10 10:36:51.451 [warning] ENOENT: no such file or directory, open '/home/onetap/Documents/MyPythonProjects/.git/refs/remotes/origin/main'
2024-05-10 10:36:51.460 [info] > git rev-parse refs/remotes/origin/main [9ms]
2024-05-10 10:36:51.498 [info] > git status -z -uall [12ms]
2024-05-10 10:37:24.563 [info] > git config --get commit.template [23ms]
2024-05-10 10:37:24.564 [info] > git for-each-ref --format=%(refname)%00%(upstream:short)%00%(objectname)%00%(upstream:track)%00%(upstream:remotename)%00%(upstream:remoteref) refs/heads/main refs/remotes/main [5ms]
2024-05-10 10:37:24.581 [warning] ENOENT: no such file or directory, open '/home/onetap/Documents/MyPythonProjects/.git/refs/remotes/origin/main'
2024-05-10 10:37:24.584 [info] > git rev-parse refs/remotes/origin/main [3ms]
2024-05-10 10:37:24.606 [info] > git status -z -uall [4ms]
2024-05-10 10:39:01.949 [info] > git config --get commit.template [43ms]
2024-05-10 10:39:01.972 [info] > git for-each-ref --format=%(refname)%00%(upstream:short)%00%(objectname)%00%(upstream:track)%00%(upstream:remotename)%00%(upstream:remoteref) refs/heads/main refs/remotes/main [19ms]
2024-05-10 10:39:02.059 [warning] ENOENT: no such file or directory, open '/home/onetap/Documents/MyPythonProjects/.git/refs/remotes/origin/main'
2024-05-10 10:39:02.079 [info] > git rev-parse refs/remotes/origin/main [20ms]
2024-05-10 10:39:02.183 [info] > git status -z -uall [18ms]
2024-05-10 10:39:28.191 [info] > git config --get commit.template [36ms]
2024-05-10 10:39:28.197 [info] > git for-each-ref --format=%(refname)%00%(upstream:short)%00%(objectname)%00%(upstream:track)%00%(upstream:remotename)%00%(upstream:remoteref) refs/heads/main refs/remotes/main [14ms]
2024-05-10 10:39:28.220 [warning] ENOENT: no such file or directory, open '/home/onetap/Documents/MyPythonProjects/.git/refs/remotes/origin/main'
2024-05-10 10:39:28.227 [info] > git rev-parse refs/remotes/origin/main [8ms]
2024-05-10 10:39:28.259 [info] > git status -z -uall [9ms]
2024-05-10 10:39:35.791 [info] > git config --get commit.template [65ms]
2024-05-10 10:39:35.803 [info] > git for-each-ref --format=%(refname)%00%(upstream:short)%00%(objectname)%00%(upstream:track)%00%(upstream:remotename)%00%(upstream:remoteref) refs/heads/main refs/remotes/main [15ms]
2024-05-10 10:39:35.859 [warning] ENOENT: no such file or directory, open '/home/onetap/Documents/MyPythonProjects/.git/refs/remotes/origin/main'
2024-05-10 10:39:35.869 [info] > git rev-parse refs/remotes/origin/main [11ms]
2024-05-10 10:39:35.945 [info] > git status -z -uall [20ms]
2024-05-10 10:39:49.957 [info] > git config --get commit.template [69ms]
2024-05-10 10:39:49.970 [info] > git for-each-ref --format=%(refname)%00%(upstream:short)%00%(objectname)%00%(upstream:track)%00%(upstream:remotename)%00%(upstream:remoteref) refs/heads/main refs/remotes/main [16ms]
2024-05-10 10:39:50.014 [warning] ENOENT: no such file or directory, open '/home/onetap/Documents/MyPythonProjects/.git/refs/remotes/origin/main'
2024-05-10 10:39:50.029 [info] > git rev-parse refs/remotes/origin/main [16ms]
2024-05-10 10:39:50.063 [info] > git status -z -uall [10ms]
2024-05-10 10:40:09.982 [info] > git config --get commit.template [13ms]
2024-05-10 10:40:10.010 [info] > git for-each-ref --format=%(refname)%00%(upstream:short)%00%(objectname)%00%(upstream:track)%00%(upstream:remotename)%00%(upstream:remoteref) refs/heads/main refs/remotes/main [8ms]
2024-05-10 10:40:10.034 [warning] ENOENT: no such file or directory, open '/home/onetap/Documents/MyPythonProjects/.git/refs/remotes/origin/main'
2024-05-10 10:40:10.038 [info] > git rev-parse refs/remotes/origin/main [4ms]
2024-05-10 10:40:10.081 [info] > git status -z -uall [20ms]
2024-05-10 10:40:50.959 [info] > git config --get commit.template [43ms]
2024-05-10 10:40:50.967 [info] > git for-each-ref --format=%(refname)%00%(upstream:short)%00%(objectname)%00%(upstream:track)%00%(upstream:remotename)%00%(upstream:remoteref) refs/heads/main refs/remotes/main [11ms]
2024-05-10 10:40:50.994 [warning] ENOENT: no such file or directory, open '/home/onetap/Documents/MyPythonProjects/.git/refs/remotes/origin/main'
2024-05-10 10:40:51.004 [info] > git rev-parse refs/remotes/origin/main [10ms]
2024-05-10 10:40:51.041 [info] > git status -z -uall [12ms]
2024-05-10 10:41:05.367 [info] > git config --get commit.template [44ms]
2024-05-10 10:41:05.380 [info] > git for-each-ref --format=%(refname)%00%(upstream:short)%00%(objectname)%00%(upstream:track)%00%(upstream:remotename)%00%(upstream:remoteref) refs/heads/main refs/remotes/main [15ms]
2024-05-10 10:41:05.429 [warning] ENOENT: no such file or directory, open '/home/onetap/Documents/MyPythonProjects/.git/refs/remotes/origin/main'
2024-05-10 10:41:05.447 [info] > git rev-parse refs/remotes/origin/main [18ms]
2024-05-10 10:41:05.511 [info] > git status -z -uall [12ms]
2024-05-10 10:41:19.667 [info] > git config --get commit.template [67ms]
2024-05-10 10:41:19.679 [info] > git for-each-ref --format=%(refname)%00%(upstream:short)%00%(objectname)%00%(upstream:track)%00%(upstream:remotename)%00%(upstream:remoteref) refs/heads/main refs/remotes/main [23ms]
2024-05-10 10:41:19.740 [warning] ENOENT: no such file or directory, open '/home/onetap/Documents/MyPythonProjects/.git/refs/remotes/origin/main'
2024-05-10 10:41:19.754 [info] > git rev-parse refs/remotes/origin/main [13ms]
2024-05-10 10:41:19.841 [info] > git status -z -uall [16ms]
2024-05-10 10:42:37.727 [info] > git config --get commit.template [58ms]
2024-05-10 10:42:37.743 [info] > git for-each-ref --format=%(refname)%00%(upstream:short)%00%(objectname)%00%(upstream:track)%00%(upstream:remotename)%00%(upstream:remoteref) refs/heads/main refs/remotes/main [19ms]
2024-05-10 10:42:37.814 [warning] ENOENT: no such file or directory, open '/home/onetap/Documents/MyPythonProjects/.git/refs/remotes/origin/main'
2024-05-10 10:42:37.825 [info] > git rev-parse refs/remotes/origin/main [11ms]
2024-05-10 10:42:37.888 [info] > git status -z -uall [17ms]
2024-05-10 10:42:46.892 [info] > git config --get commit.template [34ms]
2024-05-10 10:42:46.894 [info] > git for-each-ref --format=%(refname)%00%(upstream:short)%00%(objectname)%00%(upstream:track)%00%(upstream:remotename)%00%(upstream:remoteref) refs/heads/main refs/remotes/main [5ms]
2024-05-10 10:42:46.918 [warning] ENOENT: no such file or directory, open '/home/onetap/Documents/MyPythonProjects/.git/refs/remotes/origin/main'
2024-05-10 10:42:46.925 [info] > git rev-parse refs/remotes/origin/main [7ms]
2024-05-10 10:42:46.958 [info] > git status -z -uall [9ms]
2024-05-10 10:43:57.420 [info] > git config --get commit.template [73ms]
2024-05-10 10:43:57.422 [info] > git for-each-ref --format=%(refname)%00%(upstream:short)%00%(objectname)%00%(upstream:track)%00%(upstream:remotename)%00%(upstream:remoteref) refs/heads/main refs/remotes/main [6ms]
2024-05-10 10:43:57.484 [warning] ENOENT: no such file or directory, open '/home/onetap/Documents/MyPythonProjects/.git/refs/remotes/origin/main'
2024-05-10 10:43:57.494 [info] > git rev-parse refs/remotes/origin/main [10ms]
2024-05-10 10:43:57.568 [info] > git status -z -uall [15ms]
2024-05-10 10:44:16.445 [info] > git config --get commit.template [6ms]
2024-05-10 10:44:16.479 [info] > git for-each-ref --format=%(refname)%00%(upstream:short)%00%(objectname)%00%(upstream:track)%00%(upstream:remotename)%00%(upstream:remoteref) refs/heads/main refs/remotes/main [9ms]
2024-05-10 10:44:16.501 [warning] ENOENT: no such file or directory, open '/home/onetap/Documents/MyPythonProjects/.git/refs/remotes/origin/main'
2024-05-10 10:44:16.509 [info] > git rev-parse refs/remotes/origin/main [7ms]
2024-05-10 10:44:16.539 [info] > git status -z -uall [9ms]
2024-05-10 10:44:29.924 [info] > git config --get commit.template [29ms]
2024-05-10 10:44:29.933 [info] > git for-each-ref --format=%(refname)%00%(upstream:short)%00%(objectname)%00%(upstream:track)%00%(upstream:remotename)%00%(upstream:remoteref) refs/heads/main refs/remotes/main [11ms]
2024-05-10 10:44:29.956 [warning] ENOENT: no such file or directory, open '/home/onetap/Documents/MyPythonProjects/.git/refs/remotes/origin/main'
2024-05-10 10:44:29.964 [info] > git rev-parse refs/remotes/origin/main [8ms]
2024-05-10 10:44:30.107 [info] > git status -z -uall [102ms]
2024-05-10 10:45:27.399 [info] > git config --get commit.template [7ms]
2024-05-10 10:45:27.469 [info] > git for-each-ref --format=%(refname)%00%(upstream:short)%00%(objectname)%00%(upstream:track)%00%(upstream:remotename)%00%(upstream:remoteref) refs/heads/main refs/remotes/main [12ms]
2024-05-10 10:45:27.490 [warning] ENOENT: no such file or directory, open '/home/onetap/Documents/MyPythonProjects/.git/refs/remotes/origin/main'
2024-05-10 10:45:27.493 [info] > git rev-parse refs/remotes/origin/main [3ms]
2024-05-10 10:45:27.515 [info] > git status -z -uall [4ms]
2024-05-10 10:45:28.117 [info] > git merge-base refs/heads/main refs/remotes/origin/main [71ms]
2024-05-10 10:45:28.200 [info] > git rev-list --count --left-right refs/heads/main...refs/remotes/origin/main [29ms]
2024-05-10 10:45:29.577 [info] > git add -A -- . [34ms]
2024-05-10 10:45:31.192 [info] > git ls-files --stage -- /home/onetap/Documents/MyPythonProjects/Что-то моё/Heaven.py [22ms]
2024-05-10 10:45:31.316 [info] > git cat-file -s 85b8fe5505e375fec73cc579e18a37343d6b0928 [33ms]
2024-05-10 10:45:31.920 [info] > git show --textconv :Что-то моё/Heaven.py [70ms]
2024-05-10 10:45:35.440 [info] > git check-ignore -v -z --stdin [7ms]
2024-05-10 10:45:36.013 [info] > git show --textconv :.git/COMMIT_EDITMSG [73ms]
2024-05-10 10:45:36.036 [info] > git ls-files --stage -- /home/onetap/Documents/MyPythonProjects/.git/COMMIT_EDITMSG [24ms]
2024-05-10 10:45:42.953 [info] > git -c user.useConfigOnly=true commit --quiet [13293ms]
2024-05-10 10:45:42.953 [info] Aborting commit due to empty commit message.
2024-05-10 10:45:43.018 [info] > git config --get commit.template [34ms]
2024-05-10 10:45:43.039 [info] > git for-each-ref --format=%(refname)%00%(upstream:short)%00%(objectname)%00%(upstream:track)%00%(upstream:remotename)%00%(upstream:remoteref) refs/heads/main refs/remotes/main [24ms]
2024-05-10 10:45:43.107 [warning] ENOENT: no such file or directory, open '/home/onetap/Documents/MyPythonProjects/.git/refs/remotes/origin/main'
2024-05-10 10:45:43.137 [info] > git rev-parse refs/remotes/origin/main [30ms]
2024-05-10 10:45:43.256 [info] > git status -z -uall [34ms]
2024-05-10 10:45:44.868 [info] > git show --textconv :Что-то моё/Heaven.py [109ms]
2024-05-10 10:45:44.910 [info] > git ls-files --stage -- /home/onetap/Documents/MyPythonProjects/Что-то моё/Heaven.py [51ms]
2024-05-10 10:45:45.032 [info] > git cat-file -s 85b8fe5505e375fec73cc579e18a37343d6b0928 [23ms]
2024-05-10 10:45:50.063 [info] > git -c user.useConfigOnly=true commit --quiet --allow-empty-message --file - [206ms]
2024-05-10 10:45:50.101 [info] > git config --get commit.template [9ms]
2024-05-10 10:45:50.185 [info] > git config --get commit.template [46ms]
2024-05-10 10:45:50.195 [info] > git for-each-ref --format=%(refname)%00%(upstream:short)%00%(objectname)%00%(upstream:track)%00%(upstream:remotename)%00%(upstream:remoteref) refs/heads/main refs/remotes/main [13ms]
2024-05-10 10:45:50.223 [warning] ENOENT: no such file or directory, open '/home/onetap/Documents/MyPythonProjects/.git/refs/remotes/origin/main'
2024-05-10 10:45:50.245 [info] > git rev-parse refs/remotes/origin/main [23ms]
2024-05-10 10:45:50.277 [info] > git status -z -uall [9ms]
2024-05-10 10:45:50.529 [info] > git config --get commit.template [56ms]
2024-05-10 10:45:50.564 [info] > git merge-base refs/heads/main refs/remotes/origin/main [38ms]
2024-05-10 10:45:50.598 [info] > git for-each-ref --format=%(refname)%00%(upstream:short)%00%(objectname)%00%(upstream:track)%00%(upstream:remotename)%00%(upstream:remoteref) refs/heads/main refs/remotes/main [37ms]
2024-05-10 10:45:50.627 [warning] ENOENT: no such file or directory, open '/home/onetap/Documents/MyPythonProjects/.git/refs/remotes/origin/main'
2024-05-10 10:45:50.629 [info] > git rev-list --count --left-right refs/heads/main...refs/remotes/origin/main [33ms]
2024-05-10 10:45:50.641 [info] > git rev-parse refs/remotes/origin/main [15ms]
2024-05-10 10:45:50.704 [info] > git status -z -uall [18ms]
2024-05-10 10:45:51.269 [info] > git ls-files --stage -- /home/onetap/Documents/MyPythonProjects/Что-то моё/Heaven.py [4ms]
2024-05-10 10:45:51.290 [info] > git cat-file -s 85b8fe5505e375fec73cc579e18a37343d6b0928 [4ms]
2024-05-10 10:45:51.320 [info] > git show --textconv :Что-то моё/Heaven.py [5ms]
2024-05-10 10:45:56.880 [info] > git log --oneline --cherry main...main@{upstream} -- [27ms]
2024-05-10 10:45:58.360 [info] > git ls-files --stage -- /home/onetap/Documents/MyPythonProjects/Что-то моё/Heaven.py [12ms]
2024-05-10 10:45:58.393 [info] > git cat-file -s 85b8fe5505e375fec73cc579e18a37343d6b0928 [7ms]
2024-05-10 10:45:58.440 [info] > git show --textconv :Что-то моё/Heaven.py [12ms]
2024-05-10 10:46:00.021 [info] > git pull --tags origin main [3111ms]
2024-05-10 10:46:00.021 [info] From https://github.com/OneTapFN/MyPythonProjects
 * branch            main       -> FETCH_HEAD
2024-05-10 10:46:01.314 [info] > git ls-files --stage -- /home/onetap/Documents/MyPythonProjects/Что-то моё/Heaven.py [14ms]
2024-05-10 10:46:01.366 [info] > git cat-file -s 85b8fe5505e375fec73cc579e18a37343d6b0928 [13ms]
2024-05-10 10:46:01.427 [info] > git show --textconv :Что-то моё/Heaven.py [9ms]
2024-05-10 10:46:02.382 [info] > git push origin main:main [2336ms]
2024-05-10 10:46:02.382 [info] To https://github.com/OneTapFN/MyPythonProjects.git
   aa79d23..4bfba4d  main -> main
2024-05-10 10:46:02.436 [info] > git config --get commit.template [28ms]
2024-05-10 10:46:02.439 [info] > git for-each-ref --format=%(refname)%00%(upstream:short)%00%(objectname)%00%(upstream:track)%00%(upstream:remotename)%00%(upstream:remoteref) refs/heads/main refs/remotes/main [6ms]
2024-05-10 10:46:02.473 [info] > git status -z -uall [6ms]
2024-05-10 10:46:02.628 [info] > git merge-base refs/heads/main refs/remotes/origin/main [14ms]
2024-05-10 10:46:02.676 [info] > git rev-list --count --left-right refs/heads/main...refs/remotes/origin/main [11ms]
2024-05-10 10:46:03.600 [info] > git ls-files --stage -- /home/onetap/Documents/MyPythonProjects/Что-то моё/Heaven.py [4ms]
2024-05-10 10:46:03.622 [info] > git cat-file -s 85b8fe5505e375fec73cc579e18a37343d6b0928 [4ms]
2024-05-10 10:46:03.650 [info] > git show --textconv :Что-то моё/Heaven.py [4ms]
2024-05-10 10:53:01.002 [info] > git config --get commit.template [51ms]
2024-05-10 10:53:01.009 [info] > git for-each-ref --format=%(refname)%00%(upstream:short)%00%(objectname)%00%(upstream:track)%00%(upstream:remotename)%00%(upstream:remoteref) refs/heads/main refs/remotes/main [12ms]
2024-05-10 10:53:01.041 [info] > git status -z -uall [8ms]
2024-05-10 10:53:24.214 [info] > git config --get commit.template [93ms]
2024-05-10 10:53:24.229 [info] > git for-each-ref --format=%(refname)%00%(upstream:short)%00%(objectname)%00%(upstream:track)%00%(upstream:remotename)%00%(upstream:remoteref) refs/heads/main refs/remotes/main [19ms]
2024-05-10 10:53:24.314 [info] > git status -z -uall [20ms]
2024-05-10 10:54:30.069 [info] > git config --get commit.template [54ms]
2024-05-10 10:54:30.077 [info] > git for-each-ref --format=%(refname)%00%(upstream:short)%00%(objectname)%00%(upstream:track)%00%(upstream:remotename)%00%(upstream:remoteref) refs/heads/main refs/remotes/main [9ms]
2024-05-10 10:54:30.123 [info] > git status -z -uall [14ms]
2024-05-10 10:58:36.414 [info] > git config --get commit.template [47ms]
2024-05-10 10:58:36.421 [info] > git for-each-ref --format=%(refname)%00%(upstream:short)%00%(objectname)%00%(upstream:track)%00%(upstream:remotename)%00%(upstream:remoteref) refs/heads/main refs/remotes/main [9ms]
2024-05-10 10:58:36.477 [info] > git status -z -uall [19ms]
2024-05-10 10:59:29.057 [info] > git config --get commit.template [74ms]
2024-05-10 10:59:29.076 [info] > git for-each-ref --format=%(refname)%00%(upstream:short)%00%(objectname)%00%(upstream:track)%00%(upstream:remotename)%00%(upstream:remoteref) refs/heads/main refs/remotes/main [26ms]
2024-05-10 10:59:29.166 [info] > git status -z -uall [30ms]
2024-05-10 10:59:49.484 [info] > git config --get commit.template [33ms]
2024-05-10 10:59:49.492 [info] > git for-each-ref --format=%(refname)%00%(upstream:short)%00%(objectname)%00%(upstream:track)%00%(upstream:remotename)%00%(upstream:remoteref) refs/heads/main refs/remotes/main [11ms]
2024-05-10 10:59:49.534 [info] > git status -z -uall [13ms]
2024-05-10 11:01:29.546 [info] > git config --get commit.template [47ms]
2024-05-10 11:01:29.571 [info] > git for-each-ref --format=%(refname)%00%(upstream:short)%00%(objectname)%00%(upstream:track)%00%(upstream:remotename)%00%(upstream:remoteref) refs/heads/main refs/remotes/main [27ms]
2024-05-10 11:01:29.660 [info] > git status -z -uall [22ms]
2024-05-10 11:03:03.952 [info] > git config --get commit.template [29ms]
2024-05-10 11:03:04.005 [info] > git for-each-ref --format=%(refname)%00%(upstream:short)%00%(objectname)%00%(upstream:track)%00%(upstream:remotename)%00%(upstream:remoteref) refs/heads/main refs/remotes/main [15ms]
2024-05-10 11:03:04.059 [info] > git status -z -uall [13ms]
2024-05-10 11:03:32.546 [info] > git config --get commit.template [4ms]
2024-05-10 11:03:32.578 [info] > git for-each-ref --format=%(refname)%00%(upstream:short)%00%(objectname)%00%(upstream:track)%00%(upstream:remotename)%00%(upstream:remoteref) refs/heads/main refs/remotes/main [5ms]
2024-05-10 11:03:32.615 [info] > git status -z -uall [11ms]
2024-05-10 11:04:20.071 [info] > git config --get commit.template [32ms]
2024-05-10 11:04:20.081 [info] > git for-each-ref --format=%(refname)%00%(upstream:short)%00%(objectname)%00%(upstream:track)%00%(upstream:remotename)%00%(upstream:remoteref) refs/heads/main refs/remotes/main [11ms]
2024-05-10 11:04:20.135 [info] > git status -z -uall [19ms]
2024-05-10 11:05:01.352 [info] > git config --get commit.template [35ms]
2024-05-10 11:05:01.361 [info] > git for-each-ref --format=%(refname)%00%(upstream:short)%00%(objectname)%00%(upstream:track)%00%(upstream:remotename)%00%(upstream:remoteref) refs/heads/main refs/remotes/main [13ms]
2024-05-10 11:05:01.421 [info] > git status -z -uall [20ms]
2024-05-10 11:05:47.767 [info] > git config --get commit.template [60ms]
2024-05-10 11:05:47.780 [info] > git for-each-ref --format=%(refname)%00%(upstream:short)%00%(objectname)%00%(upstream:track)%00%(upstream:remotename)%00%(upstream:remoteref) refs/heads/main refs/remotes/main [16ms]
2024-05-10 11:05:47.825 [info] > git status -z -uall [13ms]
2024-05-10 11:07:19.425 [info] > git config --get commit.template [51ms]
2024-05-10 11:07:19.433 [info] > git for-each-ref --format=%(refname)%00%(upstream:short)%00%(objectname)%00%(upstream:track)%00%(upstream:remotename)%00%(upstream:remoteref) refs/heads/main refs/remotes/main [12ms]
2024-05-10 11:07:19.499 [info] > git status -z -uall [13ms]
2024-05-10 11:07:57.896 [info] > git config --get commit.template [65ms]
2024-05-10 11:07:57.907 [info] > git for-each-ref --format=%(refname)%00%(upstream:short)%00%(objectname)%00%(upstream:track)%00%(upstream:remotename)%00%(upstream:remoteref) refs/heads/main refs/remotes/main [19ms]
2024-05-10 11:07:57.985 [info] > git status -z -uall [13ms]
2024-05-10 11:08:59.539 [info] > git config --get commit.template [46ms]
2024-05-10 11:08:59.541 [info] > git for-each-ref --format=%(refname)%00%(upstream:short)%00%(objectname)%00%(upstream:track)%00%(upstream:remotename)%00%(upstream:remoteref) refs/heads/main refs/remotes/main [6ms]
2024-05-10 11:08:59.578 [info] > git status -z -uall [6ms]
2024-05-10 11:09:00.494 [info] > git add -A -- . [11ms]
2024-05-10 11:09:02.757 [info] > git show --textconv :.git/COMMIT_EDITMSG [118ms]
2024-05-10 11:09:02.777 [info] > git ls-files --stage -- /home/onetap/Documents/MyPythonProjects/.git/COMMIT_EDITMSG [24ms]
2024-05-10 11:09:03.073 [info] > git -c user.useConfigOnly=true commit --quiet [2554ms]
2024-05-10 11:09:03.073 [info] Aborting commit due to empty commit message.
2024-05-10 11:09:03.140 [info] > git config --get commit.template [39ms]
2024-05-10 11:09:03.148 [info] > git for-each-ref --format=%(refname)%00%(upstream:short)%00%(objectname)%00%(upstream:track)%00%(upstream:remotename)%00%(upstream:remoteref) refs/heads/main refs/remotes/main [11ms]
2024-05-10 11:09:03.232 [info] > git status -z -uall [36ms]
2024-05-10 11:09:04.243 [info] > git show --textconv :Что-то моё/Heaven.py [36ms]
2024-05-10 11:09:04.254 [info] > git ls-files --stage -- /home/onetap/Documents/MyPythonProjects/Что-то моё/Heaven.py [15ms]
2024-05-10 11:09:04.294 [info] > git cat-file -s 5703f09cd468f64a425fe2b698ff8979f0981833 [12ms]
2024-05-10 11:09:15.340 [info] > git -c user.useConfigOnly=true commit --quiet --allow-empty-message --file - [20ms]
2024-05-10 11:09:15.375 [info] > git config --get commit.template [6ms]
2024-05-10 11:09:15.470 [info] > git config --get commit.template [60ms]
2024-05-10 11:09:15.473 [info] > git for-each-ref --format=%(refname)%00%(upstream:short)%00%(objectname)%00%(upstream:track)%00%(upstream:remotename)%00%(upstream:remoteref) refs/heads/main refs/remotes/main [20ms]
2024-05-10 11:09:15.527 [info] > git status -z -uall [29ms]
2024-05-10 11:09:15.949 [info] > git for-each-ref --format=%(refname)%00%(upstream:short)%00%(objectname)%00%(upstream:track)%00%(upstream:remotename)%00%(upstream:remoteref) refs/heads/main refs/remotes/main [57ms]
2024-05-10 11:09:15.950 [info] > git config --get commit.template [128ms]
2024-05-10 11:09:16.034 [info] > git merge-base refs/heads/main refs/remotes/origin/main [91ms]
2024-05-10 11:09:16.123 [info] > git status -z -uall [91ms]
2024-05-10 11:09:16.150 [info] > git rev-list --count --left-right refs/heads/main...refs/remotes/origin/main [28ms]
2024-05-10 11:09:16.607 [info] > git ls-files --stage -- /home/onetap/Documents/MyPythonProjects/Что-то моё/Heaven.py [6ms]
2024-05-10 11:09:16.634 [info] > git cat-file -s 5703f09cd468f64a425fe2b698ff8979f0981833 [7ms]
2024-05-10 11:09:16.664 [info] > git show --textconv :Что-то моё/Heaven.py [4ms]
2024-05-10 11:09:18.906 [info] > git log --oneline --cherry main...main@{upstream} -- [9ms]
2024-05-10 11:09:20.340 [info] > git ls-files --stage -- /home/onetap/Documents/MyPythonProjects/Что-то моё/Heaven.py [8ms]
2024-05-10 11:09:20.402 [info] > git cat-file -s 5703f09cd468f64a425fe2b698ff8979f0981833 [22ms]
2024-05-10 11:09:20.465 [info] > git show --textconv :Что-то моё/Heaven.py [14ms]
2024-05-10 11:09:21.297 [info] > git pull --tags origin main [2344ms]
2024-05-10 11:09:21.297 [info] From https://github.com/OneTapFN/MyPythonProjects
 * branch            main       -> FETCH_HEAD
2024-05-10 11:09:22.590 [info] > git ls-files --stage -- /home/onetap/Documents/MyPythonProjects/Что-то моё/Heaven.py [18ms]
2024-05-10 11:09:22.637 [info] > git cat-file -s 5703f09cd468f64a425fe2b698ff8979f0981833 [13ms]
2024-05-10 11:09:22.761 [info] > git show --textconv :Что-то моё/Heaven.py [43ms]
2024-05-10 11:09:24.298 [info] > git push origin main:main [2973ms]
2024-05-10 11:09:24.298 [info] To https://github.com/OneTapFN/MyPythonProjects.git
   4bfba4d..e973024  main -> main
2024-05-10 11:09:24.354 [info] > git config --get commit.template [29ms]
2024-05-10 11:09:24.357 [info] > git for-each-ref --format=%(refname)%00%(upstream:short)%00%(objectname)%00%(upstream:track)%00%(upstream:remotename)%00%(upstream:remoteref) refs/heads/main refs/remotes/main [7ms]
2024-05-10 11:09:24.411 [info] > git status -z -uall [10ms]
2024-05-10 11:09:24.558 [info] > git merge-base refs/heads/main refs/remotes/origin/main [15ms]
2024-05-10 11:09:24.614 [info] > git rev-list --count --left-right refs/heads/main...refs/remotes/origin/main [18ms]
2024-05-10 11:09:25.533 [info] > git ls-files --stage -- /home/onetap/Documents/MyPythonProjects/Что-то моё/Heaven.py [4ms]
2024-05-10 11:09:25.555 [info] > git cat-file -s 5703f09cd468f64a425fe2b698ff8979f0981833 [3ms]
2024-05-10 11:09:25.583 [info] > git show --textconv :Что-то моё/Heaven.py [4ms]
