2024-05-10 09:59:02.070 [info] Reading sessions from keychain...
2024-05-10 09:59:02.070 [info] Getting sessions for all scopes...
2024-05-10 09:59:02.070 [info] Got stored sessions!
2024-05-10 09:59:02.070 [info] Got 1 verified sessions.
2024-05-10 09:59:02.070 [info] Got 1 sessions for ...
2024-05-10 09:59:02.071 [info] Getting sessions for all scopes...
2024-05-10 09:59:02.071 [info] Got 1 sessions for ...
2024-05-10 09:59:02.072 [info] Getting sessions for read:user,repo,user:email,workflow...
2024-05-10 09:59:02.074 [info] Got 1 sessions for read:user,repo,user:email,workflow...
2024-05-10 09:59:04.159 [info] Getting sessions for read:user,repo,user:email,workflow...
2024-05-10 09:59:04.159 [info] Got 1 sessions for read:user,repo,user:email,workflow...
2024-05-10 09:59:20.104 [info] Getting sessions for read:user,repo,user:email,workflow...
2024-05-10 09:59:20.105 [info] Got 1 sessions for read:user,repo,user:email,workflow...
2024-05-10 10:01:18.185 [info] Reading sessions from keychain...
2024-05-10 10:01:18.185 [info] Getting sessions for all scopes...
2024-05-10 10:01:18.185 [info] Got stored sessions!
2024-05-10 10:01:18.185 [info] Got 1 verified sessions.
2024-05-10 10:01:18.185 [info] Got 1 sessions for ...
2024-05-10 10:01:18.185 [info] Getting sessions for all scopes...
2024-05-10 10:01:18.185 [info] Got 1 sessions for ...
2024-05-10 10:01:18.185 [info] Getting sessions for read:user,repo,user:email,workflow...
2024-05-10 10:01:18.185 [info] Got 1 sessions for read:user,repo,user:email,workflow...
2024-05-10 10:01:33.637 [info] Getting sessions for read:user,repo,user:email,workflow...
2024-05-10 10:01:33.638 [info] Got 1 sessions for read:user,repo,user:email,workflow...
2024-05-10 10:01:51.211 [info] Reading sessions from keychain...
2024-05-10 10:01:51.211 [info] Getting sessions for all scopes...
2024-05-10 10:01:51.218 [info] Got stored sessions!
2024-05-10 10:01:51.218 [info] Got 1 verified sessions.
2024-05-10 10:01:51.218 [info] Got 1 sessions for ...
2024-05-10 10:01:51.221 [info] Getting sessions for read:user,repo,user:email,workflow...
2024-05-10 10:01:51.221 [info] Got 1 sessions for read:user,repo,user:email,workflow...
2024-05-10 10:01:51.637 [info] Getting sessions for all scopes...
2024-05-10 10:01:51.637 [info] Got 1 sessions for ...
2024-05-10 10:01:51.949 [info] Getting sessions for all scopes...
2024-05-10 10:01:51.949 [info] Got 1 sessions for ...
2024-05-10 10:01:52.396 [info] Getting sessions for read:user,repo,user:email,workflow...
2024-05-10 10:01:52.396 [info] Got 1 sessions for read:user,repo,user:email,workflow...
