2024-05-10 09:50:13.255 [info] Started initializing default profile extensions in extensions installation folder. file:///home/onetap/.vscode/extensions
2024-05-10 09:50:13.842 [error] [uncaught exception in sharedProcess]: Error: ENOENT: no such file or directory, stat '/home/onetap/.vscode/extensions/extensions.json.vsctmp': EntryNotFound (FileSystemError): Error: ENOENT: no such file or directory, stat '/home/onetap/.vscode/extensions/extensions.json.vsctmp'
    at r.create (/nix/store/rlrxnml43nz39yvdx6ddqy2p4i8z9mpn-vscode-1.85.2/lib/vscode/resources/app/out/vs/code/node/sharedProcess/sharedProcessMain.js:51:30056)
    at a (/nix/store/rlrxnml43nz39yvdx6ddqy2p4i8z9mpn-vscode-1.85.2/lib/vscode/resources/app/out/vs/code/node/sharedProcess/sharedProcessMain.js:51:30170)
    at s.fb (/nix/store/rlrxnml43nz39yvdx6ddqy2p4i8z9mpn-vscode-1.85.2/lib/vscode/resources/app/out/vs/code/node/sharedProcess/sharedProcessMain.js:56:36175)
    at s.stat (/nix/store/rlrxnml43nz39yvdx6ddqy2p4i8z9mpn-vscode-1.85.2/lib/vscode/resources/app/out/vs/code/node/sharedProcess/sharedProcessMain.js:56:28621)
    at async E.stat (/nix/store/rlrxnml43nz39yvdx6ddqy2p4i8z9mpn-vscode-1.85.2/lib/vscode/resources/app/out/vs/code/node/sharedProcess/sharedProcessMain.js:56:15732)
    at async Y.tb (/nix/store/rlrxnml43nz39yvdx6ddqy2p4i8z9mpn-vscode-1.85.2/lib/vscode/resources/app/out/vs/code/node/sharedProcess/sharedProcessMain.js:100:111319)
2024-05-10 09:50:13.998 [warning] Failed to create default profile extensions manifest in extensions installation folder. file:///home/onetap/.vscode/extensions Unable to create file 'vscode-userdata:/home/onetap/.vscode/extensions/extensions.json' that already exists when overwrite flag is not set
2024-05-10 09:50:13.999 [info] Completed initializing default profile extensions in extensions installation folder. file:///home/onetap/.vscode/extensions
2024-05-10 09:50:41.509 [info] Getting Manifest... ms-python.python
2024-05-10 09:50:41.597 [info] Installing extension: ms-python.python
2024-05-10 09:50:43.524 [info] Getting Manifest... ms-python.vscode-pylance
2024-05-10 09:50:43.904 [info] Getting Manifest... ms-python.debugpy
2024-05-10 09:50:44.463 [info] Installing extension: ms-python.vscode-pylance ms-python.python
2024-05-10 09:50:44.465 [info] Installing extension: ms-python.debugpy ms-python.python
2024-05-10 09:50:52.087 [warning] Extension signature verification failed with error 'EACCES': ms-python.debugpy
2024-05-10 09:50:53.394 [warning] Extension signature verification failed with error 'EACCES': ms-python.python
2024-05-10 09:50:59.236 [info] Extracted extension to file:///home/onetap/.vscode/extensions/ms-python.debugpy-2024.0.0-linux-x64: ms-python.debugpy
2024-05-10 09:50:59.346 [info] Renamed to /home/onetap/.vscode/extensions/ms-python.debugpy-2024.0.0-linux-x64
2024-05-10 09:50:59.364 [info] Extracting extension completed. ms-python.debugpy
2024-05-10 09:50:59.500 [error] [uncaught exception in sharedProcess]: Error: ENOENT: no such file or directory, stat '/home/onetap/.vscode/extensions/extensions.json.vsctmp': EntryNotFound (FileSystemError): Error: ENOENT: no such file or directory, stat '/home/onetap/.vscode/extensions/extensions.json.vsctmp'
    at r.create (/nix/store/rlrxnml43nz39yvdx6ddqy2p4i8z9mpn-vscode-1.85.2/lib/vscode/resources/app/out/vs/code/node/sharedProcess/sharedProcessMain.js:51:30056)
    at a (/nix/store/rlrxnml43nz39yvdx6ddqy2p4i8z9mpn-vscode-1.85.2/lib/vscode/resources/app/out/vs/code/node/sharedProcess/sharedProcessMain.js:51:30170)
    at s.fb (/nix/store/rlrxnml43nz39yvdx6ddqy2p4i8z9mpn-vscode-1.85.2/lib/vscode/resources/app/out/vs/code/node/sharedProcess/sharedProcessMain.js:56:36175)
    at s.stat (/nix/store/rlrxnml43nz39yvdx6ddqy2p4i8z9mpn-vscode-1.85.2/lib/vscode/resources/app/out/vs/code/node/sharedProcess/sharedProcessMain.js:56:28621)
    at async E.stat (/nix/store/rlrxnml43nz39yvdx6ddqy2p4i8z9mpn-vscode-1.85.2/lib/vscode/resources/app/out/vs/code/node/sharedProcess/sharedProcessMain.js:56:15732)
    at async Y.tb (/nix/store/rlrxnml43nz39yvdx6ddqy2p4i8z9mpn-vscode-1.85.2/lib/vscode/resources/app/out/vs/code/node/sharedProcess/sharedProcessMain.js:100:111319)
2024-05-10 09:51:09.419 [info] Extracted extension to file:///home/onetap/.vscode/extensions/ms-python.python-2024.2.1: ms-python.python
2024-05-10 09:51:09.463 [info] Renamed to /home/onetap/.vscode/extensions/ms-python.python-2024.2.1
2024-05-10 09:51:09.496 [info] Extracting extension completed. ms-python.python
2024-05-10 09:51:09.652 [error] [uncaught exception in sharedProcess]: Error: ENOENT: no such file or directory, stat '/home/onetap/.vscode/extensions/extensions.json.vsctmp': EntryNotFound (FileSystemError): Error: ENOENT: no such file or directory, stat '/home/onetap/.vscode/extensions/extensions.json.vsctmp'
    at r.create (/nix/store/rlrxnml43nz39yvdx6ddqy2p4i8z9mpn-vscode-1.85.2/lib/vscode/resources/app/out/vs/code/node/sharedProcess/sharedProcessMain.js:51:30056)
    at a (/nix/store/rlrxnml43nz39yvdx6ddqy2p4i8z9mpn-vscode-1.85.2/lib/vscode/resources/app/out/vs/code/node/sharedProcess/sharedProcessMain.js:51:30170)
    at s.fb (/nix/store/rlrxnml43nz39yvdx6ddqy2p4i8z9mpn-vscode-1.85.2/lib/vscode/resources/app/out/vs/code/node/sharedProcess/sharedProcessMain.js:56:36175)
    at s.stat (/nix/store/rlrxnml43nz39yvdx6ddqy2p4i8z9mpn-vscode-1.85.2/lib/vscode/resources/app/out/vs/code/node/sharedProcess/sharedProcessMain.js:56:28621)
    at async E.stat (/nix/store/rlrxnml43nz39yvdx6ddqy2p4i8z9mpn-vscode-1.85.2/lib/vscode/resources/app/out/vs/code/node/sharedProcess/sharedProcessMain.js:56:15732)
    at async Y.tb (/nix/store/rlrxnml43nz39yvdx6ddqy2p4i8z9mpn-vscode-1.85.2/lib/vscode/resources/app/out/vs/code/node/sharedProcess/sharedProcessMain.js:100:111319)
2024-05-10 09:51:16.530 [warning] Extension signature verification failed with error 'EACCES': ms-python.vscode-pylance
2024-05-10 09:51:38.498 [info] Extracted extension to file:///home/onetap/.vscode/extensions/ms-python.vscode-pylance-2024.3.2: ms-python.vscode-pylance
2024-05-10 09:51:38.593 [info] Renamed to /home/onetap/.vscode/extensions/ms-python.vscode-pylance-2024.3.2
2024-05-10 09:51:38.621 [info] Extracting extension completed. ms-python.vscode-pylance
2024-05-10 09:51:38.710 [info] Extension installed successfully: ms-python.debugpy
2024-05-10 09:51:38.711 [info] Extension installed successfully: ms-python.python
2024-05-10 09:51:38.712 [info] Extension installed successfully: ms-python.vscode-pylance
2024-05-10 09:51:38.738 [error] [uncaught exception in sharedProcess]: Error: ENOENT: no such file or directory, stat '/home/onetap/.vscode/extensions/extensions.json.vsctmp': EntryNotFound (FileSystemError): Error: ENOENT: no such file or directory, stat '/home/onetap/.vscode/extensions/extensions.json.vsctmp'
    at r.create (/nix/store/rlrxnml43nz39yvdx6ddqy2p4i8z9mpn-vscode-1.85.2/lib/vscode/resources/app/out/vs/code/node/sharedProcess/sharedProcessMain.js:51:30056)
    at a (/nix/store/rlrxnml43nz39yvdx6ddqy2p4i8z9mpn-vscode-1.85.2/lib/vscode/resources/app/out/vs/code/node/sharedProcess/sharedProcessMain.js:51:30170)
    at s.fb (/nix/store/rlrxnml43nz39yvdx6ddqy2p4i8z9mpn-vscode-1.85.2/lib/vscode/resources/app/out/vs/code/node/sharedProcess/sharedProcessMain.js:56:36175)
    at s.stat (/nix/store/rlrxnml43nz39yvdx6ddqy2p4i8z9mpn-vscode-1.85.2/lib/vscode/resources/app/out/vs/code/node/sharedProcess/sharedProcessMain.js:56:28621)
    at async E.stat (/nix/store/rlrxnml43nz39yvdx6ddqy2p4i8z9mpn-vscode-1.85.2/lib/vscode/resources/app/out/vs/code/node/sharedProcess/sharedProcessMain.js:56:15732)
    at async Y.tb (/nix/store/rlrxnml43nz39yvdx6ddqy2p4i8z9mpn-vscode-1.85.2/lib/vscode/resources/app/out/vs/code/node/sharedProcess/sharedProcessMain.js:100:111319)
2024-05-10 09:57:25.426 [info] Getting Manifest... bbenoist.nix
2024-05-10 09:57:25.539 [info] Installing extension: bbenoist.nix
2024-05-10 09:57:27.911 [warning] Extension signature verification failed with error 'EACCES': bbenoist.nix
2024-05-10 09:57:27.988 [info] Extracted extension to file:///home/onetap/.vscode/extensions/bbenoist.nix-1.0.1: bbenoist.nix
2024-05-10 09:57:28.031 [info] Renamed to /home/onetap/.vscode/extensions/bbenoist.nix-1.0.1
2024-05-10 09:57:28.040 [info] Extracting extension completed. bbenoist.nix
2024-05-10 09:57:28.111 [info] Extension installed successfully: bbenoist.nix
2024-05-10 09:57:28.193 [error] [uncaught exception in sharedProcess]: Error: ENOENT: no such file or directory, stat '/home/onetap/.vscode/extensions/extensions.json.vsctmp': EntryNotFound (FileSystemError): Error: ENOENT: no such file or directory, stat '/home/onetap/.vscode/extensions/extensions.json.vsctmp'
    at r.create (/nix/store/rlrxnml43nz39yvdx6ddqy2p4i8z9mpn-vscode-1.85.2/lib/vscode/resources/app/out/vs/code/node/sharedProcess/sharedProcessMain.js:51:30056)
    at a (/nix/store/rlrxnml43nz39yvdx6ddqy2p4i8z9mpn-vscode-1.85.2/lib/vscode/resources/app/out/vs/code/node/sharedProcess/sharedProcessMain.js:51:30170)
    at s.fb (/nix/store/rlrxnml43nz39yvdx6ddqy2p4i8z9mpn-vscode-1.85.2/lib/vscode/resources/app/out/vs/code/node/sharedProcess/sharedProcessMain.js:56:36175)
    at s.stat (/nix/store/rlrxnml43nz39yvdx6ddqy2p4i8z9mpn-vscode-1.85.2/lib/vscode/resources/app/out/vs/code/node/sharedProcess/sharedProcessMain.js:56:28621)
    at async E.stat (/nix/store/rlrxnml43nz39yvdx6ddqy2p4i8z9mpn-vscode-1.85.2/lib/vscode/resources/app/out/vs/code/node/sharedProcess/sharedProcessMain.js:56:15732)
    at async Y.tb (/nix/store/rlrxnml43nz39yvdx6ddqy2p4i8z9mpn-vscode-1.85.2/lib/vscode/resources/app/out/vs/code/node/sharedProcess/sharedProcessMain.js:100:111319)
2024-05-10 09:58:26.351 [info] Getting Manifest... ms-ceintl.vscode-language-pack-ru
2024-05-10 09:58:26.415 [info] Installing extension: ms-ceintl.vscode-language-pack-ru
2024-05-10 09:58:29.229 [warning] Extension signature verification failed with error 'EACCES': ms-ceintl.vscode-language-pack-ru
2024-05-10 09:58:29.788 [info] Extracted extension to file:///home/onetap/.vscode/extensions/ms-ceintl.vscode-language-pack-ru-1.85.2024021409: ms-ceintl.vscode-language-pack-ru
2024-05-10 09:58:29.868 [info] Renamed to /home/onetap/.vscode/extensions/ms-ceintl.vscode-language-pack-ru-1.85.2024021409
2024-05-10 09:58:29.876 [info] Extracting extension completed. ms-ceintl.vscode-language-pack-ru
2024-05-10 09:58:29.942 [info] Adding language packs from the extension ms-ceintl.vscode-language-pack-ru
2024-05-10 09:58:30.008 [error] [uncaught exception in sharedProcess]: Error: ENOENT: no such file or directory, stat '/home/onetap/.vscode/extensions/extensions.json.vsctmp': EntryNotFound (FileSystemError): Error: ENOENT: no such file or directory, stat '/home/onetap/.vscode/extensions/extensions.json.vsctmp'
    at r.create (/nix/store/rlrxnml43nz39yvdx6ddqy2p4i8z9mpn-vscode-1.85.2/lib/vscode/resources/app/out/vs/code/node/sharedProcess/sharedProcessMain.js:51:30056)
    at a (/nix/store/rlrxnml43nz39yvdx6ddqy2p4i8z9mpn-vscode-1.85.2/lib/vscode/resources/app/out/vs/code/node/sharedProcess/sharedProcessMain.js:51:30170)
    at s.fb (/nix/store/rlrxnml43nz39yvdx6ddqy2p4i8z9mpn-vscode-1.85.2/lib/vscode/resources/app/out/vs/code/node/sharedProcess/sharedProcessMain.js:56:36175)
    at s.stat (/nix/store/rlrxnml43nz39yvdx6ddqy2p4i8z9mpn-vscode-1.85.2/lib/vscode/resources/app/out/vs/code/node/sharedProcess/sharedProcessMain.js:56:28621)
    at async E.stat (/nix/store/rlrxnml43nz39yvdx6ddqy2p4i8z9mpn-vscode-1.85.2/lib/vscode/resources/app/out/vs/code/node/sharedProcess/sharedProcessMain.js:56:15732)
    at async Y.tb (/nix/store/rlrxnml43nz39yvdx6ddqy2p4i8z9mpn-vscode-1.85.2/lib/vscode/resources/app/out/vs/code/node/sharedProcess/sharedProcessMain.js:100:111319)
2024-05-10 09:58:30.464 [info] Extension installed successfully: ms-ceintl.vscode-language-pack-ru
