2024-05-10 11:34:47.295 [info] Эксперимент «pythonRecommendTensorboardExt» активен
2024-05-10 11:34:47.295 [info] Эксперимент «pythonREPLSmartSend» активен
2024-05-10 11:34:47.295 [info] Эксперимент «pythonTerminalEnvVarActivation» активен
2024-05-10 11:34:47.295 [info] Эксперимент «pythonTestAdapter» активен
2024-05-10 11:34:49.452 [info] Default formatter is set to null for workspace /home/onetap/Documents/MyPythonProjects
2024-05-10 11:34:49.618 [info] Test server listening.
2024-05-10 11:34:49.855 [info] > /run/current-system/sw/bin/python -I ~/.vscode/extensions/ms-python.python-2024.2.1/pythonFiles/get_output_via_markers.py ~/.vscode/extensions/ms-python.python-2024.2.1/pythonFiles/interpreterInfo.py
2024-05-10 11:34:51.705 [info] Путь к интерпретатору Python: /run/current-system/sw/bin/python
2024-05-10 11:35:04.856 [info] Запуск языкового сервера Pylance.
2024-05-10 11:36:38.356 [info] Discover tests for workspace name: MyPythonProjects - uri: /home/onetap/Documents/MyPythonProjects/Что-то моё/Heaven.py
2024-05-10 11:36:45.440 [info] Send text to terminal:  /usr/bin/env /run/current-system/sw/bin/python /home/onetap/.vscode/extensions/ms-python.debugpy-2024.0.0-linux-x64/bundled/libs/debugpy/adapter/../../debugpy/launcher 60477 -- /home/onetap/Documents/MyPythonProjects/Что-то\ моё/Heaven.py 
2024-05-10 11:40:23.516 [info] Discover tests for workspace name: MyPythonProjects - uri: /home/onetap/Documents/MyPythonProjects/Что-то моё/Heaven.py
2024-05-10 11:40:24.410 [info] Send text to terminal:  cd /home/onetap/Documents/MyPythonProjects ; /usr/bin/env /run/current-system/sw/bin/python /home/onetap/.vscode/extensions/ms-python.debugpy-2024.0.0-linux-x64/bundled/libs/debugpy/adapter/../../debugpy/launcher 46355 -- /home/onetap/Documents/MyPythonProjects/Что-то\ моё/Heaven.py 
2024-05-10 11:41:41.242 [info] Send text to terminal:  cd /home/onetap/Documents/MyPythonProjects ; /usr/bin/env /run/current-system/sw/bin/python /home/onetap/.vscode/extensions/ms-python.debugpy-2024.0.0-linux-x64/bundled/libs/debugpy/adapter/../../debugpy/launcher 41123 -- /home/onetap/Documents/MyPythonProjects/Что-то\ моё/Heaven.py 
2024-05-10 11:42:53.345 [info] Send text to terminal:  cd /home/onetap/Documents/MyPythonProjects ; /usr/bin/env /run/current-system/sw/bin/python /home/onetap/.vscode/extensions/ms-python.debugpy-2024.0.0-linux-x64/bundled/libs/debugpy/adapter/../../debugpy/launcher 48039 -- /home/onetap/Documents/MyPythonProjects/Что-то\ моё/Heaven.py 
2024-05-10 11:44:11.807 [info] Send text to terminal:  cd /home/onetap/Documents/MyPythonProjects ; /usr/bin/env /run/current-system/sw/bin/python /home/onetap/.vscode/extensions/ms-python.debugpy-2024.0.0-linux-x64/bundled/libs/debugpy/adapter/../../debugpy/launcher 42701 -- /home/onetap/Documents/MyPythonProjects/Что-то\ моё/Heaven.py 
2024-05-10 11:47:24.347 [info] Discover tests for workspace name: MyPythonProjects - uri: /home/onetap/Documents/MyPythonProjects/Что-то моё/Heaven.py
2024-05-10 11:47:25.318 [info] Send text to terminal:  cd /home/onetap/Documents/MyPythonProjects ; /usr/bin/env /run/current-system/sw/bin/python /home/onetap/.vscode/extensions/ms-python.debugpy-2024.0.0-linux-x64/bundled/libs/debugpy/adapter/../../debugpy/launcher 33535 -- /home/onetap/Documents/MyPythonProjects/Что-то\ моё/Heaven.py 
2024-05-10 11:48:02.940 [info] Send text to terminal:  cd /home/onetap/Documents/MyPythonProjects ; /usr/bin/env /run/current-system/sw/bin/python /home/onetap/.vscode/extensions/ms-python.debugpy-2024.0.0-linux-x64/bundled/libs/debugpy/adapter/../../debugpy/launcher 50143 -- /home/onetap/Documents/MyPythonProjects/Что-то\ моё/Heaven.py 
2024-05-10 11:48:18.141 [info] Discover tests for workspace name: MyPythonProjects - uri: /home/onetap/Documents/MyPythonProjects/Что-то моё/Heaven.py
2024-05-10 11:48:19.108 [info] Send text to terminal:  cd /home/onetap/Documents/MyPythonProjects ; /usr/bin/env /run/current-system/sw/bin/python /home/onetap/.vscode/extensions/ms-python.debugpy-2024.0.0-linux-x64/bundled/libs/debugpy/adapter/../../debugpy/launcher 40661 -- /home/onetap/Documents/MyPythonProjects/Что-то\ моё/Heaven.py 
2024-05-10 11:50:31.838 [info] Send text to terminal:  cd /home/onetap/Documents/MyPythonProjects ; /usr/bin/env /run/current-system/sw/bin/python /home/onetap/.vscode/extensions/ms-python.debugpy-2024.0.0-linux-x64/bundled/libs/debugpy/adapter/../../debugpy/launcher 59619 -- /home/onetap/Documents/MyPythonProjects/Что-то\ моё/Heaven.py 
2024-05-10 11:53:17.828 [info] Send text to terminal:  cd /home/onetap/Documents/MyPythonProjects ; /usr/bin/env /run/current-system/sw/bin/python /home/onetap/.vscode/extensions/ms-python.debugpy-2024.0.0-linux-x64/bundled/libs/debugpy/adapter/../../debugpy/launcher 39063 -- /home/onetap/Documents/MyPythonProjects/Что-то\ моё/Heaven.py 
2024-05-10 11:55:56.264 [info] Discover tests for workspace name: MyPythonProjects - uri: /home/onetap/Documents/MyPythonProjects/Что-то моё/Heaven.py
