2024-05-10 09:53:06.441 [info] Reading sessions from keychain...
2024-05-10 09:53:06.441 [info] Getting sessions for all scopes...
2024-05-10 09:53:06.441 [info] Got 0 sessions for ...
2024-05-10 09:53:06.441 [info] Getting sessions for all scopes...
2024-05-10 09:53:06.441 [info] Got 0 sessions for ...
2024-05-10 09:53:06.441 [info] Getting sessions for read:user,repo,user:email,workflow...
2024-05-10 09:53:06.441 [info] Got 0 sessions for read:user,repo,user:email,workflow...
2024-05-10 09:53:08.438 [info] Logging in for the following scopes: read:user repo user:email workflow
2024-05-10 09:53:08.455 [info] Trying without local server... (read:user repo user:email workflow)
2024-05-10 09:53:23.173 [info] Exchanging code for token...
2024-05-10 09:53:23.606 [info] Token exchange success!
2024-05-10 09:53:23.618 [info] Getting user info...
2024-05-10 09:53:24.039 [info] Got account info!
2024-05-10 09:53:24.042 [info] Storing 1 sessions...
2024-05-10 09:53:28.898 [info] Reading sessions from keychain...
2024-05-10 09:53:28.898 [info] Stored 1 sessions!
2024-05-10 09:53:28.899 [info] Login success!
2024-05-10 09:53:29.475 [info] Got stored sessions!
2024-05-10 09:53:29.476 [info] Got 1 verified sessions.
2024-05-10 09:54:27.905 [info] Reading sessions from keychain...
2024-05-10 09:54:27.905 [info] Getting sessions for all scopes...
2024-05-10 09:54:27.905 [info] Got stored sessions!
2024-05-10 09:54:27.905 [info] Got 1 verified sessions.
2024-05-10 09:54:27.905 [info] Got 1 sessions for ...
2024-05-10 09:54:27.905 [info] Getting sessions for read:user,repo,user:email,workflow...
2024-05-10 09:54:27.905 [info] Got 1 sessions for read:user,repo,user:email,workflow...
2024-05-10 09:54:28.196 [info] Getting sessions for all scopes...
2024-05-10 09:54:28.196 [info] Got 1 sessions for ...
2024-05-10 09:54:29.412 [info] Getting sessions for read:user,repo,user:email,workflow...
2024-05-10 09:54:29.412 [info] Got 1 sessions for read:user,repo,user:email,workflow...
2024-05-10 09:58:00.622 [info] Getting sessions for read:user,repo,user:email,workflow...
2024-05-10 09:58:00.623 [info] Got 1 sessions for read:user,repo,user:email,workflow...
