2024-05-10 09:50:08.954 [info] Added views:workbench.panel.markers.view in workbench.panel.markers
2024-05-10 09:50:08.954 [info] Added views:workbench.panel.output in workbench.panel.output
2024-05-10 09:50:08.954 [info] Added views:terminal in terminal
2024-05-10 09:50:08.954 [info] Added views:outline in workbench.view.explorer
2024-05-10 09:50:08.954 [info] Added views:workbench.scm in workbench.view.scm
2024-05-10 09:50:08.954 [info] Added views:workbench.view.search in workbench.view.search
2024-05-10 09:50:08.955 [info] Added views:timeline in workbench.view.explorer
2024-05-10 09:50:08.955 [info] Added views:workbench.explorer.emptyView in workbench.view.explorer
2024-05-10 09:50:13.744 [info] Added views:workbench.debug.variablesView,workbench.debug.watchExpressionsView,workbench.debug.callStackView,workbench.debug.breakPointsView in workbench.view.debug
2024-05-10 09:50:15.413 [info] Added views:workbench.panel.repl.view in workbench.panel.repl
2024-05-10 09:50:15.437 [info] Removed views:workbench.debug.breakPointsView,workbench.debug.callStackView,workbench.debug.watchExpressionsView,workbench.debug.variablesView from workbench.view.debug
2024-05-10 09:50:15.445 [info] Added views:workbench.debug.welcome in workbench.view.debug
2024-05-10 09:50:16.564 [info] Added views:~remote.forwardedPorts in ~remote.forwardedPortsContainer
2024-05-10 09:50:25.241 [info] Added views:workbench.views.extensions.installed,workbench.views.extensions.popular,extensions.recommendedList in workbench.view.extensions
2024-05-10 09:50:25.268 [info] Removed views:workbench.views.extensions.popular from workbench.view.extensions
2024-05-10 09:50:28.181 [info] Added views:workbench.views.extensions.popular in workbench.view.extensions
2024-05-10 09:50:29.775 [info] Removed views:extensions.recommendedList,workbench.views.extensions.popular,workbench.views.extensions.installed from workbench.view.extensions
2024-05-10 09:50:29.810 [info] Added views:workbench.views.extensions.marketplace in workbench.view.extensions
2024-05-10 09:54:06.945 [info] Added views:workbench.panel.markers.view in workbench.panel.markers
2024-05-10 09:54:06.953 [info] Added views:workbench.panel.output in workbench.panel.output
2024-05-10 09:54:06.953 [info] Added views:terminal in terminal
2024-05-10 09:54:06.953 [info] Added views:outline in workbench.view.explorer
2024-05-10 09:54:06.954 [info] Added views:workbench.scm in workbench.view.scm
2024-05-10 09:54:06.954 [info] Added views:workbench.view.search in workbench.view.search
2024-05-10 09:54:06.954 [info] Added views:timeline in workbench.view.explorer
2024-05-10 09:54:06.954 [info] Added views:workbench.explorer.fileView in workbench.view.explorer
2024-05-10 09:54:11.915 [info] Added views:workbench.debug.variablesView,workbench.debug.watchExpressionsView,workbench.debug.callStackView,workbench.debug.breakPointsView in workbench.view.debug
2024-05-10 09:54:13.312 [info] Added views:workbench.panel.repl.view in workbench.panel.repl
2024-05-10 09:54:13.323 [info] Removed views:workbench.debug.breakPointsView,workbench.debug.callStackView,workbench.debug.watchExpressionsView,workbench.debug.variablesView from workbench.view.debug
2024-05-10 09:54:13.325 [info] Added views:workbench.debug.welcome in workbench.view.debug
2024-05-10 09:54:21.770 [info] Added views:~remote.forwardedPorts in ~remote.forwardedPortsContainer
2024-05-10 09:57:13.255 [info] Added views:workbench.views.extensions.installed,workbench.views.extensions.popular,extensions.recommendedList in workbench.view.extensions
2024-05-10 09:57:13.269 [info] Removed views:workbench.views.extensions.popular from workbench.view.extensions
2024-05-10 09:57:17.191 [info] Removed views:extensions.recommendedList,workbench.views.extensions.installed from workbench.view.extensions
2024-05-10 09:57:17.296 [info] Added views:workbench.views.extensions.marketplace in workbench.view.extensions
2024-05-10 09:57:19.110 [info] Removed views:workbench.views.extensions.marketplace from workbench.view.extensions
2024-05-10 09:57:19.147 [info] Added views:workbench.views.extensions.installed,extensions.recommendedList in workbench.view.extensions
2024-05-10 09:57:20.974 [info] Removed views:extensions.recommendedList,workbench.views.extensions.installed from workbench.view.extensions
2024-05-10 09:57:21.000 [info] Added views:workbench.views.extensions.marketplace in workbench.view.extensions
2024-05-10 09:58:20.478 [info] Removed views:workbench.views.extensions.marketplace from workbench.view.extensions
2024-05-10 09:58:20.527 [info] Added views:workbench.views.extensions.installed,extensions.recommendedList in workbench.view.extensions
2024-05-10 09:58:22.676 [info] Removed views:extensions.recommendedList,workbench.views.extensions.installed from workbench.view.extensions
2024-05-10 09:58:22.707 [info] Added views:workbench.views.extensions.marketplace in workbench.view.extensions
