2024-05-10 11:34:39.164 [info] Extension host with pid 1430 started
2024-05-10 11:34:39.168 [info] Skipping acquiring lock for /home/onetap/.config/Code/User/workspaceStorage/12cbaa4b29f6bbf601909de9a56a5485.
2024-05-10 11:34:42.999 [info] ExtensionService#_doActivateExtension vscode.emmet, startup: false, activationEvent: 'onLanguage'
2024-05-10 11:34:43.002 [info] ExtensionService#_doActivateExtension ms-python.debugpy, startup: false, activationEvent: 'onLanguage:python'
2024-05-10 11:34:43.018 [info] ExtensionService#_doActivateExtension ms-python.python, startup: false, activationEvent: 'onLanguage:python'
2024-05-10 11:34:43.881 [info] ExtensionService#_doActivateExtension vscode.git-base, startup: true, activationEvent: '*', root cause: vscode.git
2024-05-10 11:34:53.071 [info] ExtensionService#_doActivateExtension ms-python.vscode-pylance, startup: false, activationEvent: 'onLanguage:python'
2024-05-10 11:34:55.535 [info] ExtensionService#_doActivateExtension vscode.git, startup: true, activationEvent: '*'
2024-05-10 11:34:55.541 [info] ExtensionService#_doActivateExtension vscode.github, startup: true, activationEvent: '*'
2024-05-10 11:34:56.016 [info] ExtensionService#_doActivateExtension vscode.debug-auto-launch, startup: false, activationEvent: 'onStartupFinished'
2024-05-10 11:34:56.024 [info] ExtensionService#_doActivateExtension vscode.merge-conflict, startup: false, activationEvent: 'onStartupFinished'
2024-05-10 11:34:58.140 [info] Eager extensions activated
2024-05-10 11:34:59.891 [info] ExtensionService#_doActivateExtension vscode.github-authentication, startup: false, activationEvent: 'onAuthenticationRequest:github'
2024-05-10 11:36:38.605 [info] ExtensionService#_doActivateExtension vscode.debug-server-ready, startup: false, activationEvent: 'onDebugResolve'
2024-05-10 11:39:45.313 [error] Error: Invalid debug adapter
    at v.m (vscode-file://vscode-app/nix/store/rlrxnml43nz39yvdx6ddqy2p4i8z9mpn-vscode-1.85.2/lib/vscode/resources/app/out/vs/workbench/workbench.desktop.main.js:1553:95)
    at v.$acceptDAError (vscode-file://vscode-app/nix/store/rlrxnml43nz39yvdx6ddqy2p4i8z9mpn-vscode-1.85.2/lib/vscode/resources/app/out/vs/workbench/workbench.desktop.main.js:1552:7629)
    at m.S (vscode-file://vscode-app/nix/store/rlrxnml43nz39yvdx6ddqy2p4i8z9mpn-vscode-1.85.2/lib/vscode/resources/app/out/vs/workbench/workbench.desktop.main.js:1561:18889)
    at m.Q (vscode-file://vscode-app/nix/store/rlrxnml43nz39yvdx6ddqy2p4i8z9mpn-vscode-1.85.2/lib/vscode/resources/app/out/vs/workbench/workbench.desktop.main.js:1561:18655)
    at m.M (vscode-file://vscode-app/nix/store/rlrxnml43nz39yvdx6ddqy2p4i8z9mpn-vscode-1.85.2/lib/vscode/resources/app/out/vs/workbench/workbench.desktop.main.js:1561:17748)
    at m.L (vscode-file://vscode-app/nix/store/rlrxnml43nz39yvdx6ddqy2p4i8z9mpn-vscode-1.85.2/lib/vscode/resources/app/out/vs/workbench/workbench.desktop.main.js:1561:16827)
    at o.value (vscode-file://vscode-app/nix/store/rlrxnml43nz39yvdx6ddqy2p4i8z9mpn-vscode-1.85.2/lib/vscode/resources/app/out/vs/workbench/workbench.desktop.main.js:1561:15630)
    at u.y (vscode-file://vscode-app/nix/store/rlrxnml43nz39yvdx6ddqy2p4i8z9mpn-vscode-1.85.2/lib/vscode/resources/app/out/vs/workbench/workbench.desktop.main.js:87:1902)
    at u.fire (vscode-file://vscode-app/nix/store/rlrxnml43nz39yvdx6ddqy2p4i8z9mpn-vscode-1.85.2/lib/vscode/resources/app/out/vs/workbench/workbench.desktop.main.js:87:2119)
    at s.fire (vscode-file://vscode-app/nix/store/rlrxnml43nz39yvdx6ddqy2p4i8z9mpn-vscode-1.85.2/lib/vscode/resources/app/out/vs/workbench/workbench.desktop.main.js:616:14449)
    at x.onmessage (vscode-file://vscode-app/nix/store/rlrxnml43nz39yvdx6ddqy2p4i8z9mpn-vscode-1.85.2/lib/vscode/resources/app/out/vs/workbench/workbench.desktop.main.js:1657:7802)
2024-05-10 11:39:45.325 [error] Error: Invalid debug adapter
    at v.m (vscode-file://vscode-app/nix/store/rlrxnml43nz39yvdx6ddqy2p4i8z9mpn-vscode-1.85.2/lib/vscode/resources/app/out/vs/workbench/workbench.desktop.main.js:1553:95)
    at v.$acceptDAExit (vscode-file://vscode-app/nix/store/rlrxnml43nz39yvdx6ddqy2p4i8z9mpn-vscode-1.85.2/lib/vscode/resources/app/out/vs/workbench/workbench.desktop.main.js:1553:35)
    at m.S (vscode-file://vscode-app/nix/store/rlrxnml43nz39yvdx6ddqy2p4i8z9mpn-vscode-1.85.2/lib/vscode/resources/app/out/vs/workbench/workbench.desktop.main.js:1561:18889)
    at m.Q (vscode-file://vscode-app/nix/store/rlrxnml43nz39yvdx6ddqy2p4i8z9mpn-vscode-1.85.2/lib/vscode/resources/app/out/vs/workbench/workbench.desktop.main.js:1561:18655)
    at m.M (vscode-file://vscode-app/nix/store/rlrxnml43nz39yvdx6ddqy2p4i8z9mpn-vscode-1.85.2/lib/vscode/resources/app/out/vs/workbench/workbench.desktop.main.js:1561:17748)
    at m.L (vscode-file://vscode-app/nix/store/rlrxnml43nz39yvdx6ddqy2p4i8z9mpn-vscode-1.85.2/lib/vscode/resources/app/out/vs/workbench/workbench.desktop.main.js:1561:16966)
    at o.value (vscode-file://vscode-app/nix/store/rlrxnml43nz39yvdx6ddqy2p4i8z9mpn-vscode-1.85.2/lib/vscode/resources/app/out/vs/workbench/workbench.desktop.main.js:1561:15630)
    at u.y (vscode-file://vscode-app/nix/store/rlrxnml43nz39yvdx6ddqy2p4i8z9mpn-vscode-1.85.2/lib/vscode/resources/app/out/vs/workbench/workbench.desktop.main.js:87:1902)
    at u.fire (vscode-file://vscode-app/nix/store/rlrxnml43nz39yvdx6ddqy2p4i8z9mpn-vscode-1.85.2/lib/vscode/resources/app/out/vs/workbench/workbench.desktop.main.js:87:2119)
    at s.fire (vscode-file://vscode-app/nix/store/rlrxnml43nz39yvdx6ddqy2p4i8z9mpn-vscode-1.85.2/lib/vscode/resources/app/out/vs/workbench/workbench.desktop.main.js:616:14449)
    at x.onmessage (vscode-file://vscode-app/nix/store/rlrxnml43nz39yvdx6ddqy2p4i8z9mpn-vscode-1.85.2/lib/vscode/resources/app/out/vs/workbench/workbench.desktop.main.js:1657:7802)
2024-05-10 11:41:13.546 [error] Error: Invalid debug adapter
    at v.m (vscode-file://vscode-app/nix/store/rlrxnml43nz39yvdx6ddqy2p4i8z9mpn-vscode-1.85.2/lib/vscode/resources/app/out/vs/workbench/workbench.desktop.main.js:1553:95)
    at v.$acceptDAExit (vscode-file://vscode-app/nix/store/rlrxnml43nz39yvdx6ddqy2p4i8z9mpn-vscode-1.85.2/lib/vscode/resources/app/out/vs/workbench/workbench.desktop.main.js:1553:35)
    at m.S (vscode-file://vscode-app/nix/store/rlrxnml43nz39yvdx6ddqy2p4i8z9mpn-vscode-1.85.2/lib/vscode/resources/app/out/vs/workbench/workbench.desktop.main.js:1561:18889)
    at m.Q (vscode-file://vscode-app/nix/store/rlrxnml43nz39yvdx6ddqy2p4i8z9mpn-vscode-1.85.2/lib/vscode/resources/app/out/vs/workbench/workbench.desktop.main.js:1561:18655)
    at m.M (vscode-file://vscode-app/nix/store/rlrxnml43nz39yvdx6ddqy2p4i8z9mpn-vscode-1.85.2/lib/vscode/resources/app/out/vs/workbench/workbench.desktop.main.js:1561:17748)
    at m.L (vscode-file://vscode-app/nix/store/rlrxnml43nz39yvdx6ddqy2p4i8z9mpn-vscode-1.85.2/lib/vscode/resources/app/out/vs/workbench/workbench.desktop.main.js:1561:16966)
    at o.value (vscode-file://vscode-app/nix/store/rlrxnml43nz39yvdx6ddqy2p4i8z9mpn-vscode-1.85.2/lib/vscode/resources/app/out/vs/workbench/workbench.desktop.main.js:1561:15630)
    at u.y (vscode-file://vscode-app/nix/store/rlrxnml43nz39yvdx6ddqy2p4i8z9mpn-vscode-1.85.2/lib/vscode/resources/app/out/vs/workbench/workbench.desktop.main.js:87:1902)
    at u.fire (vscode-file://vscode-app/nix/store/rlrxnml43nz39yvdx6ddqy2p4i8z9mpn-vscode-1.85.2/lib/vscode/resources/app/out/vs/workbench/workbench.desktop.main.js:87:2119)
    at s.fire (vscode-file://vscode-app/nix/store/rlrxnml43nz39yvdx6ddqy2p4i8z9mpn-vscode-1.85.2/lib/vscode/resources/app/out/vs/workbench/workbench.desktop.main.js:616:14449)
    at x.onmessage (vscode-file://vscode-app/nix/store/rlrxnml43nz39yvdx6ddqy2p4i8z9mpn-vscode-1.85.2/lib/vscode/resources/app/out/vs/workbench/workbench.desktop.main.js:1657:7802)
2024-05-10 11:41:13.554 [error] Error: Invalid debug adapter
    at v.m (vscode-file://vscode-app/nix/store/rlrxnml43nz39yvdx6ddqy2p4i8z9mpn-vscode-1.85.2/lib/vscode/resources/app/out/vs/workbench/workbench.desktop.main.js:1553:95)
    at v.$acceptDAError (vscode-file://vscode-app/nix/store/rlrxnml43nz39yvdx6ddqy2p4i8z9mpn-vscode-1.85.2/lib/vscode/resources/app/out/vs/workbench/workbench.desktop.main.js:1552:7629)
    at m.S (vscode-file://vscode-app/nix/store/rlrxnml43nz39yvdx6ddqy2p4i8z9mpn-vscode-1.85.2/lib/vscode/resources/app/out/vs/workbench/workbench.desktop.main.js:1561:18889)
    at m.Q (vscode-file://vscode-app/nix/store/rlrxnml43nz39yvdx6ddqy2p4i8z9mpn-vscode-1.85.2/lib/vscode/resources/app/out/vs/workbench/workbench.desktop.main.js:1561:18655)
    at m.M (vscode-file://vscode-app/nix/store/rlrxnml43nz39yvdx6ddqy2p4i8z9mpn-vscode-1.85.2/lib/vscode/resources/app/out/vs/workbench/workbench.desktop.main.js:1561:17748)
    at m.L (vscode-file://vscode-app/nix/store/rlrxnml43nz39yvdx6ddqy2p4i8z9mpn-vscode-1.85.2/lib/vscode/resources/app/out/vs/workbench/workbench.desktop.main.js:1561:16827)
    at o.value (vscode-file://vscode-app/nix/store/rlrxnml43nz39yvdx6ddqy2p4i8z9mpn-vscode-1.85.2/lib/vscode/resources/app/out/vs/workbench/workbench.desktop.main.js:1561:15630)
    at u.y (vscode-file://vscode-app/nix/store/rlrxnml43nz39yvdx6ddqy2p4i8z9mpn-vscode-1.85.2/lib/vscode/resources/app/out/vs/workbench/workbench.desktop.main.js:87:1902)
    at u.fire (vscode-file://vscode-app/nix/store/rlrxnml43nz39yvdx6ddqy2p4i8z9mpn-vscode-1.85.2/lib/vscode/resources/app/out/vs/workbench/workbench.desktop.main.js:87:2119)
    at s.fire (vscode-file://vscode-app/nix/store/rlrxnml43nz39yvdx6ddqy2p4i8z9mpn-vscode-1.85.2/lib/vscode/resources/app/out/vs/workbench/workbench.desktop.main.js:616:14449)
    at x.onmessage (vscode-file://vscode-app/nix/store/rlrxnml43nz39yvdx6ddqy2p4i8z9mpn-vscode-1.85.2/lib/vscode/resources/app/out/vs/workbench/workbench.desktop.main.js:1657:7802)
2024-05-10 11:42:37.546 [error] Error: Invalid debug adapter
    at v.m (vscode-file://vscode-app/nix/store/rlrxnml43nz39yvdx6ddqy2p4i8z9mpn-vscode-1.85.2/lib/vscode/resources/app/out/vs/workbench/workbench.desktop.main.js:1553:95)
    at v.$acceptDAExit (vscode-file://vscode-app/nix/store/rlrxnml43nz39yvdx6ddqy2p4i8z9mpn-vscode-1.85.2/lib/vscode/resources/app/out/vs/workbench/workbench.desktop.main.js:1553:35)
    at m.S (vscode-file://vscode-app/nix/store/rlrxnml43nz39yvdx6ddqy2p4i8z9mpn-vscode-1.85.2/lib/vscode/resources/app/out/vs/workbench/workbench.desktop.main.js:1561:18889)
    at m.Q (vscode-file://vscode-app/nix/store/rlrxnml43nz39yvdx6ddqy2p4i8z9mpn-vscode-1.85.2/lib/vscode/resources/app/out/vs/workbench/workbench.desktop.main.js:1561:18655)
    at m.M (vscode-file://vscode-app/nix/store/rlrxnml43nz39yvdx6ddqy2p4i8z9mpn-vscode-1.85.2/lib/vscode/resources/app/out/vs/workbench/workbench.desktop.main.js:1561:17748)
    at m.L (vscode-file://vscode-app/nix/store/rlrxnml43nz39yvdx6ddqy2p4i8z9mpn-vscode-1.85.2/lib/vscode/resources/app/out/vs/workbench/workbench.desktop.main.js:1561:16966)
    at o.value (vscode-file://vscode-app/nix/store/rlrxnml43nz39yvdx6ddqy2p4i8z9mpn-vscode-1.85.2/lib/vscode/resources/app/out/vs/workbench/workbench.desktop.main.js:1561:15630)
    at u.y (vscode-file://vscode-app/nix/store/rlrxnml43nz39yvdx6ddqy2p4i8z9mpn-vscode-1.85.2/lib/vscode/resources/app/out/vs/workbench/workbench.desktop.main.js:87:1902)
    at u.fire (vscode-file://vscode-app/nix/store/rlrxnml43nz39yvdx6ddqy2p4i8z9mpn-vscode-1.85.2/lib/vscode/resources/app/out/vs/workbench/workbench.desktop.main.js:87:2119)
    at s.fire (vscode-file://vscode-app/nix/store/rlrxnml43nz39yvdx6ddqy2p4i8z9mpn-vscode-1.85.2/lib/vscode/resources/app/out/vs/workbench/workbench.desktop.main.js:616:14449)
    at x.onmessage (vscode-file://vscode-app/nix/store/rlrxnml43nz39yvdx6ddqy2p4i8z9mpn-vscode-1.85.2/lib/vscode/resources/app/out/vs/workbench/workbench.desktop.main.js:1657:7802)
2024-05-10 11:42:37.550 [error] Error: Invalid debug adapter
    at v.m (vscode-file://vscode-app/nix/store/rlrxnml43nz39yvdx6ddqy2p4i8z9mpn-vscode-1.85.2/lib/vscode/resources/app/out/vs/workbench/workbench.desktop.main.js:1553:95)
    at v.$acceptDAError (vscode-file://vscode-app/nix/store/rlrxnml43nz39yvdx6ddqy2p4i8z9mpn-vscode-1.85.2/lib/vscode/resources/app/out/vs/workbench/workbench.desktop.main.js:1552:7629)
    at m.S (vscode-file://vscode-app/nix/store/rlrxnml43nz39yvdx6ddqy2p4i8z9mpn-vscode-1.85.2/lib/vscode/resources/app/out/vs/workbench/workbench.desktop.main.js:1561:18889)
    at m.Q (vscode-file://vscode-app/nix/store/rlrxnml43nz39yvdx6ddqy2p4i8z9mpn-vscode-1.85.2/lib/vscode/resources/app/out/vs/workbench/workbench.desktop.main.js:1561:18655)
    at m.M (vscode-file://vscode-app/nix/store/rlrxnml43nz39yvdx6ddqy2p4i8z9mpn-vscode-1.85.2/lib/vscode/resources/app/out/vs/workbench/workbench.desktop.main.js:1561:17748)
    at m.L (vscode-file://vscode-app/nix/store/rlrxnml43nz39yvdx6ddqy2p4i8z9mpn-vscode-1.85.2/lib/vscode/resources/app/out/vs/workbench/workbench.desktop.main.js:1561:16827)
    at o.value (vscode-file://vscode-app/nix/store/rlrxnml43nz39yvdx6ddqy2p4i8z9mpn-vscode-1.85.2/lib/vscode/resources/app/out/vs/workbench/workbench.desktop.main.js:1561:15630)
    at u.y (vscode-file://vscode-app/nix/store/rlrxnml43nz39yvdx6ddqy2p4i8z9mpn-vscode-1.85.2/lib/vscode/resources/app/out/vs/workbench/workbench.desktop.main.js:87:1902)
    at u.fire (vscode-file://vscode-app/nix/store/rlrxnml43nz39yvdx6ddqy2p4i8z9mpn-vscode-1.85.2/lib/vscode/resources/app/out/vs/workbench/workbench.desktop.main.js:87:2119)
    at s.fire (vscode-file://vscode-app/nix/store/rlrxnml43nz39yvdx6ddqy2p4i8z9mpn-vscode-1.85.2/lib/vscode/resources/app/out/vs/workbench/workbench.desktop.main.js:616:14449)
    at x.onmessage (vscode-file://vscode-app/nix/store/rlrxnml43nz39yvdx6ddqy2p4i8z9mpn-vscode-1.85.2/lib/vscode/resources/app/out/vs/workbench/workbench.desktop.main.js:1657:7802)
2024-05-10 11:44:10.116 [error] Error: Invalid debug adapter
    at v.m (vscode-file://vscode-app/nix/store/rlrxnml43nz39yvdx6ddqy2p4i8z9mpn-vscode-1.85.2/lib/vscode/resources/app/out/vs/workbench/workbench.desktop.main.js:1553:95)
    at v.$acceptDAError (vscode-file://vscode-app/nix/store/rlrxnml43nz39yvdx6ddqy2p4i8z9mpn-vscode-1.85.2/lib/vscode/resources/app/out/vs/workbench/workbench.desktop.main.js:1552:7629)
    at m.S (vscode-file://vscode-app/nix/store/rlrxnml43nz39yvdx6ddqy2p4i8z9mpn-vscode-1.85.2/lib/vscode/resources/app/out/vs/workbench/workbench.desktop.main.js:1561:18889)
    at m.Q (vscode-file://vscode-app/nix/store/rlrxnml43nz39yvdx6ddqy2p4i8z9mpn-vscode-1.85.2/lib/vscode/resources/app/out/vs/workbench/workbench.desktop.main.js:1561:18655)
    at m.M (vscode-file://vscode-app/nix/store/rlrxnml43nz39yvdx6ddqy2p4i8z9mpn-vscode-1.85.2/lib/vscode/resources/app/out/vs/workbench/workbench.desktop.main.js:1561:17748)
    at m.L (vscode-file://vscode-app/nix/store/rlrxnml43nz39yvdx6ddqy2p4i8z9mpn-vscode-1.85.2/lib/vscode/resources/app/out/vs/workbench/workbench.desktop.main.js:1561:16827)
    at o.value (vscode-file://vscode-app/nix/store/rlrxnml43nz39yvdx6ddqy2p4i8z9mpn-vscode-1.85.2/lib/vscode/resources/app/out/vs/workbench/workbench.desktop.main.js:1561:15630)
    at u.y (vscode-file://vscode-app/nix/store/rlrxnml43nz39yvdx6ddqy2p4i8z9mpn-vscode-1.85.2/lib/vscode/resources/app/out/vs/workbench/workbench.desktop.main.js:87:1902)
    at u.fire (vscode-file://vscode-app/nix/store/rlrxnml43nz39yvdx6ddqy2p4i8z9mpn-vscode-1.85.2/lib/vscode/resources/app/out/vs/workbench/workbench.desktop.main.js:87:2119)
    at s.fire (vscode-file://vscode-app/nix/store/rlrxnml43nz39yvdx6ddqy2p4i8z9mpn-vscode-1.85.2/lib/vscode/resources/app/out/vs/workbench/workbench.desktop.main.js:616:14449)
    at x.onmessage (vscode-file://vscode-app/nix/store/rlrxnml43nz39yvdx6ddqy2p4i8z9mpn-vscode-1.85.2/lib/vscode/resources/app/out/vs/workbench/workbench.desktop.main.js:1657:7802)
2024-05-10 11:44:10.118 [error] Error: Invalid debug adapter
    at v.m (vscode-file://vscode-app/nix/store/rlrxnml43nz39yvdx6ddqy2p4i8z9mpn-vscode-1.85.2/lib/vscode/resources/app/out/vs/workbench/workbench.desktop.main.js:1553:95)
    at v.$acceptDAExit (vscode-file://vscode-app/nix/store/rlrxnml43nz39yvdx6ddqy2p4i8z9mpn-vscode-1.85.2/lib/vscode/resources/app/out/vs/workbench/workbench.desktop.main.js:1553:35)
    at m.S (vscode-file://vscode-app/nix/store/rlrxnml43nz39yvdx6ddqy2p4i8z9mpn-vscode-1.85.2/lib/vscode/resources/app/out/vs/workbench/workbench.desktop.main.js:1561:18889)
    at m.Q (vscode-file://vscode-app/nix/store/rlrxnml43nz39yvdx6ddqy2p4i8z9mpn-vscode-1.85.2/lib/vscode/resources/app/out/vs/workbench/workbench.desktop.main.js:1561:18655)
    at m.M (vscode-file://vscode-app/nix/store/rlrxnml43nz39yvdx6ddqy2p4i8z9mpn-vscode-1.85.2/lib/vscode/resources/app/out/vs/workbench/workbench.desktop.main.js:1561:17748)
    at m.L (vscode-file://vscode-app/nix/store/rlrxnml43nz39yvdx6ddqy2p4i8z9mpn-vscode-1.85.2/lib/vscode/resources/app/out/vs/workbench/workbench.desktop.main.js:1561:16966)
    at o.value (vscode-file://vscode-app/nix/store/rlrxnml43nz39yvdx6ddqy2p4i8z9mpn-vscode-1.85.2/lib/vscode/resources/app/out/vs/workbench/workbench.desktop.main.js:1561:15630)
    at u.y (vscode-file://vscode-app/nix/store/rlrxnml43nz39yvdx6ddqy2p4i8z9mpn-vscode-1.85.2/lib/vscode/resources/app/out/vs/workbench/workbench.desktop.main.js:87:1902)
    at u.fire (vscode-file://vscode-app/nix/store/rlrxnml43nz39yvdx6ddqy2p4i8z9mpn-vscode-1.85.2/lib/vscode/resources/app/out/vs/workbench/workbench.desktop.main.js:87:2119)
    at s.fire (vscode-file://vscode-app/nix/store/rlrxnml43nz39yvdx6ddqy2p4i8z9mpn-vscode-1.85.2/lib/vscode/resources/app/out/vs/workbench/workbench.desktop.main.js:616:14449)
    at x.onmessage (vscode-file://vscode-app/nix/store/rlrxnml43nz39yvdx6ddqy2p4i8z9mpn-vscode-1.85.2/lib/vscode/resources/app/out/vs/workbench/workbench.desktop.main.js:1657:7802)
2024-05-10 11:47:12.073 [error] Error: Invalid debug adapter
    at v.m (vscode-file://vscode-app/nix/store/rlrxnml43nz39yvdx6ddqy2p4i8z9mpn-vscode-1.85.2/lib/vscode/resources/app/out/vs/workbench/workbench.desktop.main.js:1553:95)
    at v.$acceptDAExit (vscode-file://vscode-app/nix/store/rlrxnml43nz39yvdx6ddqy2p4i8z9mpn-vscode-1.85.2/lib/vscode/resources/app/out/vs/workbench/workbench.desktop.main.js:1553:35)
    at m.S (vscode-file://vscode-app/nix/store/rlrxnml43nz39yvdx6ddqy2p4i8z9mpn-vscode-1.85.2/lib/vscode/resources/app/out/vs/workbench/workbench.desktop.main.js:1561:18889)
    at m.Q (vscode-file://vscode-app/nix/store/rlrxnml43nz39yvdx6ddqy2p4i8z9mpn-vscode-1.85.2/lib/vscode/resources/app/out/vs/workbench/workbench.desktop.main.js:1561:18655)
    at m.M (vscode-file://vscode-app/nix/store/rlrxnml43nz39yvdx6ddqy2p4i8z9mpn-vscode-1.85.2/lib/vscode/resources/app/out/vs/workbench/workbench.desktop.main.js:1561:17748)
    at m.L (vscode-file://vscode-app/nix/store/rlrxnml43nz39yvdx6ddqy2p4i8z9mpn-vscode-1.85.2/lib/vscode/resources/app/out/vs/workbench/workbench.desktop.main.js:1561:16966)
    at o.value (vscode-file://vscode-app/nix/store/rlrxnml43nz39yvdx6ddqy2p4i8z9mpn-vscode-1.85.2/lib/vscode/resources/app/out/vs/workbench/workbench.desktop.main.js:1561:15630)
    at u.y (vscode-file://vscode-app/nix/store/rlrxnml43nz39yvdx6ddqy2p4i8z9mpn-vscode-1.85.2/lib/vscode/resources/app/out/vs/workbench/workbench.desktop.main.js:87:1902)
    at u.fire (vscode-file://vscode-app/nix/store/rlrxnml43nz39yvdx6ddqy2p4i8z9mpn-vscode-1.85.2/lib/vscode/resources/app/out/vs/workbench/workbench.desktop.main.js:87:2119)
    at s.fire (vscode-file://vscode-app/nix/store/rlrxnml43nz39yvdx6ddqy2p4i8z9mpn-vscode-1.85.2/lib/vscode/resources/app/out/vs/workbench/workbench.desktop.main.js:616:14449)
    at x.onmessage (vscode-file://vscode-app/nix/store/rlrxnml43nz39yvdx6ddqy2p4i8z9mpn-vscode-1.85.2/lib/vscode/resources/app/out/vs/workbench/workbench.desktop.main.js:1657:7802)
2024-05-10 11:47:12.080 [error] Error: Invalid debug adapter
    at v.m (vscode-file://vscode-app/nix/store/rlrxnml43nz39yvdx6ddqy2p4i8z9mpn-vscode-1.85.2/lib/vscode/resources/app/out/vs/workbench/workbench.desktop.main.js:1553:95)
    at v.$acceptDAError (vscode-file://vscode-app/nix/store/rlrxnml43nz39yvdx6ddqy2p4i8z9mpn-vscode-1.85.2/lib/vscode/resources/app/out/vs/workbench/workbench.desktop.main.js:1552:7629)
    at m.S (vscode-file://vscode-app/nix/store/rlrxnml43nz39yvdx6ddqy2p4i8z9mpn-vscode-1.85.2/lib/vscode/resources/app/out/vs/workbench/workbench.desktop.main.js:1561:18889)
    at m.Q (vscode-file://vscode-app/nix/store/rlrxnml43nz39yvdx6ddqy2p4i8z9mpn-vscode-1.85.2/lib/vscode/resources/app/out/vs/workbench/workbench.desktop.main.js:1561:18655)
    at m.M (vscode-file://vscode-app/nix/store/rlrxnml43nz39yvdx6ddqy2p4i8z9mpn-vscode-1.85.2/lib/vscode/resources/app/out/vs/workbench/workbench.desktop.main.js:1561:17748)
    at m.L (vscode-file://vscode-app/nix/store/rlrxnml43nz39yvdx6ddqy2p4i8z9mpn-vscode-1.85.2/lib/vscode/resources/app/out/vs/workbench/workbench.desktop.main.js:1561:16827)
    at o.value (vscode-file://vscode-app/nix/store/rlrxnml43nz39yvdx6ddqy2p4i8z9mpn-vscode-1.85.2/lib/vscode/resources/app/out/vs/workbench/workbench.desktop.main.js:1561:15630)
    at u.y (vscode-file://vscode-app/nix/store/rlrxnml43nz39yvdx6ddqy2p4i8z9mpn-vscode-1.85.2/lib/vscode/resources/app/out/vs/workbench/workbench.desktop.main.js:87:1902)
    at u.fire (vscode-file://vscode-app/nix/store/rlrxnml43nz39yvdx6ddqy2p4i8z9mpn-vscode-1.85.2/lib/vscode/resources/app/out/vs/workbench/workbench.desktop.main.js:87:2119)
    at s.fire (vscode-file://vscode-app/nix/store/rlrxnml43nz39yvdx6ddqy2p4i8z9mpn-vscode-1.85.2/lib/vscode/resources/app/out/vs/workbench/workbench.desktop.main.js:616:14449)
    at x.onmessage (vscode-file://vscode-app/nix/store/rlrxnml43nz39yvdx6ddqy2p4i8z9mpn-vscode-1.85.2/lib/vscode/resources/app/out/vs/workbench/workbench.desktop.main.js:1657:7802)
2024-05-10 11:47:28.074 [error] Error: Invalid debug adapter
    at v.m (vscode-file://vscode-app/nix/store/rlrxnml43nz39yvdx6ddqy2p4i8z9mpn-vscode-1.85.2/lib/vscode/resources/app/out/vs/workbench/workbench.desktop.main.js:1553:95)
    at v.$acceptDAExit (vscode-file://vscode-app/nix/store/rlrxnml43nz39yvdx6ddqy2p4i8z9mpn-vscode-1.85.2/lib/vscode/resources/app/out/vs/workbench/workbench.desktop.main.js:1553:35)
    at m.S (vscode-file://vscode-app/nix/store/rlrxnml43nz39yvdx6ddqy2p4i8z9mpn-vscode-1.85.2/lib/vscode/resources/app/out/vs/workbench/workbench.desktop.main.js:1561:18889)
    at m.Q (vscode-file://vscode-app/nix/store/rlrxnml43nz39yvdx6ddqy2p4i8z9mpn-vscode-1.85.2/lib/vscode/resources/app/out/vs/workbench/workbench.desktop.main.js:1561:18655)
    at m.M (vscode-file://vscode-app/nix/store/rlrxnml43nz39yvdx6ddqy2p4i8z9mpn-vscode-1.85.2/lib/vscode/resources/app/out/vs/workbench/workbench.desktop.main.js:1561:17748)
    at m.L (vscode-file://vscode-app/nix/store/rlrxnml43nz39yvdx6ddqy2p4i8z9mpn-vscode-1.85.2/lib/vscode/resources/app/out/vs/workbench/workbench.desktop.main.js:1561:16966)
    at o.value (vscode-file://vscode-app/nix/store/rlrxnml43nz39yvdx6ddqy2p4i8z9mpn-vscode-1.85.2/lib/vscode/resources/app/out/vs/workbench/workbench.desktop.main.js:1561:15630)
    at u.y (vscode-file://vscode-app/nix/store/rlrxnml43nz39yvdx6ddqy2p4i8z9mpn-vscode-1.85.2/lib/vscode/resources/app/out/vs/workbench/workbench.desktop.main.js:87:1902)
    at u.fire (vscode-file://vscode-app/nix/store/rlrxnml43nz39yvdx6ddqy2p4i8z9mpn-vscode-1.85.2/lib/vscode/resources/app/out/vs/workbench/workbench.desktop.main.js:87:2119)
    at s.fire (vscode-file://vscode-app/nix/store/rlrxnml43nz39yvdx6ddqy2p4i8z9mpn-vscode-1.85.2/lib/vscode/resources/app/out/vs/workbench/workbench.desktop.main.js:616:14449)
    at x.onmessage (vscode-file://vscode-app/nix/store/rlrxnml43nz39yvdx6ddqy2p4i8z9mpn-vscode-1.85.2/lib/vscode/resources/app/out/vs/workbench/workbench.desktop.main.js:1657:7802)
2024-05-10 11:47:28.075 [error] Error: Invalid debug adapter
    at v.m (vscode-file://vscode-app/nix/store/rlrxnml43nz39yvdx6ddqy2p4i8z9mpn-vscode-1.85.2/lib/vscode/resources/app/out/vs/workbench/workbench.desktop.main.js:1553:95)
    at v.$acceptDAError (vscode-file://vscode-app/nix/store/rlrxnml43nz39yvdx6ddqy2p4i8z9mpn-vscode-1.85.2/lib/vscode/resources/app/out/vs/workbench/workbench.desktop.main.js:1552:7629)
    at m.S (vscode-file://vscode-app/nix/store/rlrxnml43nz39yvdx6ddqy2p4i8z9mpn-vscode-1.85.2/lib/vscode/resources/app/out/vs/workbench/workbench.desktop.main.js:1561:18889)
    at m.Q (vscode-file://vscode-app/nix/store/rlrxnml43nz39yvdx6ddqy2p4i8z9mpn-vscode-1.85.2/lib/vscode/resources/app/out/vs/workbench/workbench.desktop.main.js:1561:18655)
    at m.M (vscode-file://vscode-app/nix/store/rlrxnml43nz39yvdx6ddqy2p4i8z9mpn-vscode-1.85.2/lib/vscode/resources/app/out/vs/workbench/workbench.desktop.main.js:1561:17748)
    at m.L (vscode-file://vscode-app/nix/store/rlrxnml43nz39yvdx6ddqy2p4i8z9mpn-vscode-1.85.2/lib/vscode/resources/app/out/vs/workbench/workbench.desktop.main.js:1561:16827)
    at o.value (vscode-file://vscode-app/nix/store/rlrxnml43nz39yvdx6ddqy2p4i8z9mpn-vscode-1.85.2/lib/vscode/resources/app/out/vs/workbench/workbench.desktop.main.js:1561:15630)
    at u.y (vscode-file://vscode-app/nix/store/rlrxnml43nz39yvdx6ddqy2p4i8z9mpn-vscode-1.85.2/lib/vscode/resources/app/out/vs/workbench/workbench.desktop.main.js:87:1902)
    at u.fire (vscode-file://vscode-app/nix/store/rlrxnml43nz39yvdx6ddqy2p4i8z9mpn-vscode-1.85.2/lib/vscode/resources/app/out/vs/workbench/workbench.desktop.main.js:87:2119)
    at s.fire (vscode-file://vscode-app/nix/store/rlrxnml43nz39yvdx6ddqy2p4i8z9mpn-vscode-1.85.2/lib/vscode/resources/app/out/vs/workbench/workbench.desktop.main.js:616:14449)
    at x.onmessage (vscode-file://vscode-app/nix/store/rlrxnml43nz39yvdx6ddqy2p4i8z9mpn-vscode-1.85.2/lib/vscode/resources/app/out/vs/workbench/workbench.desktop.main.js:1657:7802)
2024-05-10 11:48:05.750 [error] Error: Invalid debug adapter
    at v.m (vscode-file://vscode-app/nix/store/rlrxnml43nz39yvdx6ddqy2p4i8z9mpn-vscode-1.85.2/lib/vscode/resources/app/out/vs/workbench/workbench.desktop.main.js:1553:95)
    at v.$acceptDAExit (vscode-file://vscode-app/nix/store/rlrxnml43nz39yvdx6ddqy2p4i8z9mpn-vscode-1.85.2/lib/vscode/resources/app/out/vs/workbench/workbench.desktop.main.js:1553:35)
    at m.S (vscode-file://vscode-app/nix/store/rlrxnml43nz39yvdx6ddqy2p4i8z9mpn-vscode-1.85.2/lib/vscode/resources/app/out/vs/workbench/workbench.desktop.main.js:1561:18889)
    at m.Q (vscode-file://vscode-app/nix/store/rlrxnml43nz39yvdx6ddqy2p4i8z9mpn-vscode-1.85.2/lib/vscode/resources/app/out/vs/workbench/workbench.desktop.main.js:1561:18655)
    at m.M (vscode-file://vscode-app/nix/store/rlrxnml43nz39yvdx6ddqy2p4i8z9mpn-vscode-1.85.2/lib/vscode/resources/app/out/vs/workbench/workbench.desktop.main.js:1561:17748)
    at m.L (vscode-file://vscode-app/nix/store/rlrxnml43nz39yvdx6ddqy2p4i8z9mpn-vscode-1.85.2/lib/vscode/resources/app/out/vs/workbench/workbench.desktop.main.js:1561:16966)
    at o.value (vscode-file://vscode-app/nix/store/rlrxnml43nz39yvdx6ddqy2p4i8z9mpn-vscode-1.85.2/lib/vscode/resources/app/out/vs/workbench/workbench.desktop.main.js:1561:15630)
    at u.y (vscode-file://vscode-app/nix/store/rlrxnml43nz39yvdx6ddqy2p4i8z9mpn-vscode-1.85.2/lib/vscode/resources/app/out/vs/workbench/workbench.desktop.main.js:87:1902)
    at u.fire (vscode-file://vscode-app/nix/store/rlrxnml43nz39yvdx6ddqy2p4i8z9mpn-vscode-1.85.2/lib/vscode/resources/app/out/vs/workbench/workbench.desktop.main.js:87:2119)
    at s.fire (vscode-file://vscode-app/nix/store/rlrxnml43nz39yvdx6ddqy2p4i8z9mpn-vscode-1.85.2/lib/vscode/resources/app/out/vs/workbench/workbench.desktop.main.js:616:14449)
    at x.onmessage (vscode-file://vscode-app/nix/store/rlrxnml43nz39yvdx6ddqy2p4i8z9mpn-vscode-1.85.2/lib/vscode/resources/app/out/vs/workbench/workbench.desktop.main.js:1657:7802)
2024-05-10 11:48:05.753 [error] Error: Invalid debug adapter
    at v.m (vscode-file://vscode-app/nix/store/rlrxnml43nz39yvdx6ddqy2p4i8z9mpn-vscode-1.85.2/lib/vscode/resources/app/out/vs/workbench/workbench.desktop.main.js:1553:95)
    at v.$acceptDAError (vscode-file://vscode-app/nix/store/rlrxnml43nz39yvdx6ddqy2p4i8z9mpn-vscode-1.85.2/lib/vscode/resources/app/out/vs/workbench/workbench.desktop.main.js:1552:7629)
    at m.S (vscode-file://vscode-app/nix/store/rlrxnml43nz39yvdx6ddqy2p4i8z9mpn-vscode-1.85.2/lib/vscode/resources/app/out/vs/workbench/workbench.desktop.main.js:1561:18889)
    at m.Q (vscode-file://vscode-app/nix/store/rlrxnml43nz39yvdx6ddqy2p4i8z9mpn-vscode-1.85.2/lib/vscode/resources/app/out/vs/workbench/workbench.desktop.main.js:1561:18655)
    at m.M (vscode-file://vscode-app/nix/store/rlrxnml43nz39yvdx6ddqy2p4i8z9mpn-vscode-1.85.2/lib/vscode/resources/app/out/vs/workbench/workbench.desktop.main.js:1561:17748)
    at m.L (vscode-file://vscode-app/nix/store/rlrxnml43nz39yvdx6ddqy2p4i8z9mpn-vscode-1.85.2/lib/vscode/resources/app/out/vs/workbench/workbench.desktop.main.js:1561:16827)
    at o.value (vscode-file://vscode-app/nix/store/rlrxnml43nz39yvdx6ddqy2p4i8z9mpn-vscode-1.85.2/lib/vscode/resources/app/out/vs/workbench/workbench.desktop.main.js:1561:15630)
    at u.y (vscode-file://vscode-app/nix/store/rlrxnml43nz39yvdx6ddqy2p4i8z9mpn-vscode-1.85.2/lib/vscode/resources/app/out/vs/workbench/workbench.desktop.main.js:87:1902)
    at u.fire (vscode-file://vscode-app/nix/store/rlrxnml43nz39yvdx6ddqy2p4i8z9mpn-vscode-1.85.2/lib/vscode/resources/app/out/vs/workbench/workbench.desktop.main.js:87:2119)
    at s.fire (vscode-file://vscode-app/nix/store/rlrxnml43nz39yvdx6ddqy2p4i8z9mpn-vscode-1.85.2/lib/vscode/resources/app/out/vs/workbench/workbench.desktop.main.js:616:14449)
    at x.onmessage (vscode-file://vscode-app/nix/store/rlrxnml43nz39yvdx6ddqy2p4i8z9mpn-vscode-1.85.2/lib/vscode/resources/app/out/vs/workbench/workbench.desktop.main.js:1657:7802)
2024-05-10 11:50:25.704 [error] Error: Invalid debug adapter
    at v.m (vscode-file://vscode-app/nix/store/rlrxnml43nz39yvdx6ddqy2p4i8z9mpn-vscode-1.85.2/lib/vscode/resources/app/out/vs/workbench/workbench.desktop.main.js:1553:95)
    at v.$acceptDAExit (vscode-file://vscode-app/nix/store/rlrxnml43nz39yvdx6ddqy2p4i8z9mpn-vscode-1.85.2/lib/vscode/resources/app/out/vs/workbench/workbench.desktop.main.js:1553:35)
    at m.S (vscode-file://vscode-app/nix/store/rlrxnml43nz39yvdx6ddqy2p4i8z9mpn-vscode-1.85.2/lib/vscode/resources/app/out/vs/workbench/workbench.desktop.main.js:1561:18889)
    at m.Q (vscode-file://vscode-app/nix/store/rlrxnml43nz39yvdx6ddqy2p4i8z9mpn-vscode-1.85.2/lib/vscode/resources/app/out/vs/workbench/workbench.desktop.main.js:1561:18655)
    at m.M (vscode-file://vscode-app/nix/store/rlrxnml43nz39yvdx6ddqy2p4i8z9mpn-vscode-1.85.2/lib/vscode/resources/app/out/vs/workbench/workbench.desktop.main.js:1561:17748)
    at m.L (vscode-file://vscode-app/nix/store/rlrxnml43nz39yvdx6ddqy2p4i8z9mpn-vscode-1.85.2/lib/vscode/resources/app/out/vs/workbench/workbench.desktop.main.js:1561:16966)
    at o.value (vscode-file://vscode-app/nix/store/rlrxnml43nz39yvdx6ddqy2p4i8z9mpn-vscode-1.85.2/lib/vscode/resources/app/out/vs/workbench/workbench.desktop.main.js:1561:15630)
    at u.y (vscode-file://vscode-app/nix/store/rlrxnml43nz39yvdx6ddqy2p4i8z9mpn-vscode-1.85.2/lib/vscode/resources/app/out/vs/workbench/workbench.desktop.main.js:87:1902)
    at u.fire (vscode-file://vscode-app/nix/store/rlrxnml43nz39yvdx6ddqy2p4i8z9mpn-vscode-1.85.2/lib/vscode/resources/app/out/vs/workbench/workbench.desktop.main.js:87:2119)
    at s.fire (vscode-file://vscode-app/nix/store/rlrxnml43nz39yvdx6ddqy2p4i8z9mpn-vscode-1.85.2/lib/vscode/resources/app/out/vs/workbench/workbench.desktop.main.js:616:14449)
    at x.onmessage (vscode-file://vscode-app/nix/store/rlrxnml43nz39yvdx6ddqy2p4i8z9mpn-vscode-1.85.2/lib/vscode/resources/app/out/vs/workbench/workbench.desktop.main.js:1657:7802)
2024-05-10 11:50:25.709 [error] Error: Invalid debug adapter
    at v.m (vscode-file://vscode-app/nix/store/rlrxnml43nz39yvdx6ddqy2p4i8z9mpn-vscode-1.85.2/lib/vscode/resources/app/out/vs/workbench/workbench.desktop.main.js:1553:95)
    at v.$acceptDAError (vscode-file://vscode-app/nix/store/rlrxnml43nz39yvdx6ddqy2p4i8z9mpn-vscode-1.85.2/lib/vscode/resources/app/out/vs/workbench/workbench.desktop.main.js:1552:7629)
    at m.S (vscode-file://vscode-app/nix/store/rlrxnml43nz39yvdx6ddqy2p4i8z9mpn-vscode-1.85.2/lib/vscode/resources/app/out/vs/workbench/workbench.desktop.main.js:1561:18889)
    at m.Q (vscode-file://vscode-app/nix/store/rlrxnml43nz39yvdx6ddqy2p4i8z9mpn-vscode-1.85.2/lib/vscode/resources/app/out/vs/workbench/workbench.desktop.main.js:1561:18655)
    at m.M (vscode-file://vscode-app/nix/store/rlrxnml43nz39yvdx6ddqy2p4i8z9mpn-vscode-1.85.2/lib/vscode/resources/app/out/vs/workbench/workbench.desktop.main.js:1561:17748)
    at m.L (vscode-file://vscode-app/nix/store/rlrxnml43nz39yvdx6ddqy2p4i8z9mpn-vscode-1.85.2/lib/vscode/resources/app/out/vs/workbench/workbench.desktop.main.js:1561:16827)
    at o.value (vscode-file://vscode-app/nix/store/rlrxnml43nz39yvdx6ddqy2p4i8z9mpn-vscode-1.85.2/lib/vscode/resources/app/out/vs/workbench/workbench.desktop.main.js:1561:15630)
    at u.y (vscode-file://vscode-app/nix/store/rlrxnml43nz39yvdx6ddqy2p4i8z9mpn-vscode-1.85.2/lib/vscode/resources/app/out/vs/workbench/workbench.desktop.main.js:87:1902)
    at u.fire (vscode-file://vscode-app/nix/store/rlrxnml43nz39yvdx6ddqy2p4i8z9mpn-vscode-1.85.2/lib/vscode/resources/app/out/vs/workbench/workbench.desktop.main.js:87:2119)
    at s.fire (vscode-file://vscode-app/nix/store/rlrxnml43nz39yvdx6ddqy2p4i8z9mpn-vscode-1.85.2/lib/vscode/resources/app/out/vs/workbench/workbench.desktop.main.js:616:14449)
    at x.onmessage (vscode-file://vscode-app/nix/store/rlrxnml43nz39yvdx6ddqy2p4i8z9mpn-vscode-1.85.2/lib/vscode/resources/app/out/vs/workbench/workbench.desktop.main.js:1657:7802)
2024-05-10 11:53:15.376 [error] Error: Invalid debug adapter
    at v.m (vscode-file://vscode-app/nix/store/rlrxnml43nz39yvdx6ddqy2p4i8z9mpn-vscode-1.85.2/lib/vscode/resources/app/out/vs/workbench/workbench.desktop.main.js:1553:95)
    at v.$acceptDAExit (vscode-file://vscode-app/nix/store/rlrxnml43nz39yvdx6ddqy2p4i8z9mpn-vscode-1.85.2/lib/vscode/resources/app/out/vs/workbench/workbench.desktop.main.js:1553:35)
    at m.S (vscode-file://vscode-app/nix/store/rlrxnml43nz39yvdx6ddqy2p4i8z9mpn-vscode-1.85.2/lib/vscode/resources/app/out/vs/workbench/workbench.desktop.main.js:1561:18889)
    at m.Q (vscode-file://vscode-app/nix/store/rlrxnml43nz39yvdx6ddqy2p4i8z9mpn-vscode-1.85.2/lib/vscode/resources/app/out/vs/workbench/workbench.desktop.main.js:1561:18655)
    at m.M (vscode-file://vscode-app/nix/store/rlrxnml43nz39yvdx6ddqy2p4i8z9mpn-vscode-1.85.2/lib/vscode/resources/app/out/vs/workbench/workbench.desktop.main.js:1561:17748)
    at m.L (vscode-file://vscode-app/nix/store/rlrxnml43nz39yvdx6ddqy2p4i8z9mpn-vscode-1.85.2/lib/vscode/resources/app/out/vs/workbench/workbench.desktop.main.js:1561:16966)
    at o.value (vscode-file://vscode-app/nix/store/rlrxnml43nz39yvdx6ddqy2p4i8z9mpn-vscode-1.85.2/lib/vscode/resources/app/out/vs/workbench/workbench.desktop.main.js:1561:15630)
    at u.y (vscode-file://vscode-app/nix/store/rlrxnml43nz39yvdx6ddqy2p4i8z9mpn-vscode-1.85.2/lib/vscode/resources/app/out/vs/workbench/workbench.desktop.main.js:87:1902)
    at u.fire (vscode-file://vscode-app/nix/store/rlrxnml43nz39yvdx6ddqy2p4i8z9mpn-vscode-1.85.2/lib/vscode/resources/app/out/vs/workbench/workbench.desktop.main.js:87:2119)
    at s.fire (vscode-file://vscode-app/nix/store/rlrxnml43nz39yvdx6ddqy2p4i8z9mpn-vscode-1.85.2/lib/vscode/resources/app/out/vs/workbench/workbench.desktop.main.js:616:14449)
    at x.onmessage (vscode-file://vscode-app/nix/store/rlrxnml43nz39yvdx6ddqy2p4i8z9mpn-vscode-1.85.2/lib/vscode/resources/app/out/vs/workbench/workbench.desktop.main.js:1657:7802)
2024-05-10 11:53:15.378 [error] Error: Invalid debug adapter
    at v.m (vscode-file://vscode-app/nix/store/rlrxnml43nz39yvdx6ddqy2p4i8z9mpn-vscode-1.85.2/lib/vscode/resources/app/out/vs/workbench/workbench.desktop.main.js:1553:95)
    at v.$acceptDAError (vscode-file://vscode-app/nix/store/rlrxnml43nz39yvdx6ddqy2p4i8z9mpn-vscode-1.85.2/lib/vscode/resources/app/out/vs/workbench/workbench.desktop.main.js:1552:7629)
    at m.S (vscode-file://vscode-app/nix/store/rlrxnml43nz39yvdx6ddqy2p4i8z9mpn-vscode-1.85.2/lib/vscode/resources/app/out/vs/workbench/workbench.desktop.main.js:1561:18889)
    at m.Q (vscode-file://vscode-app/nix/store/rlrxnml43nz39yvdx6ddqy2p4i8z9mpn-vscode-1.85.2/lib/vscode/resources/app/out/vs/workbench/workbench.desktop.main.js:1561:18655)
    at m.M (vscode-file://vscode-app/nix/store/rlrxnml43nz39yvdx6ddqy2p4i8z9mpn-vscode-1.85.2/lib/vscode/resources/app/out/vs/workbench/workbench.desktop.main.js:1561:17748)
    at m.L (vscode-file://vscode-app/nix/store/rlrxnml43nz39yvdx6ddqy2p4i8z9mpn-vscode-1.85.2/lib/vscode/resources/app/out/vs/workbench/workbench.desktop.main.js:1561:16827)
    at o.value (vscode-file://vscode-app/nix/store/rlrxnml43nz39yvdx6ddqy2p4i8z9mpn-vscode-1.85.2/lib/vscode/resources/app/out/vs/workbench/workbench.desktop.main.js:1561:15630)
    at u.y (vscode-file://vscode-app/nix/store/rlrxnml43nz39yvdx6ddqy2p4i8z9mpn-vscode-1.85.2/lib/vscode/resources/app/out/vs/workbench/workbench.desktop.main.js:87:1902)
    at u.fire (vscode-file://vscode-app/nix/store/rlrxnml43nz39yvdx6ddqy2p4i8z9mpn-vscode-1.85.2/lib/vscode/resources/app/out/vs/workbench/workbench.desktop.main.js:87:2119)
    at s.fire (vscode-file://vscode-app/nix/store/rlrxnml43nz39yvdx6ddqy2p4i8z9mpn-vscode-1.85.2/lib/vscode/resources/app/out/vs/workbench/workbench.desktop.main.js:616:14449)
    at x.onmessage (vscode-file://vscode-app/nix/store/rlrxnml43nz39yvdx6ddqy2p4i8z9mpn-vscode-1.85.2/lib/vscode/resources/app/out/vs/workbench/workbench.desktop.main.js:1657:7802)
2024-05-10 11:53:41.885 [error] Error: Invalid debug adapter
    at v.m (vscode-file://vscode-app/nix/store/rlrxnml43nz39yvdx6ddqy2p4i8z9mpn-vscode-1.85.2/lib/vscode/resources/app/out/vs/workbench/workbench.desktop.main.js:1553:95)
    at v.$acceptDAExit (vscode-file://vscode-app/nix/store/rlrxnml43nz39yvdx6ddqy2p4i8z9mpn-vscode-1.85.2/lib/vscode/resources/app/out/vs/workbench/workbench.desktop.main.js:1553:35)
    at m.S (vscode-file://vscode-app/nix/store/rlrxnml43nz39yvdx6ddqy2p4i8z9mpn-vscode-1.85.2/lib/vscode/resources/app/out/vs/workbench/workbench.desktop.main.js:1561:18889)
    at m.Q (vscode-file://vscode-app/nix/store/rlrxnml43nz39yvdx6ddqy2p4i8z9mpn-vscode-1.85.2/lib/vscode/resources/app/out/vs/workbench/workbench.desktop.main.js:1561:18655)
    at m.M (vscode-file://vscode-app/nix/store/rlrxnml43nz39yvdx6ddqy2p4i8z9mpn-vscode-1.85.2/lib/vscode/resources/app/out/vs/workbench/workbench.desktop.main.js:1561:17748)
    at m.L (vscode-file://vscode-app/nix/store/rlrxnml43nz39yvdx6ddqy2p4i8z9mpn-vscode-1.85.2/lib/vscode/resources/app/out/vs/workbench/workbench.desktop.main.js:1561:16966)
    at o.value (vscode-file://vscode-app/nix/store/rlrxnml43nz39yvdx6ddqy2p4i8z9mpn-vscode-1.85.2/lib/vscode/resources/app/out/vs/workbench/workbench.desktop.main.js:1561:15630)
    at u.y (vscode-file://vscode-app/nix/store/rlrxnml43nz39yvdx6ddqy2p4i8z9mpn-vscode-1.85.2/lib/vscode/resources/app/out/vs/workbench/workbench.desktop.main.js:87:1902)
    at u.fire (vscode-file://vscode-app/nix/store/rlrxnml43nz39yvdx6ddqy2p4i8z9mpn-vscode-1.85.2/lib/vscode/resources/app/out/vs/workbench/workbench.desktop.main.js:87:2119)
    at s.fire (vscode-file://vscode-app/nix/store/rlrxnml43nz39yvdx6ddqy2p4i8z9mpn-vscode-1.85.2/lib/vscode/resources/app/out/vs/workbench/workbench.desktop.main.js:616:14449)
    at x.onmessage (vscode-file://vscode-app/nix/store/rlrxnml43nz39yvdx6ddqy2p4i8z9mpn-vscode-1.85.2/lib/vscode/resources/app/out/vs/workbench/workbench.desktop.main.js:1657:7802)
2024-05-10 11:53:41.890 [error] Error: Invalid debug adapter
    at v.m (vscode-file://vscode-app/nix/store/rlrxnml43nz39yvdx6ddqy2p4i8z9mpn-vscode-1.85.2/lib/vscode/resources/app/out/vs/workbench/workbench.desktop.main.js:1553:95)
    at v.$acceptDAError (vscode-file://vscode-app/nix/store/rlrxnml43nz39yvdx6ddqy2p4i8z9mpn-vscode-1.85.2/lib/vscode/resources/app/out/vs/workbench/workbench.desktop.main.js:1552:7629)
    at m.S (vscode-file://vscode-app/nix/store/rlrxnml43nz39yvdx6ddqy2p4i8z9mpn-vscode-1.85.2/lib/vscode/resources/app/out/vs/workbench/workbench.desktop.main.js:1561:18889)
    at m.Q (vscode-file://vscode-app/nix/store/rlrxnml43nz39yvdx6ddqy2p4i8z9mpn-vscode-1.85.2/lib/vscode/resources/app/out/vs/workbench/workbench.desktop.main.js:1561:18655)
    at m.M (vscode-file://vscode-app/nix/store/rlrxnml43nz39yvdx6ddqy2p4i8z9mpn-vscode-1.85.2/lib/vscode/resources/app/out/vs/workbench/workbench.desktop.main.js:1561:17748)
    at m.L (vscode-file://vscode-app/nix/store/rlrxnml43nz39yvdx6ddqy2p4i8z9mpn-vscode-1.85.2/lib/vscode/resources/app/out/vs/workbench/workbench.desktop.main.js:1561:16827)
    at o.value (vscode-file://vscode-app/nix/store/rlrxnml43nz39yvdx6ddqy2p4i8z9mpn-vscode-1.85.2/lib/vscode/resources/app/out/vs/workbench/workbench.desktop.main.js:1561:15630)
    at u.y (vscode-file://vscode-app/nix/store/rlrxnml43nz39yvdx6ddqy2p4i8z9mpn-vscode-1.85.2/lib/vscode/resources/app/out/vs/workbench/workbench.desktop.main.js:87:1902)
    at u.fire (vscode-file://vscode-app/nix/store/rlrxnml43nz39yvdx6ddqy2p4i8z9mpn-vscode-1.85.2/lib/vscode/resources/app/out/vs/workbench/workbench.desktop.main.js:87:2119)
    at s.fire (vscode-file://vscode-app/nix/store/rlrxnml43nz39yvdx6ddqy2p4i8z9mpn-vscode-1.85.2/lib/vscode/resources/app/out/vs/workbench/workbench.desktop.main.js:616:14449)
    at x.onmessage (vscode-file://vscode-app/nix/store/rlrxnml43nz39yvdx6ddqy2p4i8z9mpn-vscode-1.85.2/lib/vscode/resources/app/out/vs/workbench/workbench.desktop.main.js:1657:7802)
2024-05-10 11:57:21.210 [info] Extension host terminating: renderer closed the MessagePort
2024-05-10 11:57:21.365 [error] Canceled: Canceled
	at new g (/nix/store/rlrxnml43nz39yvdx6ddqy2p4i8z9mpn-vscode-1.85.2/lib/vscode/resources/app/out/vs/workbench/api/node/extensionHostProcess.js:141:110274)
	at l.U (/nix/store/rlrxnml43nz39yvdx6ddqy2p4i8z9mpn-vscode-1.85.2/lib/vscode/resources/app/out/vs/workbench/api/node/extensionHostProcess.js:150:10866)
	at P.<computed>.j.charCodeAt.P.<computed> (/nix/store/rlrxnml43nz39yvdx6ddqy2p4i8z9mpn-vscode-1.85.2/lib/vscode/resources/app/out/vs/workbench/api/node/extensionHostProcess.js:150:8317)
	at d.g (/nix/store/rlrxnml43nz39yvdx6ddqy2p4i8z9mpn-vscode-1.85.2/lib/vscode/resources/app/out/vs/workbench/api/node/extensionHostProcess.js:141:139555)
	at d.executeCommand (/nix/store/rlrxnml43nz39yvdx6ddqy2p4i8z9mpn-vscode-1.85.2/lib/vscode/resources/app/out/vs/workbench/api/node/extensionHostProcess.js:141:138993)
	at p.registerCommand.description (/nix/store/rlrxnml43nz39yvdx6ddqy2p4i8z9mpn-vscode-1.85.2/lib/vscode/resources/app/out/vs/workbench/api/node/extensionHostProcess.js:141:138317)
	at d.h (/nix/store/rlrxnml43nz39yvdx6ddqy2p4i8z9mpn-vscode-1.85.2/lib/vscode/resources/app/out/vs/workbench/api/node/extensionHostProcess.js:141:140094)
	at d.g (/nix/store/rlrxnml43nz39yvdx6ddqy2p4i8z9mpn-vscode-1.85.2/lib/vscode/resources/app/out/vs/workbench/api/node/extensionHostProcess.js:141:139086)
	at d.executeCommand (/nix/store/rlrxnml43nz39yvdx6ddqy2p4i8z9mpn-vscode-1.85.2/lib/vscode/resources/app/out/vs/workbench/api/node/extensionHostProcess.js:141:138993)
	at Object.executeCommand (/nix/store/rlrxnml43nz39yvdx6ddqy2p4i8z9mpn-vscode-1.85.2/lib/vscode/resources/app/out/vs/workbench/api/node/extensionHostProcess.js:158:21333)
	at f.I [as value] (/nix/store/rlrxnml43nz39yvdx6ddqy2p4i8z9mpn-vscode-1.85.2/lib/vscode/resources/app/extensions/git/dist/main.js:2:924696)
	at n.y (/nix/store/rlrxnml43nz39yvdx6ddqy2p4i8z9mpn-vscode-1.85.2/lib/vscode/resources/app/out/vs/workbench/api/node/extensionHostProcess.js:80:1902)
	at n.z (/nix/store/rlrxnml43nz39yvdx6ddqy2p4i8z9mpn-vscode-1.85.2/lib/vscode/resources/app/out/vs/workbench/api/node/extensionHostProcess.js:80:1972)
	at n.fire (/nix/store/rlrxnml43nz39yvdx6ddqy2p4i8z9mpn-vscode-1.85.2/lib/vscode/resources/app/out/vs/workbench/api/node/extensionHostProcess.js:80:2188)
	at Object.m [as dispose] (/nix/store/rlrxnml43nz39yvdx6ddqy2p4i8z9mpn-vscode-1.85.2/lib/vscode/resources/app/extensions/git/dist/main.js:2:940613)
	at /nix/store/rlrxnml43nz39yvdx6ddqy2p4i8z9mpn-vscode-1.85.2/lib/vscode/resources/app/extensions/git/dist/main.js:2:945566
	at Array.forEach (<anonymous>)
	at p.dispose (/nix/store/rlrxnml43nz39yvdx6ddqy2p4i8z9mpn-vscode-1.85.2/lib/vscode/resources/app/extensions/git/dist/main.js:2:945552)
	at u.<anonymous> (/nix/store/rlrxnml43nz39yvdx6ddqy2p4i8z9mpn-vscode-1.85.2/lib/vscode/resources/app/out/vs/workbench/api/node/extensionHostProcess.js:137:3620)
	at u.dispose (/nix/store/rlrxnml43nz39yvdx6ddqy2p4i8z9mpn-vscode-1.85.2/lib/vscode/resources/app/out/vs/workbench/api/node/extensionHostProcess.js:137:3717)
	at u.<anonymous> (/nix/store/rlrxnml43nz39yvdx6ddqy2p4i8z9mpn-vscode-1.85.2/lib/vscode/resources/app/extensions/git/dist/main.js:2:926708)
	at u.dispose (/nix/store/rlrxnml43nz39yvdx6ddqy2p4i8z9mpn-vscode-1.85.2/lib/vscode/resources/app/out/vs/workbench/api/node/extensionHostProcess.js:137:3717)
	at s (/nix/store/rlrxnml43nz39yvdx6ddqy2p4i8z9mpn-vscode-1.85.2/lib/vscode/resources/app/out/vs/workbench/api/node/extensionHostProcess.js:30:754)
	at f.cb (/nix/store/rlrxnml43nz39yvdx6ddqy2p4i8z9mpn-vscode-1.85.2/lib/vscode/resources/app/out/vs/workbench/api/node/extensionHostProcess.js:154:9873)
	at /nix/store/rlrxnml43nz39yvdx6ddqy2p4i8z9mpn-vscode-1.85.2/lib/vscode/resources/app/out/vs/workbench/api/node/extensionHostProcess.js:154:7808
	at Array.map (<anonymous>)
	at f.Y (/nix/store/rlrxnml43nz39yvdx6ddqy2p4i8z9mpn-vscode-1.85.2/lib/vscode/resources/app/out/vs/workbench/api/node/extensionHostProcess.js:154:7795)
	at f.terminate (/nix/store/rlrxnml43nz39yvdx6ddqy2p4i8z9mpn-vscode-1.85.2/lib/vscode/resources/app/out/vs/workbench/api/node/extensionHostProcess.js:154:8068)
	at s.terminate (/nix/store/rlrxnml43nz39yvdx6ddqy2p4i8z9mpn-vscode-1.85.2/lib/vscode/resources/app/out/vs/workbench/api/node/extensionHostProcess.js:158:1513)
	at a (/nix/store/rlrxnml43nz39yvdx6ddqy2p4i8z9mpn-vscode-1.85.2/lib/vscode/resources/app/out/vs/workbench/api/node/extensionHostProcess.js:171:9802)
	at MessagePortMain.<anonymous> (/nix/store/rlrxnml43nz39yvdx6ddqy2p4i8z9mpn-vscode-1.85.2/lib/vscode/resources/app/out/vs/workbench/api/node/extensionHostProcess.js:171:6227)
	at MessagePortMain.emit (node:events:513:28)
	at MessagePortMain._internalPort.emit (node:electron/js2c/utility_init:2:367) setContext undefined
2024-05-10 11:57:21.377 [error] Canceled: Canceled
	at new g (/nix/store/rlrxnml43nz39yvdx6ddqy2p4i8z9mpn-vscode-1.85.2/lib/vscode/resources/app/out/vs/workbench/api/node/extensionHostProcess.js:141:110274)
	at l.U (/nix/store/rlrxnml43nz39yvdx6ddqy2p4i8z9mpn-vscode-1.85.2/lib/vscode/resources/app/out/vs/workbench/api/node/extensionHostProcess.js:150:10866)
	at P.<computed>.j.charCodeAt.P.<computed> (/nix/store/rlrxnml43nz39yvdx6ddqy2p4i8z9mpn-vscode-1.85.2/lib/vscode/resources/app/out/vs/workbench/api/node/extensionHostProcess.js:150:8317)
	at d.g (/nix/store/rlrxnml43nz39yvdx6ddqy2p4i8z9mpn-vscode-1.85.2/lib/vscode/resources/app/out/vs/workbench/api/node/extensionHostProcess.js:141:139555)
	at d.executeCommand (/nix/store/rlrxnml43nz39yvdx6ddqy2p4i8z9mpn-vscode-1.85.2/lib/vscode/resources/app/out/vs/workbench/api/node/extensionHostProcess.js:141:138993)
	at p.registerCommand.description (/nix/store/rlrxnml43nz39yvdx6ddqy2p4i8z9mpn-vscode-1.85.2/lib/vscode/resources/app/out/vs/workbench/api/node/extensionHostProcess.js:141:138317)
	at d.h (/nix/store/rlrxnml43nz39yvdx6ddqy2p4i8z9mpn-vscode-1.85.2/lib/vscode/resources/app/out/vs/workbench/api/node/extensionHostProcess.js:141:140094)
	at d.g (/nix/store/rlrxnml43nz39yvdx6ddqy2p4i8z9mpn-vscode-1.85.2/lib/vscode/resources/app/out/vs/workbench/api/node/extensionHostProcess.js:141:139086)
	at d.executeCommand (/nix/store/rlrxnml43nz39yvdx6ddqy2p4i8z9mpn-vscode-1.85.2/lib/vscode/resources/app/out/vs/workbench/api/node/extensionHostProcess.js:141:138993)
	at Object.executeCommand (/nix/store/rlrxnml43nz39yvdx6ddqy2p4i8z9mpn-vscode-1.85.2/lib/vscode/resources/app/out/vs/workbench/api/node/extensionHostProcess.js:158:21333)
	at set b [as b] (/nix/store/rlrxnml43nz39yvdx6ddqy2p4i8z9mpn-vscode-1.85.2/lib/vscode/resources/app/extensions/github/dist/extension.js:2:322364)
	at /nix/store/rlrxnml43nz39yvdx6ddqy2p4i8z9mpn-vscode-1.85.2/lib/vscode/resources/app/extensions/github/dist/extension.js:2:323005
	at f.value (/nix/store/rlrxnml43nz39yvdx6ddqy2p4i8z9mpn-vscode-1.85.2/lib/vscode/resources/app/extensions/git/dist/main.js:2:1016450)
	at n.y (/nix/store/rlrxnml43nz39yvdx6ddqy2p4i8z9mpn-vscode-1.85.2/lib/vscode/resources/app/out/vs/workbench/api/node/extensionHostProcess.js:80:1902)
	at n.z (/nix/store/rlrxnml43nz39yvdx6ddqy2p4i8z9mpn-vscode-1.85.2/lib/vscode/resources/app/out/vs/workbench/api/node/extensionHostProcess.js:80:1972)
	at n.fire (/nix/store/rlrxnml43nz39yvdx6ddqy2p4i8z9mpn-vscode-1.85.2/lib/vscode/resources/app/out/vs/workbench/api/node/extensionHostProcess.js:80:2188)
	at Object.m [as dispose] (/nix/store/rlrxnml43nz39yvdx6ddqy2p4i8z9mpn-vscode-1.85.2/lib/vscode/resources/app/extensions/git/dist/main.js:2:940613)
	at /nix/store/rlrxnml43nz39yvdx6ddqy2p4i8z9mpn-vscode-1.85.2/lib/vscode/resources/app/extensions/git/dist/main.js:2:945566
	at Array.forEach (<anonymous>)
	at p.dispose (/nix/store/rlrxnml43nz39yvdx6ddqy2p4i8z9mpn-vscode-1.85.2/lib/vscode/resources/app/extensions/git/dist/main.js:2:945552)
	at u.<anonymous> (/nix/store/rlrxnml43nz39yvdx6ddqy2p4i8z9mpn-vscode-1.85.2/lib/vscode/resources/app/out/vs/workbench/api/node/extensionHostProcess.js:137:3620)
	at u.dispose (/nix/store/rlrxnml43nz39yvdx6ddqy2p4i8z9mpn-vscode-1.85.2/lib/vscode/resources/app/out/vs/workbench/api/node/extensionHostProcess.js:137:3717)
	at u.<anonymous> (/nix/store/rlrxnml43nz39yvdx6ddqy2p4i8z9mpn-vscode-1.85.2/lib/vscode/resources/app/extensions/git/dist/main.js:2:926708)
	at u.dispose (/nix/store/rlrxnml43nz39yvdx6ddqy2p4i8z9mpn-vscode-1.85.2/lib/vscode/resources/app/out/vs/workbench/api/node/extensionHostProcess.js:137:3717)
	at s (/nix/store/rlrxnml43nz39yvdx6ddqy2p4i8z9mpn-vscode-1.85.2/lib/vscode/resources/app/out/vs/workbench/api/node/extensionHostProcess.js:30:754)
	at f.cb (/nix/store/rlrxnml43nz39yvdx6ddqy2p4i8z9mpn-vscode-1.85.2/lib/vscode/resources/app/out/vs/workbench/api/node/extensionHostProcess.js:154:9873)
	at /nix/store/rlrxnml43nz39yvdx6ddqy2p4i8z9mpn-vscode-1.85.2/lib/vscode/resources/app/out/vs/workbench/api/node/extensionHostProcess.js:154:7808
	at Array.map (<anonymous>)
	at f.Y (/nix/store/rlrxnml43nz39yvdx6ddqy2p4i8z9mpn-vscode-1.85.2/lib/vscode/resources/app/out/vs/workbench/api/node/extensionHostProcess.js:154:7795)
	at f.terminate (/nix/store/rlrxnml43nz39yvdx6ddqy2p4i8z9mpn-vscode-1.85.2/lib/vscode/resources/app/out/vs/workbench/api/node/extensionHostProcess.js:154:8068)
	at s.terminate (/nix/store/rlrxnml43nz39yvdx6ddqy2p4i8z9mpn-vscode-1.85.2/lib/vscode/resources/app/out/vs/workbench/api/node/extensionHostProcess.js:158:1513)
	at a (/nix/store/rlrxnml43nz39yvdx6ddqy2p4i8z9mpn-vscode-1.85.2/lib/vscode/resources/app/out/vs/workbench/api/node/extensionHostProcess.js:171:9802)
	at MessagePortMain.<anonymous> (/nix/store/rlrxnml43nz39yvdx6ddqy2p4i8z9mpn-vscode-1.85.2/lib/vscode/resources/app/out/vs/workbench/api/node/extensionHostProcess.js:171:6227)
	at MessagePortMain.emit (node:events:513:28)
	at MessagePortMain._internalPort.emit (node:electron/js2c/utility_init:2:367) setContext undefined
2024-05-10 11:57:21.395 [info] Extension host with pid 1430 exiting with code 0
