2024-05-10 10:15:35.473 [info] Эксперимент «pythonRecommendTensorboardExt» активен
2024-05-10 10:15:35.474 [info] Эксперимент «pythonREPLSmartSend» активен
2024-05-10 10:15:35.474 [info] Эксперимент «pythonTerminalEnvVarActivation» активен
2024-05-10 10:15:35.474 [info] Эксперимент «pythonTestAdapter» активен
2024-05-10 10:15:35.850 [info] Default formatter is set to null for workspace /home/onetap/Documents/MyPythonProjects
2024-05-10 10:15:36.048 [info] Test server listening.
2024-05-10 10:15:36.107 [info] > conda info --json
2024-05-10 10:15:36.284 [info] Found: /run/current-system/sw/bin/python --> /nix/store/y0v7086iqc3gwir0vf67jwy31aqk3zpx-python3-3.11.8/bin/python3.11
2024-05-10 10:15:36.286 [info] Found: /run/current-system/sw/bin/python3 --> /nix/store/y0v7086iqc3gwir0vf67jwy31aqk3zpx-python3-3.11.8/bin/python3.11
2024-05-10 10:15:36.288 [info] Found: /run/current-system/sw/bin/python3.11 --> /nix/store/y0v7086iqc3gwir0vf67jwy31aqk3zpx-python3-3.11.8/bin/python3.11
2024-05-10 10:15:36.421 [info] > /run/current-system/sw/bin/python -I ~/.vscode/extensions/ms-python.python-2024.2.1/pythonFiles/get_output_via_markers.py ~/.vscode/extensions/ms-python.python-2024.2.1/pythonFiles/interpreterInfo.py
2024-05-10 10:15:40.665 [info] Путь к интерпретатору Python: /run/current-system/sw/bin/python
2024-05-10 10:15:42.054 [warning] Shell integration may not be active, environment activated may be overridden by the shell.
2024-05-10 10:15:49.934 [info] Запуск языкового сервера Pylance.
2024-05-10 10:17:05.305 [info] Discover tests for workspace name: MyPythonProjects - uri: /home/onetap/Documents/MyPythonProjects/Что-то моё/Heaven.py
2024-05-10 10:17:13.963 [info] Send text to terminal:  /usr/bin/env /run/current-system/sw/bin/python /home/onetap/.vscode/extensions/ms-python.debugpy-2024.0.0-linux-x64/bundled/libs/debugpy/adapter/../../debugpy/launcher 35979 -- /home/onetap/Documents/MyPythonProjects/Что-то\ моё/Heaven.py 
2024-05-10 10:17:33.158 [info] Discover tests for workspace name: MyPythonProjects - uri: /home/onetap/Documents/MyPythonProjects/Что-то моё/Heaven.py
2024-05-10 10:17:33.992 [info] Send text to terminal:  cd /home/onetap/Documents/MyPythonProjects ; /usr/bin/env /run/current-system/sw/bin/python /home/onetap/.vscode/extensions/ms-python.debugpy-2024.0.0-linux-x64/bundled/libs/debugpy/adapter/../../debugpy/launcher 52859 -- /home/onetap/Documents/MyPythonProjects/Что-то\ моё/Heaven.py 
2024-05-10 10:17:58.101 [info] Discover tests for workspace name: MyPythonProjects - uri: /home/onetap/Documents/MyPythonProjects/Что-то моё/Heaven.py
2024-05-10 10:17:59.308 [info] Send text to terminal:  cd /home/onetap/Documents/MyPythonProjects ; /usr/bin/env /run/current-system/sw/bin/python /home/onetap/.vscode/extensions/ms-python.debugpy-2024.0.0-linux-x64/bundled/libs/debugpy/adapter/../../debugpy/launcher 49311 -- /home/onetap/Documents/MyPythonProjects/Что-то\ моё/Heaven.py 
2024-05-10 10:18:04.193 [info] Send text to terminal:  cd /home/onetap/Documents/MyPythonProjects ; /usr/bin/env /run/current-system/sw/bin/python /home/onetap/.vscode/extensions/ms-python.debugpy-2024.0.0-linux-x64/bundled/libs/debugpy/adapter/../../debugpy/launcher 54037 -- /home/onetap/Documents/MyPythonProjects/Что-то\ моё/Heaven.py 
2024-05-10 10:18:08.927 [info] Send text to terminal:  cd /home/onetap/Documents/MyPythonProjects ; /usr/bin/env /run/current-system/sw/bin/python /home/onetap/.vscode/extensions/ms-python.debugpy-2024.0.0-linux-x64/bundled/libs/debugpy/adapter/../../debugpy/launcher 37187 -- /home/onetap/Documents/MyPythonProjects/Что-то\ моё/Heaven.py 
2024-05-10 10:18:12.833 [info] Send text to terminal:  cd /home/onetap/Documents/MyPythonProjects ; /usr/bin/env /run/current-system/sw/bin/python /home/onetap/.vscode/extensions/ms-python.debugpy-2024.0.0-linux-x64/bundled/libs/debugpy/adapter/../../debugpy/launcher 52279 -- /home/onetap/Documents/MyPythonProjects/Что-то\ моё/Heaven.py 
2024-05-10 10:18:20.937 [info] Discover tests for workspace name: MyPythonProjects - uri: /home/onetap/Documents/MyPythonProjects/Что-то моё/Heaven.py
2024-05-10 10:18:21.602 [info] Send text to terminal:  cd /home/onetap/Documents/MyPythonProjects ; /usr/bin/env /run/current-system/sw/bin/python /home/onetap/.vscode/extensions/ms-python.debugpy-2024.0.0-linux-x64/bundled/libs/debugpy/adapter/../../debugpy/launcher 53325 -- /home/onetap/Documents/MyPythonProjects/Что-то\ моё/Heaven.py 
2024-05-10 10:20:47.209 [info] Discover tests for workspace name: MyPythonProjects - uri: /home/onetap/Documents/MyPythonProjects/Что-то моё/Heaven.py
2024-05-10 10:20:47.992 [info] Send text to terminal:  cd /home/onetap/Documents/MyPythonProjects ; /usr/bin/env /run/current-system/sw/bin/python /home/onetap/.vscode/extensions/ms-python.debugpy-2024.0.0-linux-x64/bundled/libs/debugpy/adapter/../../debugpy/launcher 43031 -- /home/onetap/Documents/MyPythonProjects/Что-то\ моё/Heaven.py 
2024-05-10 10:21:33.340 [info] Discover tests for workspace name: MyPythonProjects - uri: /home/onetap/Documents/MyPythonProjects/Что-то моё/Heaven.py
2024-05-10 10:21:34.391 [info] Send text to terminal:  cd /home/onetap/Documents/MyPythonProjects ; /usr/bin/env /run/current-system/sw/bin/python /home/onetap/.vscode/extensions/ms-python.debugpy-2024.0.0-linux-x64/bundled/libs/debugpy/adapter/../../debugpy/launcher 36769 -- /home/onetap/Documents/MyPythonProjects/Что-то\ моё/Heaven.py 
2024-05-10 10:22:34.979 [info] Discover tests for workspace name: MyPythonProjects - uri: /home/onetap/Documents/MyPythonProjects/Что-то моё/Heaven.py
2024-05-10 10:22:35.687 [info] Send text to terminal:  cd /home/onetap/Documents/MyPythonProjects ; /usr/bin/env /run/current-system/sw/bin/python /home/onetap/.vscode/extensions/ms-python.debugpy-2024.0.0-linux-x64/bundled/libs/debugpy/adapter/../../debugpy/launcher 32863 -- /home/onetap/Documents/MyPythonProjects/Что-то\ моё/Heaven.py 
2024-05-10 10:23:47.485 [info] Discover tests for workspace name: MyPythonProjects - uri: /home/onetap/Documents/MyPythonProjects/Что-то моё/Heaven.py
2024-05-10 10:23:48.212 [info] Send text to terminal:  cd /home/onetap/Documents/MyPythonProjects ; /usr/bin/env /run/current-system/sw/bin/python /home/onetap/.vscode/extensions/ms-python.debugpy-2024.0.0-linux-x64/bundled/libs/debugpy/adapter/../../debugpy/launcher 46593 -- /home/onetap/Documents/MyPythonProjects/Что-то\ моё/Heaven.py 
2024-05-10 10:28:33.151 [info] Discover tests for workspace name: MyPythonProjects - uri: /home/onetap/Documents/MyPythonProjects/Что-то моё/Heaven.py
2024-05-10 10:28:33.922 [info] Send text to terminal:  cd /home/onetap/Documents/MyPythonProjects ; /usr/bin/env /run/current-system/sw/bin/python /home/onetap/.vscode/extensions/ms-python.debugpy-2024.0.0-linux-x64/bundled/libs/debugpy/adapter/../../debugpy/launcher 54051 -- /home/onetap/Documents/MyPythonProjects/Что-то\ моё/Heaven.py 
2024-05-10 10:29:04.297 [info] Discover tests for workspace name: MyPythonProjects - uri: /home/onetap/Documents/MyPythonProjects/Что-то моё/Heaven.py
2024-05-10 10:29:05.063 [info] Send text to terminal:  cd /home/onetap/Documents/MyPythonProjects ; /usr/bin/env /run/current-system/sw/bin/python /home/onetap/.vscode/extensions/ms-python.debugpy-2024.0.0-linux-x64/bundled/libs/debugpy/adapter/../../debugpy/launcher 53213 -- /home/onetap/Documents/MyPythonProjects/Что-то\ моё/Heaven.py 
2024-05-10 10:30:10.310 [info] Discover tests for workspace name: MyPythonProjects - uri: /home/onetap/Documents/MyPythonProjects/Что-то моё/Heaven.py
2024-05-10 10:30:11.732 [info] Send text to terminal:  cd /home/onetap/Documents/MyPythonProjects ; /usr/bin/env /run/current-system/sw/bin/python /home/onetap/.vscode/extensions/ms-python.debugpy-2024.0.0-linux-x64/bundled/libs/debugpy/adapter/../../debugpy/launcher 41849 -- /home/onetap/Documents/MyPythonProjects/Что-то\ моё/Heaven.py 
2024-05-10 10:30:39.151 [info] Discover tests for workspace name: MyPythonProjects - uri: /home/onetap/Documents/MyPythonProjects/Что-то моё/Heaven.py
2024-05-10 10:30:40.379 [info] Send text to terminal:  cd /home/onetap/Documents/MyPythonProjects ; /usr/bin/env /run/current-system/sw/bin/python /home/onetap/.vscode/extensions/ms-python.debugpy-2024.0.0-linux-x64/bundled/libs/debugpy/adapter/../../debugpy/launcher 58195 -- /home/onetap/Documents/MyPythonProjects/Что-то\ моё/Heaven.py 
2024-05-10 10:31:14.101 [info] Discover tests for workspace name: MyPythonProjects - uri: /home/onetap/Documents/MyPythonProjects/Что-то моё/Heaven.py
2024-05-10 10:31:15.300 [info] Send text to terminal:  cd /home/onetap/Documents/MyPythonProjects ; /usr/bin/env /run/current-system/sw/bin/python /home/onetap/.vscode/extensions/ms-python.debugpy-2024.0.0-linux-x64/bundled/libs/debugpy/adapter/../../debugpy/launcher 47205 -- /home/onetap/Documents/MyPythonProjects/Что-то\ моё/Heaven.py 
2024-05-10 10:35:48.427 [info] Discover tests for workspace name: MyPythonProjects - uri: /home/onetap/Documents/MyPythonProjects/Что-то моё/Heaven.py
2024-05-10 10:35:49.445 [info] Send text to terminal:  cd /home/onetap/Documents/MyPythonProjects ; /usr/bin/env /run/current-system/sw/bin/python /home/onetap/.vscode/extensions/ms-python.debugpy-2024.0.0-linux-x64/bundled/libs/debugpy/adapter/../../debugpy/launcher 46769 -- /home/onetap/Documents/MyPythonProjects/Что-то\ моё/Heaven.py 
2024-05-10 10:36:28.344 [info] Discover tests for workspace name: MyPythonProjects - uri: /home/onetap/Documents/MyPythonProjects/Что-то моё/Heaven.py
2024-05-10 10:36:29.122 [info] Send text to terminal:  cd /home/onetap/Documents/MyPythonProjects ; /usr/bin/env /run/current-system/sw/bin/python /home/onetap/.vscode/extensions/ms-python.debugpy-2024.0.0-linux-x64/bundled/libs/debugpy/adapter/../../debugpy/launcher 40841 -- /home/onetap/Documents/MyPythonProjects/Что-то\ моё/Heaven.py 
2024-05-10 10:36:50.543 [info] Discover tests for workspace name: MyPythonProjects - uri: /home/onetap/Documents/MyPythonProjects/Что-то моё/Heaven.py
2024-05-10 10:36:51.595 [info] Send text to terminal:  cd /home/onetap/Documents/MyPythonProjects ; /usr/bin/env /run/current-system/sw/bin/python /home/onetap/.vscode/extensions/ms-python.debugpy-2024.0.0-linux-x64/bundled/libs/debugpy/adapter/../../debugpy/launcher 58059 -- /home/onetap/Documents/MyPythonProjects/Что-то\ моё/Heaven.py 
2024-05-10 10:37:23.763 [info] Discover tests for workspace name: MyPythonProjects - uri: /home/onetap/Documents/MyPythonProjects/Что-то моё/Heaven.py
2024-05-10 10:39:01.129 [info] Discover tests for workspace name: MyPythonProjects - uri: /home/onetap/Documents/MyPythonProjects/Что-то моё/Heaven.py
2024-05-10 10:39:02.411 [info] Send text to terminal:  cd /home/onetap/Documents/MyPythonProjects ; /usr/bin/env /run/current-system/sw/bin/python /home/onetap/.vscode/extensions/ms-python.debugpy-2024.0.0-linux-x64/bundled/libs/debugpy/adapter/../../debugpy/launcher 59439 -- /home/onetap/Documents/MyPythonProjects/Что-то\ моё/Heaven.py 
2024-05-10 10:39:27.303 [info] Discover tests for workspace name: MyPythonProjects - uri: /home/onetap/Documents/MyPythonProjects/Что-то моё/Heaven.py
2024-05-10 10:39:28.373 [info] Send text to terminal:  cd /home/onetap/Documents/MyPythonProjects ; /usr/bin/env /run/current-system/sw/bin/python /home/onetap/.vscode/extensions/ms-python.debugpy-2024.0.0-linux-x64/bundled/libs/debugpy/adapter/../../debugpy/launcher 60239 -- /home/onetap/Documents/MyPythonProjects/Что-то\ моё/Heaven.py 
2024-05-10 10:39:34.836 [info] Discover tests for workspace name: MyPythonProjects - uri: /home/onetap/Documents/MyPythonProjects/Что-то моё/Heaven.py
2024-05-10 10:39:35.628 [info] Send text to terminal:  cd /home/onetap/Documents/MyPythonProjects ; /usr/bin/env /run/current-system/sw/bin/python /home/onetap/.vscode/extensions/ms-python.debugpy-2024.0.0-linux-x64/bundled/libs/debugpy/adapter/../../debugpy/launcher 41399 -- /home/onetap/Documents/MyPythonProjects/Что-то\ моё/Heaven.py 
2024-05-10 10:39:48.990 [info] Discover tests for workspace name: MyPythonProjects - uri: /home/onetap/Documents/MyPythonProjects/Что-то моё/Heaven.py
2024-05-10 10:39:49.654 [info] Send text to terminal:  cd /home/onetap/Documents/MyPythonProjects ; /usr/bin/env /run/current-system/sw/bin/python /home/onetap/.vscode/extensions/ms-python.debugpy-2024.0.0-linux-x64/bundled/libs/debugpy/adapter/../../debugpy/launcher 60719 -- /home/onetap/Documents/MyPythonProjects/Что-то\ моё/Heaven.py 
2024-05-10 10:40:09.212 [info] Discover tests for workspace name: MyPythonProjects - uri: /home/onetap/Documents/MyPythonProjects/Что-то моё/Heaven.py
2024-05-10 10:40:10.071 [info] Send text to terminal:  cd /home/onetap/Documents/MyPythonProjects ; /usr/bin/env /run/current-system/sw/bin/python /home/onetap/.vscode/extensions/ms-python.debugpy-2024.0.0-linux-x64/bundled/libs/debugpy/adapter/../../debugpy/launcher 39561 -- /home/onetap/Documents/MyPythonProjects/Что-то\ моё/Heaven.py 
2024-05-10 10:40:50.122 [info] Discover tests for workspace name: MyPythonProjects - uri: /home/onetap/Documents/MyPythonProjects/Что-то моё/Heaven.py
2024-05-10 10:40:51.220 [info] Send text to terminal:  cd /home/onetap/Documents/MyPythonProjects ; /usr/bin/env /run/current-system/sw/bin/python /home/onetap/.vscode/extensions/ms-python.debugpy-2024.0.0-linux-x64/bundled/libs/debugpy/adapter/../../debugpy/launcher 58999 -- /home/onetap/Documents/MyPythonProjects/Что-то\ моё/Heaven.py 
2024-05-10 10:41:04.540 [info] Discover tests for workspace name: MyPythonProjects - uri: /home/onetap/Documents/MyPythonProjects/Что-то моё/Heaven.py
2024-05-10 10:41:05.550 [info] Send text to terminal:  cd /home/onetap/Documents/MyPythonProjects ; /usr/bin/env /run/current-system/sw/bin/python /home/onetap/.vscode/extensions/ms-python.debugpy-2024.0.0-linux-x64/bundled/libs/debugpy/adapter/../../debugpy/launcher 46277 -- /home/onetap/Documents/MyPythonProjects/Что-то\ моё/Heaven.py 
2024-05-10 10:41:18.732 [info] Discover tests for workspace name: MyPythonProjects - uri: /home/onetap/Documents/MyPythonProjects/Что-то моё/Heaven.py
2024-05-10 10:41:19.405 [info] Send text to terminal:  cd /home/onetap/Documents/MyPythonProjects ; /usr/bin/env /run/current-system/sw/bin/python /home/onetap/.vscode/extensions/ms-python.debugpy-2024.0.0-linux-x64/bundled/libs/debugpy/adapter/../../debugpy/launcher 48825 -- /home/onetap/Documents/MyPythonProjects/Что-то\ моё/Heaven.py 
2024-05-10 10:42:36.771 [info] Discover tests for workspace name: MyPythonProjects - uri: /home/onetap/Documents/MyPythonProjects/Что-то моё/Heaven.py
2024-05-10 10:42:37.469 [info] Send text to terminal:  cd /home/onetap/Documents/MyPythonProjects ; /usr/bin/env /run/current-system/sw/bin/python /home/onetap/.vscode/extensions/ms-python.debugpy-2024.0.0-linux-x64/bundled/libs/debugpy/adapter/../../debugpy/launcher 41713 -- /home/onetap/Documents/MyPythonProjects/Что-то\ моё/Heaven.py 
2024-05-10 10:42:46.098 [info] Discover tests for workspace name: MyPythonProjects - uri: /home/onetap/Documents/MyPythonProjects/Что-то моё/Heaven.py
2024-05-10 10:42:47.185 [info] Send text to terminal:  cd /home/onetap/Documents/MyPythonProjects ; /usr/bin/env /run/current-system/sw/bin/python /home/onetap/.vscode/extensions/ms-python.debugpy-2024.0.0-linux-x64/bundled/libs/debugpy/adapter/../../debugpy/launcher 59317 -- /home/onetap/Documents/MyPythonProjects/Что-то\ моё/Heaven.py 
2024-05-10 10:43:56.571 [info] Discover tests for workspace name: MyPythonProjects - uri: /home/onetap/Documents/MyPythonProjects/Что-то моё/Heaven.py
2024-05-10 10:43:57.198 [info] Send text to terminal:  cd /home/onetap/Documents/MyPythonProjects ; /usr/bin/env /run/current-system/sw/bin/python /home/onetap/.vscode/extensions/ms-python.debugpy-2024.0.0-linux-x64/bundled/libs/debugpy/adapter/../../debugpy/launcher 33987 -- /home/onetap/Documents/MyPythonProjects/Что-то\ моё/Heaven.py 
2024-05-10 10:44:15.564 [info] Discover tests for workspace name: MyPythonProjects - uri: /home/onetap/Documents/MyPythonProjects/Что-то моё/Heaven.py
2024-05-10 10:44:16.661 [info] Send text to terminal:  cd /home/onetap/Documents/MyPythonProjects ; /usr/bin/env /run/current-system/sw/bin/python /home/onetap/.vscode/extensions/ms-python.debugpy-2024.0.0-linux-x64/bundled/libs/debugpy/adapter/../../debugpy/launcher 41633 -- /home/onetap/Documents/MyPythonProjects/Что-то\ моё/Heaven.py 
2024-05-10 10:44:29.059 [info] Discover tests for workspace name: MyPythonProjects - uri: /home/onetap/Documents/MyPythonProjects/Что-то моё/Heaven.py
2024-05-10 10:44:30.207 [info] Send text to terminal:  cd /home/onetap/Documents/MyPythonProjects ; /usr/bin/env /run/current-system/sw/bin/python /home/onetap/.vscode/extensions/ms-python.debugpy-2024.0.0-linux-x64/bundled/libs/debugpy/adapter/../../debugpy/launcher 39755 -- /home/onetap/Documents/MyPythonProjects/Что-то\ моё/Heaven.py 
2024-05-10 10:45:26.625 [info] Discover tests for workspace name: MyPythonProjects - uri: /home/onetap/Documents/MyPythonProjects/Что-то моё/Heaven.py
2024-05-10 10:45:57.035 [info] Discover tests for workspace name: undefined - uri: /home/onetap/.config/Code/User/settings.json
2024-05-10 10:53:00.173 [info] Discover tests for workspace name: MyPythonProjects - uri: /home/onetap/Documents/MyPythonProjects/Что-то моё/Heaven.py
2024-05-10 10:53:00.741 [info] Send text to terminal:  cd /home/onetap/Documents/MyPythonProjects ; /usr/bin/env /run/current-system/sw/bin/python /home/onetap/.vscode/extensions/ms-python.debugpy-2024.0.0-linux-x64/bundled/libs/debugpy/adapter/../../debugpy/launcher 50577 -- /home/onetap/Documents/MyPythonProjects/Что-то\ моё/Heaven.py 
2024-05-10 10:53:23.192 [info] Discover tests for workspace name: MyPythonProjects - uri: /home/onetap/Documents/MyPythonProjects/Что-то моё/Heaven.py
2024-05-10 10:53:23.872 [info] Send text to terminal:  cd /home/onetap/Documents/MyPythonProjects ; /usr/bin/env /run/current-system/sw/bin/python /home/onetap/.vscode/extensions/ms-python.debugpy-2024.0.0-linux-x64/bundled/libs/debugpy/adapter/../../debugpy/launcher 57077 -- /home/onetap/Documents/MyPythonProjects/Что-то\ моё/Heaven.py 
2024-05-10 10:54:29.292 [info] Discover tests for workspace name: MyPythonProjects - uri: /home/onetap/Documents/MyPythonProjects/Что-то моё/Heaven.py
2024-05-10 10:54:29.809 [info] Send text to terminal:  cd /home/onetap/Documents/MyPythonProjects ; /usr/bin/env /run/current-system/sw/bin/python /home/onetap/.vscode/extensions/ms-python.debugpy-2024.0.0-linux-x64/bundled/libs/debugpy/adapter/../../debugpy/launcher 34587 -- /home/onetap/Documents/MyPythonProjects/Что-то\ моё/Heaven.py 
2024-05-10 10:58:35.488 [info] Discover tests for workspace name: MyPythonProjects - uri: /home/onetap/Documents/MyPythonProjects/Что-то моё/Heaven.py
2024-05-10 10:58:36.039 [info] Send text to terminal:  cd /home/onetap/Documents/MyPythonProjects ; /usr/bin/env /run/current-system/sw/bin/python /home/onetap/.vscode/extensions/ms-python.debugpy-2024.0.0-linux-x64/bundled/libs/debugpy/adapter/../../debugpy/launcher 43123 -- /home/onetap/Documents/MyPythonProjects/Что-то\ моё/Heaven.py 
2024-05-10 10:59:28.092 [info] Discover tests for workspace name: MyPythonProjects - uri: /home/onetap/Documents/MyPythonProjects/Что-то моё/Heaven.py
2024-05-10 10:59:28.838 [info] Send text to terminal:  cd /home/onetap/Documents/MyPythonProjects ; /usr/bin/env /run/current-system/sw/bin/python /home/onetap/.vscode/extensions/ms-python.debugpy-2024.0.0-linux-x64/bundled/libs/debugpy/adapter/../../debugpy/launcher 53941 -- /home/onetap/Documents/MyPythonProjects/Что-то\ моё/Heaven.py 
2024-05-10 10:59:48.562 [info] Discover tests for workspace name: MyPythonProjects - uri: /home/onetap/Documents/MyPythonProjects/Что-то моё/Heaven.py
2024-05-10 10:59:49.784 [info] Send text to terminal:  cd /home/onetap/Documents/MyPythonProjects ; /usr/bin/env /run/current-system/sw/bin/python /home/onetap/.vscode/extensions/ms-python.debugpy-2024.0.0-linux-x64/bundled/libs/debugpy/adapter/../../debugpy/launcher 50791 -- /home/onetap/Documents/MyPythonProjects/Что-то\ моё/Heaven.py 
2024-05-10 11:01:28.802 [info] Discover tests for workspace name: MyPythonProjects - uri: /home/onetap/Documents/MyPythonProjects/Что-то моё/Heaven.py
2024-05-10 11:01:29.447 [info] Send text to terminal:  cd /home/onetap/Documents/MyPythonProjects ; /usr/bin/env /run/current-system/sw/bin/python /home/onetap/.vscode/extensions/ms-python.debugpy-2024.0.0-linux-x64/bundled/libs/debugpy/adapter/../../debugpy/launcher 46145 -- /home/onetap/Documents/MyPythonProjects/Что-то\ моё/Heaven.py 
2024-05-10 11:03:03.130 [info] Discover tests for workspace name: MyPythonProjects - uri: /home/onetap/Documents/MyPythonProjects/Что-то моё/Heaven.py
2024-05-10 11:03:04.113 [info] Send text to terminal:  cd /home/onetap/Documents/MyPythonProjects ; /usr/bin/env /run/current-system/sw/bin/python /home/onetap/.vscode/extensions/ms-python.debugpy-2024.0.0-linux-x64/bundled/libs/debugpy/adapter/../../debugpy/launcher 48001 -- /home/onetap/Documents/MyPythonProjects/Что-то\ моё/Heaven.py 
2024-05-10 11:03:31.825 [info] Discover tests for workspace name: MyPythonProjects - uri: /home/onetap/Documents/MyPythonProjects/Что-то моё/Heaven.py
2024-05-10 11:03:36.661 [info] Send text to terminal:  cd /home/onetap/Documents/MyPythonProjects ; /usr/bin/env /run/current-system/sw/bin/python /home/onetap/.vscode/extensions/ms-python.debugpy-2024.0.0-linux-x64/bundled/libs/debugpy/adapter/../../debugpy/launcher 60617 -- /home/onetap/Documents/MyPythonProjects/Что-то\ моё/Heaven.py 
2024-05-10 11:04:19.171 [info] Discover tests for workspace name: MyPythonProjects - uri: /home/onetap/Documents/MyPythonProjects/Что-то моё/Heaven.py
2024-05-10 11:04:19.710 [info] Send text to terminal:  cd /home/onetap/Documents/MyPythonProjects ; /usr/bin/env /run/current-system/sw/bin/python /home/onetap/.vscode/extensions/ms-python.debugpy-2024.0.0-linux-x64/bundled/libs/debugpy/adapter/../../debugpy/launcher 43371 -- /home/onetap/Documents/MyPythonProjects/Что-то\ моё/Heaven.py 
2024-05-10 11:04:30.400 [info] Send text to terminal:  cd /home/onetap/Documents/MyPythonProjects ; /usr/bin/env /run/current-system/sw/bin/python /home/onetap/.vscode/extensions/ms-python.debugpy-2024.0.0-linux-x64/bundled/libs/debugpy/adapter/../../debugpy/launcher 50285 -- /home/onetap/Documents/MyPythonProjects/Что-то\ моё/Heaven.py 
2024-05-10 11:05:00.499 [info] Discover tests for workspace name: MyPythonProjects - uri: /home/onetap/Documents/MyPythonProjects/Что-то моё/Heaven.py
2024-05-10 11:05:46.906 [info] Discover tests for workspace name: MyPythonProjects - uri: /home/onetap/Documents/MyPythonProjects/Что-то моё/Heaven.py
2024-05-10 11:05:47.481 [info] Send text to terminal:  cd /home/onetap/Documents/MyPythonProjects ; /usr/bin/env /run/current-system/sw/bin/python /home/onetap/.vscode/extensions/ms-python.debugpy-2024.0.0-linux-x64/bundled/libs/debugpy/adapter/../../debugpy/launcher 56157 -- /home/onetap/Documents/MyPythonProjects/Что-то\ моё/Heaven.py 
2024-05-10 11:07:18.493 [info] Discover tests for workspace name: MyPythonProjects - uri: /home/onetap/Documents/MyPythonProjects/Что-то моё/Heaven.py
2024-05-10 11:07:19.076 [info] Send text to terminal:  cd /home/onetap/Documents/MyPythonProjects ; /usr/bin/env /run/current-system/sw/bin/python /home/onetap/.vscode/extensions/ms-python.debugpy-2024.0.0-linux-x64/bundled/libs/debugpy/adapter/../../debugpy/launcher 56675 -- /home/onetap/Documents/MyPythonProjects/Что-то\ моё/Heaven.py 
2024-05-10 11:07:57.050 [info] Discover tests for workspace name: MyPythonProjects - uri: /home/onetap/Documents/MyPythonProjects/Что-то моё/Heaven.py
2024-05-10 11:07:57.641 [info] Send text to terminal:  cd /home/onetap/Documents/MyPythonProjects ; /usr/bin/env /run/current-system/sw/bin/python /home/onetap/.vscode/extensions/ms-python.debugpy-2024.0.0-linux-x64/bundled/libs/debugpy/adapter/../../debugpy/launcher 38291 -- /home/onetap/Documents/MyPythonProjects/Что-то\ моё/Heaven.py 
2024-05-10 11:08:58.910 [info] Discover tests for workspace name: MyPythonProjects - uri: /home/onetap/Documents/MyPythonProjects/Что-то моё/Heaven.py
